CBMC version 5.6 64-bit x86_64 linux
Parsing /home/dell/zyworkspace/nichecker/Experiment/Testrealpro/brake2/_mt_main_result/_cs_test_global_var1_rwr_mt_main.c
<command-line>: warning: "__STDC_VERSION__" redefined
<built-in>: note: this is the location of the previous definition
Converting
Type-checking _cs_test_global_var1_rwr_mt_main
file /home/dell/zyworkspace/nichecker/Experiment/Testrealpro/brake2/_mt_main_result/_cs_test_global_var1_rwr_mt_main.c line 430 function main_task_0: function `disable_isr' is not declared
file /home/dell/zyworkspace/nichecker/Experiment/Testrealpro/brake2/_mt_main_result/_cs_test_global_var1_rwr_mt_main.c line 450 function main_task_0: function `enable_isr' is not declared
file /home/dell/zyworkspace/nichecker/Experiment/Testrealpro/brake2/_mt_main_result/_cs_test_global_var1_rwr_mt_main.c line 593 function task_RR_Wheel_isr_0: function `assert' is not declared
Generating GOTO Program
Adding CPROVER library (x86_64)
Removal of function pointers and virtual functions
Partial Inlining
Generic Property Instrumentation
Starting Bounded Model Checking
**** WARNING: no body for function disable_isr
**** WARNING: no body for function enable_isr
size of program expression: 1125 steps
simple slicing removed 272 assignments
Generated 3 VCC(s), 3 remaining after simplification
Passing problem to propositional reduction
converting SSA
Running propositional reduction
Post-processing
Solving with MiniSAT 2.2.1 with simplifier
3971 variables, 9244 clauses
SAT checker: instance is SATISFIABLE
Solving with MiniSAT 2.2.1 with simplifier
3971 variables, 65 clauses
SAT checker inconsistent: instance is UNSATISFIABLE
Runtime decision procedure: 0.069s

** Results:
[task_RR_Wheel_isr_0.assertion.1] assertion rwr_r1 == rwr_tmp3: SUCCESS
[task_RR_Wheel_isr_0.assertion.2] assertion rwr_r2 == rwr_tmp3: FAILURE

Trace for task_RR_Wheel_isr_0.assertion.2:

State 126 file /home/dell/zyworkspace/nichecker/Experiment/Testrealpro/brake2/_mt_main_result/_cs_test_global_var1_rwr_mt_main.c line 634 function main thread 0
----------------------------------------------------
  __cs_tmp_t1_r0=3 (11)

State 128 file /home/dell/zyworkspace/nichecker/Experiment/Testrealpro/brake2/_mt_main_result/_cs_test_global_var1_rwr_mt_main.c line 638 function main thread 0
----------------------------------------------------
  __cs_thread_index=1 (001)

State 129 file /home/dell/zyworkspace/nichecker/Experiment/Testrealpro/brake2/_mt_main_result/_cs_test_global_var1_rwr_mt_main.c line 640 function main thread 0
----------------------------------------------------
  __cs_pc_cs[1l]=3 (11)

State 134 file /home/dell/zyworkspace/nichecker/Experiment/Testrealpro/brake2/_mt_main_result/_cs_test_global_var1_rwr_mt_main.c line 646 function main thread 0
----------------------------------------------------
  __cs_param_main_task_arg=NULL (0000000000000000000000000000000000000000000000000000000000000000)

State 139 file /home/dell/zyworkspace/nichecker/Experiment/Testrealpro/brake2/_mt_main_result/_cs_test_global_var1_rwr_mt_main.c line 432 function main_task_0 thread 0
----------------------------------------------------
  __cs_disable_thread[3l]=1 (1)

State 140 file /home/dell/zyworkspace/nichecker/Experiment/Testrealpro/brake2/_mt_main_result/_cs_test_global_var1_rwr_mt_main.c line 435 function main_task_0 thread 0
----------------------------------------------------
  __cs_disable_thread[2l]=1 (1)

State 141 file /home/dell/zyworkspace/nichecker/Experiment/Testrealpro/brake2/_mt_main_result/_cs_test_global_var1_rwr_mt_main.c line 438 function main_task_0 thread 0
----------------------------------------------------
  __cs_disable_thread[4l]=1 (1)

State 142 file /home/dell/zyworkspace/nichecker/Experiment/Testrealpro/brake2/_mt_main_result/_cs_test_global_var1_rwr_mt_main.c line 441 function main_task_0 thread 0
----------------------------------------------------
  __cs_disable_thread[0l]=1 (1)

State 143 file /home/dell/zyworkspace/nichecker/Experiment/Testrealpro/brake2/_mt_main_result/_cs_test_global_var1_rwr_mt_main.c line 445 function main_task_0 thread 0
----------------------------------------------------
  test_global_var1=0 (00000000000000000000000000000000)

State 148 file /home/dell/zyworkspace/nichecker/Experiment/Testrealpro/brake2/_mt_main_result/_cs_test_global_var1_rwr_mt_main.c line 452 function main_task_0 thread 0
----------------------------------------------------
  __cs_disable_thread[3l]=0 (0)

State 149 file /home/dell/zyworkspace/nichecker/Experiment/Testrealpro/brake2/_mt_main_result/_cs_test_global_var1_rwr_mt_main.c line 455 function main_task_0 thread 0
----------------------------------------------------
  __cs_disable_thread[2l]=0 (0)

State 150 file /home/dell/zyworkspace/nichecker/Experiment/Testrealpro/brake2/_mt_main_result/_cs_test_global_var1_rwr_mt_main.c line 458 function main_task_0 thread 0
----------------------------------------------------
  __cs_disable_thread[4l]=0 (0)

State 151 file /home/dell/zyworkspace/nichecker/Experiment/Testrealpro/brake2/_mt_main_result/_cs_test_global_var1_rwr_mt_main.c line 461 function main_task_0 thread 0
----------------------------------------------------
  __cs_disable_thread[0l]=0 (0)

State 156 file /home/dell/zyworkspace/nichecker/Experiment/Testrealpro/brake2/_mt_main_result/_cs_test_global_var1_rwr_mt_main.c line 483 function main_task_0 thread 0
----------------------------------------------------
  __cs_value_ptr=NULL (0000000000000000000000000000000000000000000000000000000000000000)

State 161 file /home/dell/zyworkspace/nichecker/Experiment/Testrealpro/brake2/_mt_main_result/_cs_test_global_var1_rwr_mt_main.c line 648 function main thread 0
----------------------------------------------------
  __cs_pc[1l]=3 (11)

State 162 file /home/dell/zyworkspace/nichecker/Experiment/Testrealpro/brake2/_mt_main_result/_cs_test_global_var1_rwr_mt_main.c line 654 function main thread 0
----------------------------------------------------
  __cs_tmp_t2_r0=0 (0)

State 164 file /home/dell/zyworkspace/nichecker/Experiment/Testrealpro/brake2/_mt_main_result/_cs_test_global_var1_rwr_mt_main.c line 659 function main thread 0
----------------------------------------------------
  __cs_thread_index=2 (010)

State 165 file /home/dell/zyworkspace/nichecker/Experiment/Testrealpro/brake2/_mt_main_result/_cs_test_global_var1_rwr_mt_main.c line 661 function main thread 0
----------------------------------------------------
  __cs_pc_cs[2l]=0 (00)

State 170 file /home/dell/zyworkspace/nichecker/Experiment/Testrealpro/brake2/_mt_main_result/_cs_test_global_var1_rwr_mt_main.c line 667 function main thread 0
----------------------------------------------------
  __cs_param_task_compute_isr_arg=NULL (0000000000000000000000000000000000000000000000000000000000000000)

State 174 file /home/dell/zyworkspace/nichecker/Experiment/Testrealpro/brake2/_mt_main_result/_cs_test_global_var1_rwr_mt_main.c line 421 function task_compute_isr_0 thread 0
----------------------------------------------------
  __cs_value_ptr=NULL (0000000000000000000000000000000000000000000000000000000000000000)

State 179 file /home/dell/zyworkspace/nichecker/Experiment/Testrealpro/brake2/_mt_main_result/_cs_test_global_var1_rwr_mt_main.c line 669 function main thread 0
----------------------------------------------------
  __cs_pc[2l]=0 (00)

State 180 file /home/dell/zyworkspace/nichecker/Experiment/Testrealpro/brake2/_mt_main_result/_cs_test_global_var1_rwr_mt_main.c line 675 function main thread 0
----------------------------------------------------
  __cs_tmp_t3_r0=1 (01)

State 187 file /home/dell/zyworkspace/nichecker/Experiment/Testrealpro/brake2/_mt_main_result/_cs_test_global_var1_rwr_mt_main.c line 680 function main thread 0
----------------------------------------------------
  __cs_thread_index=3 (011)

State 188 file /home/dell/zyworkspace/nichecker/Experiment/Testrealpro/brake2/_mt_main_result/_cs_test_global_var1_rwr_mt_main.c line 682 function main thread 0
----------------------------------------------------
  __cs_pc_cs[3l]=1 (01)

State 193 file /home/dell/zyworkspace/nichecker/Experiment/Testrealpro/brake2/_mt_main_result/_cs_test_global_var1_rwr_mt_main.c line 688 function main thread 0
----------------------------------------------------
  __cs_param_task_RR_Wheel_isr_arg=NULL (0000000000000000000000000000000000000000000000000000000000000000)

State 195 file /home/dell/zyworkspace/nichecker/Experiment/Testrealpro/brake2/_mt_main_result/_cs_test_global_var1_rwr_mt_main.c line 494 function task_RR_Wheel_isr_0 thread 0
----------------------------------------------------
  __cs_local_task_RR_Wheel_isr_rtb_to_int=0 (00000000000000000000000000000000)

State 196 file /home/dell/zyworkspace/nichecker/Experiment/Testrealpro/brake2/_mt_main_result/_cs_test_global_var1_rwr_mt_main.c line 497 function task_RR_Wheel_isr_0 thread 0
----------------------------------------------------
  __cs_local_task_RR_Wheel_isr_rtb_RelationalOperator=0 (00000000000000000000000000000000)

State 197 file /home/dell/zyworkspace/nichecker/Experiment/Testrealpro/brake2/_mt_main_result/_cs_test_global_var1_rwr_mt_main.c line 500 function task_RR_Wheel_isr_0 thread 0
----------------------------------------------------
  __cs_local_task_RR_Wheel_isr_rtb_vms=184313 (00000000000000101100111111111001)

State 198 file /home/dell/zyworkspace/nichecker/Experiment/Testrealpro/brake2/_mt_main_result/_cs_test_global_var1_rwr_mt_main.c line 503 function task_RR_Wheel_isr_0 thread 0
----------------------------------------------------
  __cs_local_task_RR_Wheel_isr_u=101 (00000000000000000000000001100101)

State 199 file /home/dell/zyworkspace/nichecker/Experiment/Testrealpro/brake2/_mt_main_result/_cs_test_global_var1_rwr_mt_main.c line 506 function task_RR_Wheel_isr_0 thread 0
----------------------------------------------------
  __cs_local_task_RR_Wheel_isr_positive_UpperSat_local=100 (00000000000000000000000001100100)

State 200 file /home/dell/zyworkspace/nichecker/Experiment/Testrealpro/brake2/_mt_main_result/_cs_test_global_var1_rwr_mt_main.c line 510 function task_RR_Wheel_isr_0 thread 0
----------------------------------------------------
  __cs_local_task_RR_Wheel_isr___cs_tmp_if_cond_6=TRUE (00000001)

State 202 file /home/dell/zyworkspace/nichecker/Experiment/Testrealpro/brake2/_mt_main_result/_cs_test_global_var1_rwr_mt_main.c line 528 function task_RR_Wheel_isr_0 thread 0
----------------------------------------------------
  __cs_local_task_RR_Wheel_isr_tmp0=10 (00000000000000000000000000001010)

State 203 file /home/dell/zyworkspace/nichecker/Experiment/Testrealpro/brake2/_mt_main_result/_cs_test_global_var1_rwr_mt_main.c line 531 function task_RR_Wheel_isr_0 thread 0
----------------------------------------------------
  __cs_local_task_RR_Wheel_isr_tmp1=184323 (00000000000000101101000000000011)

State 204 file /home/dell/zyworkspace/nichecker/Experiment/Testrealpro/brake2/_mt_main_result/_cs_test_global_var1_rwr_mt_main.c line 535 function task_RR_Wheel_isr_0 thread 0
----------------------------------------------------
  __cs_local_task_RR_Wheel_isr___cs_tmp_if_cond_7=FALSE (00000000)

State 206 file /home/dell/zyworkspace/nichecker/Experiment/Testrealpro/brake2/_mt_main_result/_cs_test_global_var1_rwr_mt_main.c line 550 function task_RR_Wheel_isr_0 thread 0
----------------------------------------------------
  __cs_local_task_RR_Wheel_isr_Threshold_10kmh_Threshold_local=100 (00000000000000000000000001100100)

State 207 file /home/dell/zyworkspace/nichecker/Experiment/Testrealpro/brake2/_mt_main_result/_cs_test_global_var1_rwr_mt_main.c line 554 function task_RR_Wheel_isr_0 thread 0
----------------------------------------------------
  __cs_local_task_RR_Wheel_isr___cs_tmp_if_cond_8=FALSE (00000000)

State 209 file /home/dell/zyworkspace/nichecker/Experiment/Testrealpro/brake2/_mt_main_result/_cs_test_global_var1_rwr_mt_main.c line 587 function task_RR_Wheel_isr_0 thread 0
----------------------------------------------------
  test_global_var1=0 (00000000000000000000000000000000)

State 210 file /home/dell/zyworkspace/nichecker/Experiment/Testrealpro/brake2/_mt_main_result/_cs_test_global_var1_rwr_mt_main.c line 589 function task_RR_Wheel_isr_0 thread 0
----------------------------------------------------
  __cs_local_task_RR_Wheel_isr_reader1=0 (00000000000000000000000000000000)

State 211 file /home/dell/zyworkspace/nichecker/Experiment/Testrealpro/brake2/_mt_main_result/_cs_test_global_var1_rwr_mt_main.c line 591 function task_RR_Wheel_isr_0 thread 0
----------------------------------------------------
  rwr_r1=0 (00000000000000000000000000000000)

State 213 file /home/dell/zyworkspace/nichecker/Experiment/Testrealpro/brake2/_mt_main_result/_cs_test_global_var1_rwr_mt_main.c line 595 function task_RR_Wheel_isr_0 thread 0
----------------------------------------------------
  rwr_tmp3_num=1 (00000000000000000000000000000001)

State 214 file /home/dell/zyworkspace/nichecker/Experiment/Testrealpro/brake2/_mt_main_result/_cs_test_global_var1_rwr_mt_main.c line 596 function task_RR_Wheel_isr_0 thread 0
----------------------------------------------------
  rwr_tmp3=0 (00000000000000000000000000000000)

State 219 file /home/dell/zyworkspace/nichecker/Experiment/Testrealpro/brake2/_mt_main_result/_cs_test_global_var1_rwr_mt_main.c line 622 function task_RR_Wheel_isr_0 thread 0
----------------------------------------------------
  __cs_value_ptr=NULL (0000000000000000000000000000000000000000000000000000000000000000)

State 224 file /home/dell/zyworkspace/nichecker/Experiment/Testrealpro/brake2/_mt_main_result/_cs_test_global_var1_rwr_mt_main.c line 690 function main thread 0
----------------------------------------------------
  __cs_pc[3l]=1 (01)

State 225 file /home/dell/zyworkspace/nichecker/Experiment/Testrealpro/brake2/_mt_main_result/_cs_test_global_var1_rwr_mt_main.c line 696 function main thread 0
----------------------------------------------------
  __cs_tmp_t4_r0=0 (0)

State 231 file /home/dell/zyworkspace/nichecker/Experiment/Testrealpro/brake2/_mt_main_result/_cs_test_global_var1_rwr_mt_main.c line 721 function main thread 0
----------------------------------------------------
  __cs_tmp_t1_r1=0 (00)

State 237 file /home/dell/zyworkspace/nichecker/Experiment/Testrealpro/brake2/_mt_main_result/_cs_test_global_var1_rwr_mt_main.c line 742 function main thread 0
----------------------------------------------------
  __cs_tmp_t2_r1=1 (1)

State 239 file /home/dell/zyworkspace/nichecker/Experiment/Testrealpro/brake2/_mt_main_result/_cs_test_global_var1_rwr_mt_main.c line 747 function main thread 0
----------------------------------------------------
  __cs_thread_index=2 (010)

State 240 file /home/dell/zyworkspace/nichecker/Experiment/Testrealpro/brake2/_mt_main_result/_cs_test_global_var1_rwr_mt_main.c line 749 function main thread 0
----------------------------------------------------
  __cs_pc_cs[2l]=1 (01)

State 245 file /home/dell/zyworkspace/nichecker/Experiment/Testrealpro/brake2/_mt_main_result/_cs_test_global_var1_rwr_mt_main.c line 755 function main thread 0
----------------------------------------------------
  __cs_param_task_compute_isr_arg=NULL (0000000000000000000000000000000000000000000000000000000000000000)

State 247 file /home/dell/zyworkspace/nichecker/Experiment/Testrealpro/brake2/_mt_main_result/_cs_test_global_var1_rwr_mt_main.c line 407 function task_compute_isr_0 thread 0
----------------------------------------------------
  test_global_var1=1 (00000000000000000000000000000001)

State 248 file /home/dell/zyworkspace/nichecker/Experiment/Testrealpro/brake2/_mt_main_result/_cs_test_global_var1_rwr_mt_main.c line 410 function task_compute_isr_0 thread 0
----------------------------------------------------
  __cs_local_task_compute_isr_reader=0 (00000000000000000000000000000000)

State 252 file /home/dell/zyworkspace/nichecker/Experiment/Testrealpro/brake2/_mt_main_result/_cs_test_global_var1_rwr_mt_main.c line 421 function task_compute_isr_0 thread 0
----------------------------------------------------
  __cs_value_ptr=NULL (0000000000000000000000000000000000000000000000000000000000000000)

State 257 file /home/dell/zyworkspace/nichecker/Experiment/Testrealpro/brake2/_mt_main_result/_cs_test_global_var1_rwr_mt_main.c line 757 function main thread 0
----------------------------------------------------
  __cs_pc[2l]=1 (01)

State 258 file /home/dell/zyworkspace/nichecker/Experiment/Testrealpro/brake2/_mt_main_result/_cs_test_global_var1_rwr_mt_main.c line 763 function main thread 0
----------------------------------------------------
  __cs_tmp_t3_r1=2 (10)

State 265 file /home/dell/zyworkspace/nichecker/Experiment/Testrealpro/brake2/_mt_main_result/_cs_test_global_var1_rwr_mt_main.c line 768 function main thread 0
----------------------------------------------------
  __cs_thread_index=3 (011)

State 266 file /home/dell/zyworkspace/nichecker/Experiment/Testrealpro/brake2/_mt_main_result/_cs_test_global_var1_rwr_mt_main.c line 770 function main thread 0
----------------------------------------------------
  __cs_pc_cs[3l]=2 (10)

State 271 file /home/dell/zyworkspace/nichecker/Experiment/Testrealpro/brake2/_mt_main_result/_cs_test_global_var1_rwr_mt_main.c line 776 function main thread 0
----------------------------------------------------
  __cs_param_task_RR_Wheel_isr_arg=NULL (0000000000000000000000000000000000000000000000000000000000000000)

State 274 file /home/dell/zyworkspace/nichecker/Experiment/Testrealpro/brake2/_mt_main_result/_cs_test_global_var1_rwr_mt_main.c line 601 function task_RR_Wheel_isr_0 thread 0
----------------------------------------------------
  __cs_local_task_RR_Wheel_isr_reader2=1 (00000000000000000000000000000001)

State 275 file /home/dell/zyworkspace/nichecker/Experiment/Testrealpro/brake2/_mt_main_result/_cs_test_global_var1_rwr_mt_main.c line 603 function task_RR_Wheel_isr_0 thread 0
----------------------------------------------------
  rwr_r2=1 (00000000000000000000000000000001)

Violated property:
  file /home/dell/zyworkspace/nichecker/Experiment/Testrealpro/brake2/_mt_main_result/_cs_test_global_var1_rwr_mt_main.c line 605 function task_RR_Wheel_isr_0
  assertion rwr_r2 == rwr_tmp3
  rwr_r2 == rwr_tmp3


** 1 of 2 failed (2 iterations)
VERIFICATION FAILED
