CBMC version 5.6 64-bit x86_64 linux
Parsing /home/dell/zyworkspace/nichecker/Experiment/Testrealpro/brake2/_mt_main_result/_cs_test_global_var1_wwr_mt_main.c
<command-line>: warning: "__STDC_VERSION__" redefined
<built-in>: note: this is the location of the previous definition
Converting
Type-checking _cs_test_global_var1_wwr_mt_main
file /home/dell/zyworkspace/nichecker/Experiment/Testrealpro/brake2/_mt_main_result/_cs_test_global_var1_wwr_mt_main.c line 429 function main_task_0: function `disable_isr' is not declared
file /home/dell/zyworkspace/nichecker/Experiment/Testrealpro/brake2/_mt_main_result/_cs_test_global_var1_wwr_mt_main.c line 453 function main_task_0: function `enable_isr' is not declared
file /home/dell/zyworkspace/nichecker/Experiment/Testrealpro/brake2/_mt_main_result/_cs_test_global_var1_wwr_mt_main.c line 602 function task_RR_Wheel_isr_0: function `assert' is not declared
Generating GOTO Program
Adding CPROVER library (x86_64)
Removal of function pointers and virtual functions
Partial Inlining
Generic Property Instrumentation
Starting Bounded Model Checking
**** WARNING: no body for function disable_isr
**** WARNING: no body for function enable_isr
size of program expression: 1143 steps
simple slicing removed 275 assignments
Generated 4 VCC(s), 4 remaining after simplification
Passing problem to propositional reduction
converting SSA
Running propositional reduction
Post-processing
Solving with MiniSAT 2.2.1 with simplifier
3982 variables, 9278 clauses
SAT checker: instance is SATISFIABLE
Solving with MiniSAT 2.2.1 with simplifier
3982 variables, 0 clauses
SAT checker inconsistent: instance is UNSATISFIABLE
Runtime decision procedure: 0.069s

** Results:
[task_RR_Wheel_isr_0.assertion.1] assertion wwr_r1 == wwr_w_tmp3: FAILURE
[task_RR_Wheel_isr_0.assertion.2] assertion wwr_r1 == wwr_w_tmp3: SUCCESS

Trace for task_RR_Wheel_isr_0.assertion.1:

State 125 file /home/dell/zyworkspace/nichecker/Experiment/Testrealpro/brake2/_mt_main_result/_cs_test_global_var1_wwr_mt_main.c line 637 function main thread 0
----------------------------------------------------
  __cs_tmp_t1_r0=2 (10)

State 127 file /home/dell/zyworkspace/nichecker/Experiment/Testrealpro/brake2/_mt_main_result/_cs_test_global_var1_wwr_mt_main.c line 641 function main thread 0
----------------------------------------------------
  __cs_thread_index=1 (001)

State 128 file /home/dell/zyworkspace/nichecker/Experiment/Testrealpro/brake2/_mt_main_result/_cs_test_global_var1_wwr_mt_main.c line 643 function main thread 0
----------------------------------------------------
  __cs_pc_cs[1l]=2 (10)

State 133 file /home/dell/zyworkspace/nichecker/Experiment/Testrealpro/brake2/_mt_main_result/_cs_test_global_var1_wwr_mt_main.c line 649 function main thread 0
----------------------------------------------------
  __cs_param_main_task_arg=NULL (0000000000000000000000000000000000000000000000000000000000000000)

State 138 file /home/dell/zyworkspace/nichecker/Experiment/Testrealpro/brake2/_mt_main_result/_cs_test_global_var1_wwr_mt_main.c line 431 function main_task_0 thread 0
----------------------------------------------------
  __cs_disable_thread[3l]=1 (1)

State 139 file /home/dell/zyworkspace/nichecker/Experiment/Testrealpro/brake2/_mt_main_result/_cs_test_global_var1_wwr_mt_main.c line 434 function main_task_0 thread 0
----------------------------------------------------
  __cs_disable_thread[2l]=1 (1)

State 140 file /home/dell/zyworkspace/nichecker/Experiment/Testrealpro/brake2/_mt_main_result/_cs_test_global_var1_wwr_mt_main.c line 437 function main_task_0 thread 0
----------------------------------------------------
  __cs_disable_thread[4l]=1 (1)

State 141 file /home/dell/zyworkspace/nichecker/Experiment/Testrealpro/brake2/_mt_main_result/_cs_test_global_var1_wwr_mt_main.c line 440 function main_task_0 thread 0
----------------------------------------------------
  __cs_disable_thread[0l]=1 (1)

State 142 file /home/dell/zyworkspace/nichecker/Experiment/Testrealpro/brake2/_mt_main_result/_cs_test_global_var1_wwr_mt_main.c line 444 function main_task_0 thread 0
----------------------------------------------------
  test_global_var1=0 (00000000000000000000000000000000)

State 143 file /home/dell/zyworkspace/nichecker/Experiment/Testrealpro/brake2/_mt_main_result/_cs_test_global_var1_wwr_mt_main.c line 446 function main_task_0 thread 0
----------------------------------------------------
  wwr_w_tmp1_num=1 (00000000000000000000000000000001)

State 144 file /home/dell/zyworkspace/nichecker/Experiment/Testrealpro/brake2/_mt_main_result/_cs_test_global_var1_wwr_mt_main.c line 447 function main_task_0 thread 0
----------------------------------------------------
  wwr_w_tmp1=0 (00000000000000000000000000000000)

State 149 file /home/dell/zyworkspace/nichecker/Experiment/Testrealpro/brake2/_mt_main_result/_cs_test_global_var1_wwr_mt_main.c line 455 function main_task_0 thread 0
----------------------------------------------------
  __cs_disable_thread[3l]=0 (0)

State 150 file /home/dell/zyworkspace/nichecker/Experiment/Testrealpro/brake2/_mt_main_result/_cs_test_global_var1_wwr_mt_main.c line 458 function main_task_0 thread 0
----------------------------------------------------
  __cs_disable_thread[2l]=0 (0)

State 151 file /home/dell/zyworkspace/nichecker/Experiment/Testrealpro/brake2/_mt_main_result/_cs_test_global_var1_wwr_mt_main.c line 461 function main_task_0 thread 0
----------------------------------------------------
  __cs_disable_thread[4l]=0 (0)

State 152 file /home/dell/zyworkspace/nichecker/Experiment/Testrealpro/brake2/_mt_main_result/_cs_test_global_var1_wwr_mt_main.c line 464 function main_task_0 thread 0
----------------------------------------------------
  __cs_disable_thread[0l]=0 (0)

State 156 file /home/dell/zyworkspace/nichecker/Experiment/Testrealpro/brake2/_mt_main_result/_cs_test_global_var1_wwr_mt_main.c line 486 function main_task_0 thread 0
----------------------------------------------------
  __cs_value_ptr=NULL (0000000000000000000000000000000000000000000000000000000000000000)

State 161 file /home/dell/zyworkspace/nichecker/Experiment/Testrealpro/brake2/_mt_main_result/_cs_test_global_var1_wwr_mt_main.c line 651 function main thread 0
----------------------------------------------------
  __cs_pc[1l]=2 (10)

State 162 file /home/dell/zyworkspace/nichecker/Experiment/Testrealpro/brake2/_mt_main_result/_cs_test_global_var1_wwr_mt_main.c line 657 function main thread 0
----------------------------------------------------
  __cs_tmp_t2_r0=0 (0)

State 164 file /home/dell/zyworkspace/nichecker/Experiment/Testrealpro/brake2/_mt_main_result/_cs_test_global_var1_wwr_mt_main.c line 662 function main thread 0
----------------------------------------------------
  __cs_thread_index=2 (010)

State 165 file /home/dell/zyworkspace/nichecker/Experiment/Testrealpro/brake2/_mt_main_result/_cs_test_global_var1_wwr_mt_main.c line 664 function main thread 0
----------------------------------------------------
  __cs_pc_cs[2l]=0 (00)

State 170 file /home/dell/zyworkspace/nichecker/Experiment/Testrealpro/brake2/_mt_main_result/_cs_test_global_var1_wwr_mt_main.c line 670 function main thread 0
----------------------------------------------------
  __cs_param_task_compute_isr_arg=NULL (0000000000000000000000000000000000000000000000000000000000000000)

State 174 file /home/dell/zyworkspace/nichecker/Experiment/Testrealpro/brake2/_mt_main_result/_cs_test_global_var1_wwr_mt_main.c line 420 function task_compute_isr_0 thread 0
----------------------------------------------------
  __cs_value_ptr=NULL (0000000000000000000000000000000000000000000000000000000000000000)

State 179 file /home/dell/zyworkspace/nichecker/Experiment/Testrealpro/brake2/_mt_main_result/_cs_test_global_var1_wwr_mt_main.c line 672 function main thread 0
----------------------------------------------------
  __cs_pc[2l]=0 (00)

State 180 file /home/dell/zyworkspace/nichecker/Experiment/Testrealpro/brake2/_mt_main_result/_cs_test_global_var1_wwr_mt_main.c line 678 function main thread 0
----------------------------------------------------
  __cs_tmp_t3_r0=1 (01)

State 187 file /home/dell/zyworkspace/nichecker/Experiment/Testrealpro/brake2/_mt_main_result/_cs_test_global_var1_wwr_mt_main.c line 683 function main thread 0
----------------------------------------------------
  __cs_thread_index=3 (011)

State 188 file /home/dell/zyworkspace/nichecker/Experiment/Testrealpro/brake2/_mt_main_result/_cs_test_global_var1_wwr_mt_main.c line 685 function main thread 0
----------------------------------------------------
  __cs_pc_cs[3l]=1 (01)

State 193 file /home/dell/zyworkspace/nichecker/Experiment/Testrealpro/brake2/_mt_main_result/_cs_test_global_var1_wwr_mt_main.c line 691 function main thread 0
----------------------------------------------------
  __cs_param_task_RR_Wheel_isr_arg=NULL (0000000000000000000000000000000000000000000000000000000000000000)

State 195 file /home/dell/zyworkspace/nichecker/Experiment/Testrealpro/brake2/_mt_main_result/_cs_test_global_var1_wwr_mt_main.c line 497 function task_RR_Wheel_isr_0 thread 0
----------------------------------------------------
  __cs_local_task_RR_Wheel_isr_rtb_to_int=0 (00000000000000000000000000000000)

State 196 file /home/dell/zyworkspace/nichecker/Experiment/Testrealpro/brake2/_mt_main_result/_cs_test_global_var1_wwr_mt_main.c line 500 function task_RR_Wheel_isr_0 thread 0
----------------------------------------------------
  __cs_local_task_RR_Wheel_isr_rtb_RelationalOperator=0 (00000000000000000000000000000000)

State 197 file /home/dell/zyworkspace/nichecker/Experiment/Testrealpro/brake2/_mt_main_result/_cs_test_global_var1_wwr_mt_main.c line 503 function task_RR_Wheel_isr_0 thread 0
----------------------------------------------------
  __cs_local_task_RR_Wheel_isr_rtb_vms=8 (00000000000000000000000000001000)

State 198 file /home/dell/zyworkspace/nichecker/Experiment/Testrealpro/brake2/_mt_main_result/_cs_test_global_var1_wwr_mt_main.c line 506 function task_RR_Wheel_isr_0 thread 0
----------------------------------------------------
  __cs_local_task_RR_Wheel_isr_u=33554469 (00000010000000000000000000100101)

State 199 file /home/dell/zyworkspace/nichecker/Experiment/Testrealpro/brake2/_mt_main_result/_cs_test_global_var1_wwr_mt_main.c line 509 function task_RR_Wheel_isr_0 thread 0
----------------------------------------------------
  __cs_local_task_RR_Wheel_isr_positive_UpperSat_local=100 (00000000000000000000000001100100)

State 200 file /home/dell/zyworkspace/nichecker/Experiment/Testrealpro/brake2/_mt_main_result/_cs_test_global_var1_wwr_mt_main.c line 513 function task_RR_Wheel_isr_0 thread 0
----------------------------------------------------
  __cs_local_task_RR_Wheel_isr___cs_tmp_if_cond_6=TRUE (00000001)

State 202 file /home/dell/zyworkspace/nichecker/Experiment/Testrealpro/brake2/_mt_main_result/_cs_test_global_var1_wwr_mt_main.c line 531 function task_RR_Wheel_isr_0 thread 0
----------------------------------------------------
  __cs_local_task_RR_Wheel_isr_tmp0=10 (00000000000000000000000000001010)

State 203 file /home/dell/zyworkspace/nichecker/Experiment/Testrealpro/brake2/_mt_main_result/_cs_test_global_var1_wwr_mt_main.c line 534 function task_RR_Wheel_isr_0 thread 0
----------------------------------------------------
  __cs_local_task_RR_Wheel_isr_tmp1=18 (00000000000000000000000000010010)

State 204 file /home/dell/zyworkspace/nichecker/Experiment/Testrealpro/brake2/_mt_main_result/_cs_test_global_var1_wwr_mt_main.c line 538 function task_RR_Wheel_isr_0 thread 0
----------------------------------------------------
  __cs_local_task_RR_Wheel_isr___cs_tmp_if_cond_7=FALSE (00000000)

State 206 file /home/dell/zyworkspace/nichecker/Experiment/Testrealpro/brake2/_mt_main_result/_cs_test_global_var1_wwr_mt_main.c line 553 function task_RR_Wheel_isr_0 thread 0
----------------------------------------------------
  __cs_local_task_RR_Wheel_isr_Threshold_10kmh_Threshold_local=100 (00000000000000000000000001100100)

State 207 file /home/dell/zyworkspace/nichecker/Experiment/Testrealpro/brake2/_mt_main_result/_cs_test_global_var1_wwr_mt_main.c line 557 function task_RR_Wheel_isr_0 thread 0
----------------------------------------------------
  __cs_local_task_RR_Wheel_isr___cs_tmp_if_cond_8=FALSE (00000000)

State 209 file /home/dell/zyworkspace/nichecker/Experiment/Testrealpro/brake2/_mt_main_result/_cs_test_global_var1_wwr_mt_main.c line 590 function task_RR_Wheel_isr_0 thread 0
----------------------------------------------------
  test_global_var1=0 (00000000000000000000000000000000)

State 210 file /home/dell/zyworkspace/nichecker/Experiment/Testrealpro/brake2/_mt_main_result/_cs_test_global_var1_wwr_mt_main.c line 592 function task_RR_Wheel_isr_0 thread 0
----------------------------------------------------
  wwr_w_tmp3_num=1 (00000000000000000000000000000001)

State 211 file /home/dell/zyworkspace/nichecker/Experiment/Testrealpro/brake2/_mt_main_result/_cs_test_global_var1_wwr_mt_main.c line 593 function task_RR_Wheel_isr_0 thread 0
----------------------------------------------------
  wwr_w_tmp3=0 (00000000000000000000000000000000)

State 215 file /home/dell/zyworkspace/nichecker/Experiment/Testrealpro/brake2/_mt_main_result/_cs_test_global_var1_wwr_mt_main.c line 625 function task_RR_Wheel_isr_0 thread 0
----------------------------------------------------
  __cs_value_ptr=NULL (0000000000000000000000000000000000000000000000000000000000000000)

State 220 file /home/dell/zyworkspace/nichecker/Experiment/Testrealpro/brake2/_mt_main_result/_cs_test_global_var1_wwr_mt_main.c line 693 function main thread 0
----------------------------------------------------
  __cs_pc[3l]=1 (01)

State 221 file /home/dell/zyworkspace/nichecker/Experiment/Testrealpro/brake2/_mt_main_result/_cs_test_global_var1_wwr_mt_main.c line 699 function main thread 0
----------------------------------------------------
  __cs_tmp_t4_r0=0 (0)

State 227 file /home/dell/zyworkspace/nichecker/Experiment/Testrealpro/brake2/_mt_main_result/_cs_test_global_var1_wwr_mt_main.c line 724 function main thread 0
----------------------------------------------------
  __cs_tmp_t1_r1=1 (01)

State 233 file /home/dell/zyworkspace/nichecker/Experiment/Testrealpro/brake2/_mt_main_result/_cs_test_global_var1_wwr_mt_main.c line 745 function main thread 0
----------------------------------------------------
  __cs_tmp_t2_r1=1 (1)

State 235 file /home/dell/zyworkspace/nichecker/Experiment/Testrealpro/brake2/_mt_main_result/_cs_test_global_var1_wwr_mt_main.c line 750 function main thread 0
----------------------------------------------------
  __cs_thread_index=2 (010)

State 236 file /home/dell/zyworkspace/nichecker/Experiment/Testrealpro/brake2/_mt_main_result/_cs_test_global_var1_wwr_mt_main.c line 752 function main thread 0
----------------------------------------------------
  __cs_pc_cs[2l]=1 (01)

State 241 file /home/dell/zyworkspace/nichecker/Experiment/Testrealpro/brake2/_mt_main_result/_cs_test_global_var1_wwr_mt_main.c line 758 function main thread 0
----------------------------------------------------
  __cs_param_task_compute_isr_arg=NULL (0000000000000000000000000000000000000000000000000000000000000000)

State 243 file /home/dell/zyworkspace/nichecker/Experiment/Testrealpro/brake2/_mt_main_result/_cs_test_global_var1_wwr_mt_main.c line 406 function task_compute_isr_0 thread 0
----------------------------------------------------
  test_global_var1=1 (00000000000000000000000000000001)

State 244 file /home/dell/zyworkspace/nichecker/Experiment/Testrealpro/brake2/_mt_main_result/_cs_test_global_var1_wwr_mt_main.c line 409 function task_compute_isr_0 thread 0
----------------------------------------------------
  __cs_local_task_compute_isr_reader=0 (00000000000000000000000000000000)

State 248 file /home/dell/zyworkspace/nichecker/Experiment/Testrealpro/brake2/_mt_main_result/_cs_test_global_var1_wwr_mt_main.c line 420 function task_compute_isr_0 thread 0
----------------------------------------------------
  __cs_value_ptr=NULL (0000000000000000000000000000000000000000000000000000000000000000)

State 253 file /home/dell/zyworkspace/nichecker/Experiment/Testrealpro/brake2/_mt_main_result/_cs_test_global_var1_wwr_mt_main.c line 760 function main thread 0
----------------------------------------------------
  __cs_pc[2l]=1 (01)

State 254 file /home/dell/zyworkspace/nichecker/Experiment/Testrealpro/brake2/_mt_main_result/_cs_test_global_var1_wwr_mt_main.c line 766 function main thread 0
----------------------------------------------------
  __cs_tmp_t3_r1=2 (10)

State 261 file /home/dell/zyworkspace/nichecker/Experiment/Testrealpro/brake2/_mt_main_result/_cs_test_global_var1_wwr_mt_main.c line 771 function main thread 0
----------------------------------------------------
  __cs_thread_index=3 (011)

State 262 file /home/dell/zyworkspace/nichecker/Experiment/Testrealpro/brake2/_mt_main_result/_cs_test_global_var1_wwr_mt_main.c line 773 function main thread 0
----------------------------------------------------
  __cs_pc_cs[3l]=2 (10)

State 267 file /home/dell/zyworkspace/nichecker/Experiment/Testrealpro/brake2/_mt_main_result/_cs_test_global_var1_wwr_mt_main.c line 779 function main thread 0
----------------------------------------------------
  __cs_param_task_RR_Wheel_isr_arg=NULL (0000000000000000000000000000000000000000000000000000000000000000)

State 270 file /home/dell/zyworkspace/nichecker/Experiment/Testrealpro/brake2/_mt_main_result/_cs_test_global_var1_wwr_mt_main.c line 598 function task_RR_Wheel_isr_0 thread 0
----------------------------------------------------
  __cs_local_task_RR_Wheel_isr_reader1=1 (00000000000000000000000000000001)

State 271 file /home/dell/zyworkspace/nichecker/Experiment/Testrealpro/brake2/_mt_main_result/_cs_test_global_var1_wwr_mt_main.c line 600 function task_RR_Wheel_isr_0 thread 0
----------------------------------------------------
  wwr_r1=1 (00000000000000000000000000000001)

Violated property:
  file /home/dell/zyworkspace/nichecker/Experiment/Testrealpro/brake2/_mt_main_result/_cs_test_global_var1_wwr_mt_main.c line 602 function task_RR_Wheel_isr_0
  assertion wwr_r1 == wwr_w_tmp3
  wwr_r1 == wwr_w_tmp3


** 1 of 2 failed (2 iterations)
VERIFICATION FAILED
