CBMC version 5.6 64-bit x86_64 linux
Parsing /home/dell/zyworkspace/nichecker/Experiment/Testrealpro/brake2/_mt_main_result/_cs_test_global_var2_wrw_mt_main.c
<command-line>: warning: "__STDC_VERSION__" redefined
<built-in>: note: this is the location of the previous definition
Converting
Type-checking _cs_test_global_var2_wrw_mt_main
file /home/dell/zyworkspace/nichecker/Experiment/Testrealpro/brake2/_mt_main_result/_cs_test_global_var2_wrw_mt_main.c line 396 function task_FL_Wheel_isr_0: function `assert' is not declared
file /home/dell/zyworkspace/nichecker/Experiment/Testrealpro/brake2/_mt_main_result/_cs_test_global_var2_wrw_mt_main.c line 490 function main_task_0: function `disable_isr' is not declared
file /home/dell/zyworkspace/nichecker/Experiment/Testrealpro/brake2/_mt_main_result/_cs_test_global_var2_wrw_mt_main.c line 506 function main_task_0: function `enable_isr' is not declared
Generating GOTO Program
Adding CPROVER library (x86_64)
Removal of function pointers and virtual functions
Partial Inlining
Generic Property Instrumentation
Starting Bounded Model Checking
**** WARNING: no body for function disable_isr
**** WARNING: no body for function enable_isr
size of program expression: 1012 steps
simple slicing removed 99 assignments
Generated 3 VCC(s), 3 remaining after simplification
Passing problem to propositional reduction
converting SSA
Running propositional reduction
Post-processing
Solving with MiniSAT 2.2.1 with simplifier
4189 variables, 9574 clauses
SAT checker: instance is SATISFIABLE
Solving with MiniSAT 2.2.1 with simplifier
4189 variables, 0 clauses
SAT checker inconsistent: instance is UNSATISFIABLE
Runtime decision procedure: 0.07s

** Results:
[task_FL_Wheel_isr_0.assertion.1] assertion wrw_a_4 == 0: SUCCESS
[task_FL_Wheel_isr_0.assertion.2] assertion wrw_a_4 == 0: FAILURE

Trace for task_FL_Wheel_isr_0.assertion.2:

State 126 file /home/dell/zyworkspace/nichecker/Experiment/Testrealpro/brake2/_mt_main_result/_cs_test_global_var2_wrw_mt_main.c line 667 function main thread 0
----------------------------------------------------
  __cs_tmp_t1_r0=2 (10)

State 128 file /home/dell/zyworkspace/nichecker/Experiment/Testrealpro/brake2/_mt_main_result/_cs_test_global_var2_wrw_mt_main.c line 671 function main thread 0
----------------------------------------------------
  __cs_thread_index=1 (001)

State 129 file /home/dell/zyworkspace/nichecker/Experiment/Testrealpro/brake2/_mt_main_result/_cs_test_global_var2_wrw_mt_main.c line 673 function main thread 0
----------------------------------------------------
  __cs_pc_cs[1l]=2 (10)

State 134 file /home/dell/zyworkspace/nichecker/Experiment/Testrealpro/brake2/_mt_main_result/_cs_test_global_var2_wrw_mt_main.c line 679 function main thread 0
----------------------------------------------------
  __cs_param_main_task_arg=NULL (0000000000000000000000000000000000000000000000000000000000000000)

State 139 file /home/dell/zyworkspace/nichecker/Experiment/Testrealpro/brake2/_mt_main_result/_cs_test_global_var2_wrw_mt_main.c line 492 function main_task_0 thread 0
----------------------------------------------------
  __cs_disable_thread[3l]=1 (1)

State 140 file /home/dell/zyworkspace/nichecker/Experiment/Testrealpro/brake2/_mt_main_result/_cs_test_global_var2_wrw_mt_main.c line 495 function main_task_0 thread 0
----------------------------------------------------
  __cs_disable_thread[2l]=1 (1)

State 141 file /home/dell/zyworkspace/nichecker/Experiment/Testrealpro/brake2/_mt_main_result/_cs_test_global_var2_wrw_mt_main.c line 498 function main_task_0 thread 0
----------------------------------------------------
  __cs_disable_thread[4l]=1 (1)

State 142 file /home/dell/zyworkspace/nichecker/Experiment/Testrealpro/brake2/_mt_main_result/_cs_test_global_var2_wrw_mt_main.c line 501 function main_task_0 thread 0
----------------------------------------------------
  __cs_disable_thread[0l]=1 (1)

State 146 file /home/dell/zyworkspace/nichecker/Experiment/Testrealpro/brake2/_mt_main_result/_cs_test_global_var2_wrw_mt_main.c line 508 function main_task_0 thread 0
----------------------------------------------------
  __cs_disable_thread[3l]=0 (0)

State 147 file /home/dell/zyworkspace/nichecker/Experiment/Testrealpro/brake2/_mt_main_result/_cs_test_global_var2_wrw_mt_main.c line 511 function main_task_0 thread 0
----------------------------------------------------
  __cs_disable_thread[2l]=0 (0)

State 148 file /home/dell/zyworkspace/nichecker/Experiment/Testrealpro/brake2/_mt_main_result/_cs_test_global_var2_wrw_mt_main.c line 514 function main_task_0 thread 0
----------------------------------------------------
  __cs_disable_thread[4l]=0 (0)

State 149 file /home/dell/zyworkspace/nichecker/Experiment/Testrealpro/brake2/_mt_main_result/_cs_test_global_var2_wrw_mt_main.c line 517 function main_task_0 thread 0
----------------------------------------------------
  __cs_disable_thread[0l]=0 (0)

State 154 file /home/dell/zyworkspace/nichecker/Experiment/Testrealpro/brake2/_mt_main_result/_cs_test_global_var2_wrw_mt_main.c line 539 function main_task_0 thread 0
----------------------------------------------------
  __cs_value_ptr=NULL (0000000000000000000000000000000000000000000000000000000000000000)

State 159 file /home/dell/zyworkspace/nichecker/Experiment/Testrealpro/brake2/_mt_main_result/_cs_test_global_var2_wrw_mt_main.c line 681 function main thread 0
----------------------------------------------------
  __cs_pc[1l]=2 (10)

State 160 file /home/dell/zyworkspace/nichecker/Experiment/Testrealpro/brake2/_mt_main_result/_cs_test_global_var2_wrw_mt_main.c line 687 function main thread 0
----------------------------------------------------
  __cs_tmp_t2_r0=0 (0)

State 162 file /home/dell/zyworkspace/nichecker/Experiment/Testrealpro/brake2/_mt_main_result/_cs_test_global_var2_wrw_mt_main.c line 692 function main thread 0
----------------------------------------------------
  __cs_thread_index=2 (010)

State 163 file /home/dell/zyworkspace/nichecker/Experiment/Testrealpro/brake2/_mt_main_result/_cs_test_global_var2_wrw_mt_main.c line 694 function main thread 0
----------------------------------------------------
  __cs_pc_cs[2l]=0 (00)

State 168 file /home/dell/zyworkspace/nichecker/Experiment/Testrealpro/brake2/_mt_main_result/_cs_test_global_var2_wrw_mt_main.c line 700 function main thread 0
----------------------------------------------------
  __cs_param_task_compute_isr_arg=NULL (0000000000000000000000000000000000000000000000000000000000000000)

State 172 file /home/dell/zyworkspace/nichecker/Experiment/Testrealpro/brake2/_mt_main_result/_cs_test_global_var2_wrw_mt_main.c line 481 function task_compute_isr_0 thread 0
----------------------------------------------------
  __cs_value_ptr=NULL (0000000000000000000000000000000000000000000000000000000000000000)

State 177 file /home/dell/zyworkspace/nichecker/Experiment/Testrealpro/brake2/_mt_main_result/_cs_test_global_var2_wrw_mt_main.c line 702 function main thread 0
----------------------------------------------------
  __cs_pc[2l]=0 (00)

State 178 file /home/dell/zyworkspace/nichecker/Experiment/Testrealpro/brake2/_mt_main_result/_cs_test_global_var2_wrw_mt_main.c line 708 function main thread 0
----------------------------------------------------
  __cs_tmp_t3_r0=0 (0)

State 185 file /home/dell/zyworkspace/nichecker/Experiment/Testrealpro/brake2/_mt_main_result/_cs_test_global_var2_wrw_mt_main.c line 713 function main thread 0
----------------------------------------------------
  __cs_thread_index=3 (011)

State 186 file /home/dell/zyworkspace/nichecker/Experiment/Testrealpro/brake2/_mt_main_result/_cs_test_global_var2_wrw_mt_main.c line 715 function main thread 0
----------------------------------------------------
  __cs_pc_cs[3l]=0 (00)

State 191 file /home/dell/zyworkspace/nichecker/Experiment/Testrealpro/brake2/_mt_main_result/_cs_test_global_var2_wrw_mt_main.c line 721 function main thread 0
----------------------------------------------------
  __cs_param_task_RR_Wheel_isr_arg=NULL (0000000000000000000000000000000000000000000000000000000000000000)

State 195 file /home/dell/zyworkspace/nichecker/Experiment/Testrealpro/brake2/_mt_main_result/_cs_test_global_var2_wrw_mt_main.c line 655 function task_RR_Wheel_isr_0 thread 0
----------------------------------------------------
  __cs_value_ptr=NULL (0000000000000000000000000000000000000000000000000000000000000000)

State 200 file /home/dell/zyworkspace/nichecker/Experiment/Testrealpro/brake2/_mt_main_result/_cs_test_global_var2_wrw_mt_main.c line 723 function main thread 0
----------------------------------------------------
  __cs_pc[3l]=0 (00)

State 201 file /home/dell/zyworkspace/nichecker/Experiment/Testrealpro/brake2/_mt_main_result/_cs_test_global_var2_wrw_mt_main.c line 729 function main thread 0
----------------------------------------------------
  __cs_tmp_t4_r0=1 (01)

State 208 file /home/dell/zyworkspace/nichecker/Experiment/Testrealpro/brake2/_mt_main_result/_cs_test_global_var2_wrw_mt_main.c line 734 function main thread 0
----------------------------------------------------
  __cs_thread_index=4 (100)

State 209 file /home/dell/zyworkspace/nichecker/Experiment/Testrealpro/brake2/_mt_main_result/_cs_test_global_var2_wrw_mt_main.c line 736 function main thread 0
----------------------------------------------------
  __cs_pc_cs[4l]=1 (01)

State 214 file /home/dell/zyworkspace/nichecker/Experiment/Testrealpro/brake2/_mt_main_result/_cs_test_global_var2_wrw_mt_main.c line 742 function main thread 0
----------------------------------------------------
  __cs_param_task_FL_Wheel_isr_arg=NULL (0000000000000000000000000000000000000000000000000000000000000000)

State 216 file /home/dell/zyworkspace/nichecker/Experiment/Testrealpro/brake2/_mt_main_result/_cs_test_global_var2_wrw_mt_main.c line 252 function task_FL_Wheel_isr_0 thread 0
----------------------------------------------------
  __cs_local_task_FL_Wheel_isr_rtb_to_int1=0 (00000000000000000000000000000000)

State 217 file /home/dell/zyworkspace/nichecker/Experiment/Testrealpro/brake2/_mt_main_result/_cs_test_global_var2_wrw_mt_main.c line 255 function task_FL_Wheel_isr_0 thread 0
----------------------------------------------------
  __cs_local_task_FL_Wheel_isr_rtb_RelationalOperator=16384 (00000000000000000100000000000000)

State 218 file /home/dell/zyworkspace/nichecker/Experiment/Testrealpro/brake2/_mt_main_result/_cs_test_global_var2_wrw_mt_main.c line 258 function task_FL_Wheel_isr_0 thread 0
----------------------------------------------------
  __cs_local_task_FL_Wheel_isr_rtb_vms=41124 (00000000000000001010000010100100)

State 219 file /home/dell/zyworkspace/nichecker/Experiment/Testrealpro/brake2/_mt_main_result/_cs_test_global_var2_wrw_mt_main.c line 261 function task_FL_Wheel_isr_0 thread 0
----------------------------------------------------
  __cs_local_task_FL_Wheel_isr_u=32809 (00000000000000001000000000101001)

State 220 file /home/dell/zyworkspace/nichecker/Experiment/Testrealpro/brake2/_mt_main_result/_cs_test_global_var2_wrw_mt_main.c line 264 function task_FL_Wheel_isr_0 thread 0
----------------------------------------------------
  __cs_local_task_FL_Wheel_isr_positive_UpperSat_local=100 (00000000000000000000000001100100)

State 221 file /home/dell/zyworkspace/nichecker/Experiment/Testrealpro/brake2/_mt_main_result/_cs_test_global_var2_wrw_mt_main.c line 268 function task_FL_Wheel_isr_0 thread 0
----------------------------------------------------
  __cs_local_task_FL_Wheel_isr___cs_tmp_if_cond_1=TRUE (00000001)

State 223 file /home/dell/zyworkspace/nichecker/Experiment/Testrealpro/brake2/_mt_main_result/_cs_test_global_var2_wrw_mt_main.c line 286 function task_FL_Wheel_isr_0 thread 0
----------------------------------------------------
  __cs_local_task_FL_Wheel_isr_tmp0=10 (00000000000000000000000000001010)

State 224 file /home/dell/zyworkspace/nichecker/Experiment/Testrealpro/brake2/_mt_main_result/_cs_test_global_var2_wrw_mt_main.c line 289 function task_FL_Wheel_isr_0 thread 0
----------------------------------------------------
  __cs_local_task_FL_Wheel_isr_tmp1=41134 (00000000000000001010000010101110)

State 225 file /home/dell/zyworkspace/nichecker/Experiment/Testrealpro/brake2/_mt_main_result/_cs_test_global_var2_wrw_mt_main.c line 293 function task_FL_Wheel_isr_0 thread 0
----------------------------------------------------
  __cs_local_task_FL_Wheel_isr___cs_tmp_if_cond_2=FALSE (00000000)

State 227 file /home/dell/zyworkspace/nichecker/Experiment/Testrealpro/brake2/_mt_main_result/_cs_test_global_var2_wrw_mt_main.c line 308 function task_FL_Wheel_isr_0 thread 0
----------------------------------------------------
  __cs_local_task_FL_Wheel_isr_Threshold_10kmh_Threshold_local=100 (00000000000000000000000001100100)

State 228 file /home/dell/zyworkspace/nichecker/Experiment/Testrealpro/brake2/_mt_main_result/_cs_test_global_var2_wrw_mt_main.c line 312 function task_FL_Wheel_isr_0 thread 0
----------------------------------------------------
  __cs_local_task_FL_Wheel_isr___cs_tmp_if_cond_3=FALSE (00000000)

State 230 file /home/dell/zyworkspace/nichecker/Experiment/Testrealpro/brake2/_mt_main_result/_cs_test_global_var2_wrw_mt_main.c line 343 function task_FL_Wheel_isr_0 thread 0
----------------------------------------------------
  __cs_local_task_FL_Wheel_isr_In_BrakePedal=-2147221484 (10000000000001000000000000010100)

State 231 file /home/dell/zyworkspace/nichecker/Experiment/Testrealpro/brake2/_mt_main_result/_cs_test_global_var2_wrw_mt_main.c line 347 function task_FL_Wheel_isr_0 thread 0
----------------------------------------------------
  __cs_local_task_FL_Wheel_isr___cs_tmp_if_cond_5=TRUE (00000001)

State 233 file /home/dell/zyworkspace/nichecker/Experiment/Testrealpro/brake2/_mt_main_result/_cs_test_global_var2_wrw_mt_main.c line 362 function task_FL_Wheel_isr_0 thread 0
----------------------------------------------------
  __cs_local_task_FL_Wheel_isr_Pedal_map_UpperSat=50 (00000000000000000000000000110010)

State 234 file /home/dell/zyworkspace/nichecker/Experiment/Testrealpro/brake2/_mt_main_result/_cs_test_global_var2_wrw_mt_main.c line 365 function task_FL_Wheel_isr_0 thread 0
----------------------------------------------------
  __cs_local_task_FL_Wheel_isr_Pedal_map_LowerSat=20 (00000000000000000000000000010100)

State 235 file /home/dell/zyworkspace/nichecker/Experiment/Testrealpro/brake2/_mt_main_result/_cs_test_global_var2_wrw_mt_main.c line 368 function task_FL_Wheel_isr_0 thread 0
----------------------------------------------------
  __cs_local_task_FL_Wheel_isr_tmp=0 (00000000000000000000000000000000)

State 236 file /home/dell/zyworkspace/nichecker/Experiment/Testrealpro/brake2/_mt_main_result/_cs_test_global_var2_wrw_mt_main.c line 372 function task_FL_Wheel_isr_0 thread 0
----------------------------------------------------
  __cs_local_task_FL_Wheel_isr___cs_tmp_if_cond_6=TRUE (00000001)

State 238 file /home/dell/zyworkspace/nichecker/Experiment/Testrealpro/brake2/_mt_main_result/_cs_test_global_var2_wrw_mt_main.c line 388 function task_FL_Wheel_isr_0 thread 0
----------------------------------------------------
  __cs_local_task_FL_Wheel_isr___cs_tmp_if_cond_7=TRUE (00000001)

State 240 file /home/dell/zyworkspace/nichecker/Experiment/Testrealpro/brake2/_mt_main_result/_cs_test_global_var2_wrw_mt_main.c line 393 function task_FL_Wheel_isr_0 thread 0
----------------------------------------------------
  test_global_var2=1 (00000000000000000000000000000001)

State 242 file /home/dell/zyworkspace/nichecker/Experiment/Testrealpro/brake2/_mt_main_result/_cs_test_global_var2_wrw_mt_main.c line 398 function task_FL_Wheel_isr_0 thread 0
----------------------------------------------------
  wrw_a_4_num=1 (00000000000000000000000000000001)

State 243 file /home/dell/zyworkspace/nichecker/Experiment/Testrealpro/brake2/_mt_main_result/_cs_test_global_var2_wrw_mt_main.c line 399 function task_FL_Wheel_isr_0 thread 0
----------------------------------------------------
  wrw_a_4=0 (00000000000000000000000000000000)

State 248 file /home/dell/zyworkspace/nichecker/Experiment/Testrealpro/brake2/_mt_main_result/_cs_test_global_var2_wrw_mt_main.c line 441 function task_FL_Wheel_isr_0 thread 0
----------------------------------------------------
  __cs_value_ptr=NULL (0000000000000000000000000000000000000000000000000000000000000000)

State 253 file /home/dell/zyworkspace/nichecker/Experiment/Testrealpro/brake2/_mt_main_result/_cs_test_global_var2_wrw_mt_main.c line 744 function main thread 0
----------------------------------------------------
  __cs_pc[4l]=1 (01)

State 254 file /home/dell/zyworkspace/nichecker/Experiment/Testrealpro/brake2/_mt_main_result/_cs_test_global_var2_wrw_mt_main.c line 754 function main thread 0
----------------------------------------------------
  __cs_tmp_t1_r1=0 (00)

State 265 file /home/dell/zyworkspace/nichecker/Experiment/Testrealpro/brake2/_mt_main_result/_cs_test_global_var2_wrw_mt_main.c line 775 function main thread 0
----------------------------------------------------
  __cs_tmp_t2_r1=1 (1)

State 267 file /home/dell/zyworkspace/nichecker/Experiment/Testrealpro/brake2/_mt_main_result/_cs_test_global_var2_wrw_mt_main.c line 780 function main thread 0
----------------------------------------------------
  __cs_thread_index=2 (010)

State 268 file /home/dell/zyworkspace/nichecker/Experiment/Testrealpro/brake2/_mt_main_result/_cs_test_global_var2_wrw_mt_main.c line 782 function main thread 0
----------------------------------------------------
  __cs_pc_cs[2l]=1 (01)

State 273 file /home/dell/zyworkspace/nichecker/Experiment/Testrealpro/brake2/_mt_main_result/_cs_test_global_var2_wrw_mt_main.c line 788 function main thread 0
----------------------------------------------------
  __cs_param_task_compute_isr_arg=NULL (0000000000000000000000000000000000000000000000000000000000000000)

State 275 file /home/dell/zyworkspace/nichecker/Experiment/Testrealpro/brake2/_mt_main_result/_cs_test_global_var2_wrw_mt_main.c line 455 function task_compute_isr_0 thread 0
----------------------------------------------------
  __cs_local_task_compute_isr___cs_tmp_if_cond_0=TRUE (00000001)

State 277 file /home/dell/zyworkspace/nichecker/Experiment/Testrealpro/brake2/_mt_main_result/_cs_test_global_var2_wrw_mt_main.c line 461 function task_compute_isr_0 thread 0
----------------------------------------------------
  __cs_local_task_compute_isr_reader=1 (00000000000000000000000000000001)

State 278 file /home/dell/zyworkspace/nichecker/Experiment/Testrealpro/brake2/_mt_main_result/_cs_test_global_var2_wrw_mt_main.c line 463 function task_compute_isr_0 thread 0
----------------------------------------------------
  wrw_a_1=1 (00000000000000000000000000000001)

State 279 file /home/dell/zyworkspace/nichecker/Experiment/Testrealpro/brake2/_mt_main_result/_cs_test_global_var2_wrw_mt_main.c line 464 function task_compute_isr_0 thread 0
----------------------------------------------------
  wrw_a_3=1 (00000000000000000000000000000001)

State 280 file /home/dell/zyworkspace/nichecker/Experiment/Testrealpro/brake2/_mt_main_result/_cs_test_global_var2_wrw_mt_main.c line 465 function task_compute_isr_0 thread 0
----------------------------------------------------
  wrw_a_4=1 (00000000000000000000000000000001)

State 284 file /home/dell/zyworkspace/nichecker/Experiment/Testrealpro/brake2/_mt_main_result/_cs_test_global_var2_wrw_mt_main.c line 481 function task_compute_isr_0 thread 0
----------------------------------------------------
  __cs_value_ptr=NULL (0000000000000000000000000000000000000000000000000000000000000000)

State 289 file /home/dell/zyworkspace/nichecker/Experiment/Testrealpro/brake2/_mt_main_result/_cs_test_global_var2_wrw_mt_main.c line 790 function main thread 0
----------------------------------------------------
  __cs_pc[2l]=1 (01)

State 290 file /home/dell/zyworkspace/nichecker/Experiment/Testrealpro/brake2/_mt_main_result/_cs_test_global_var2_wrw_mt_main.c line 796 function main thread 0
----------------------------------------------------
  __cs_tmp_t3_r1=1 (1)

State 296 file /home/dell/zyworkspace/nichecker/Experiment/Testrealpro/brake2/_mt_main_result/_cs_test_global_var2_wrw_mt_main.c line 817 function main thread 0
----------------------------------------------------
  __cs_tmp_t4_r1=2 (10)

State 303 file /home/dell/zyworkspace/nichecker/Experiment/Testrealpro/brake2/_mt_main_result/_cs_test_global_var2_wrw_mt_main.c line 822 function main thread 0
----------------------------------------------------
  __cs_thread_index=4 (100)

State 304 file /home/dell/zyworkspace/nichecker/Experiment/Testrealpro/brake2/_mt_main_result/_cs_test_global_var2_wrw_mt_main.c line 824 function main thread 0
----------------------------------------------------
  __cs_pc_cs[4l]=2 (10)

State 309 file /home/dell/zyworkspace/nichecker/Experiment/Testrealpro/brake2/_mt_main_result/_cs_test_global_var2_wrw_mt_main.c line 830 function main thread 0
----------------------------------------------------
  __cs_param_task_FL_Wheel_isr_arg=NULL (0000000000000000000000000000000000000000000000000000000000000000)

State 313 file /home/dell/zyworkspace/nichecker/Experiment/Testrealpro/brake2/_mt_main_result/_cs_test_global_var2_wrw_mt_main.c line 411 function task_FL_Wheel_isr_0 thread 0
----------------------------------------------------
  __cs_local_task_FL_Wheel_isr___cs_tmp_if_cond_8=TRUE (00000001)

State 315 file /home/dell/zyworkspace/nichecker/Experiment/Testrealpro/brake2/_mt_main_result/_cs_test_global_var2_wrw_mt_main.c line 416 function task_FL_Wheel_isr_0 thread 0
----------------------------------------------------
  test_global_var2=1 (00000000000000000000000000000001)

Violated property:
  file /home/dell/zyworkspace/nichecker/Experiment/Testrealpro/brake2/_mt_main_result/_cs_test_global_var2_wrw_mt_main.c line 419 function task_FL_Wheel_isr_0
  assertion wrw_a_4 == 0
  wrw_a_4 == 0


** 1 of 2 failed (2 iterations)
VERIFICATION FAILED
