CBMC version 5.6 64-bit x86_64 linux
Parsing /home/dell/zyworkspace/nichecker/Experiment/remarks2.1/svp_simple_021/_mt_svp_simple_021_001_result/_cs_svp_simple_021_001_tc_block_rcvd_bytes_ch1_rwr_mt_svp_simple_021_001.c
<command-line>: warning: "__STDC_VERSION__" redefined
<built-in>: note: this is the location of the previous definition
Converting
Type-checking _cs_svp_simple_021_001_tc_block_rcvd_bytes_ch1_rwr_mt_svp_simple_021_001
file /home/dell/zyworkspace/nichecker/Experiment/remarks2.1/svp_simple_021/_mt_svp_simple_021_001_result/_cs_svp_simple_021_001_tc_block_rcvd_bytes_ch1_rwr_mt_svp_simple_021_001.c line 218 function main_task_0: function `nondet_rand' is not declared
file /home/dell/zyworkspace/nichecker/Experiment/remarks2.1/svp_simple_021/_mt_svp_simple_021_001_result/_cs_svp_simple_021_001_tc_block_rcvd_bytes_ch1_rwr_mt_svp_simple_021_001.c line 242 function main_task_0: function `__cs_init_scalar' is not declared
file /home/dell/zyworkspace/nichecker/Experiment/remarks2.1/svp_simple_021/_mt_svp_simple_021_001_result/_cs_svp_simple_021_001_tc_block_rcvd_bytes_ch1_rwr_mt_svp_simple_021_001.c line 250 function main_task_0: function `assert' is not declared
Generating GOTO Program
Adding CPROVER library (x86_64)
Removal of function pointers and virtual functions
Partial Inlining
Generic Property Instrumentation
Starting Bounded Model Checking
**** WARNING: no body for function enable_isr
**** WARNING: no body for function __cs_init_scalar
size of program expression: 902 steps
simple slicing removed 97 assignments
Generated 8 VCC(s), 8 remaining after simplification
Passing problem to propositional reduction
converting SSA
Running propositional reduction
Post-processing
Solving with MiniSAT 2.2.1 with simplifier
6013 variables, 19849 clauses
SAT checker: instance is SATISFIABLE
Solving with MiniSAT 2.2.1 with simplifier
6013 variables, 8680 clauses
SAT checker: instance is UNSATISFIABLE
Runtime decision procedure: 0.035s

** Results:
[main_task_0.assertion.1] assertion rwr_r1 == rwr_tmp1: SUCCESS
[main_task_0.assertion.2] assertion rwr_r2 == rwr_tmp1: FAILURE
[main_task_0.assertion.3] assertion rwr_r3 == rwr_tmp1: SUCCESS

Trace for main_task_0.assertion.2:

State 53 file /home/dell/zyworkspace/nichecker/Experiment/remarks2.1/svp_simple_021/_mt_svp_simple_021_001_result/_cs_svp_simple_021_001_tc_block_rcvd_bytes_ch1_rwr_mt_svp_simple_021_001.c line 474 function main thread 0
----------------------------------------------------
  __cs_tmp_t1_r0=2 (010)

State 55 file /home/dell/zyworkspace/nichecker/Experiment/remarks2.1/svp_simple_021/_mt_svp_simple_021_001_result/_cs_svp_simple_021_001_tc_block_rcvd_bytes_ch1_rwr_mt_svp_simple_021_001.c line 478 function main thread 0
----------------------------------------------------
  __cs_thread_index=1 (01)

State 56 file /home/dell/zyworkspace/nichecker/Experiment/remarks2.1/svp_simple_021/_mt_svp_simple_021_001_result/_cs_svp_simple_021_001_tc_block_rcvd_bytes_ch1_rwr_mt_svp_simple_021_001.c line 480 function main thread 0
----------------------------------------------------
  __cs_pc_cs[1l]=2 (010)

State 61 file /home/dell/zyworkspace/nichecker/Experiment/remarks2.1/svp_simple_021/_mt_svp_simple_021_001_result/_cs_svp_simple_021_001_tc_block_rcvd_bytes_ch1_rwr_mt_svp_simple_021_001.c line 486 function main thread 0
----------------------------------------------------
  __cs_param_main_task_arg=NULL (0000000000000000000000000000000000000000000000000000000000000000)

State 65 file /home/dell/zyworkspace/nichecker/Experiment/remarks2.1/svp_simple_021/_mt_svp_simple_021_001_result/_cs_svp_simple_021_001_tc_block_rcvd_bytes_ch1_rwr_mt_svp_simple_021_001.c line 218 function main_task_0 thread 0
----------------------------------------------------
  svp_simple_021_001_tc_block_rcvd_bytes_ch1=15 (0000000000001111)

State 69 file /home/dell/zyworkspace/nichecker/Experiment/remarks2.1/svp_simple_021/_mt_svp_simple_021_001_result/_cs_svp_simple_021_001_tc_block_rcvd_bytes_ch1_rwr_mt_svp_simple_021_001.c line 224 function main_task_0 thread 0
----------------------------------------------------
  __cs_disable_thread[2l]=0 (0)

State 70 file /home/dell/zyworkspace/nichecker/Experiment/remarks2.1/svp_simple_021/_mt_svp_simple_021_001_result/_cs_svp_simple_021_001_tc_block_rcvd_bytes_ch1_rwr_mt_svp_simple_021_001.c line 227 function main_task_0 thread 0
----------------------------------------------------
  __cs_disable_thread[0l]=0 (0)

State 75 file /home/dell/zyworkspace/nichecker/Experiment/remarks2.1/svp_simple_021/_mt_svp_simple_021_001_result/_cs_svp_simple_021_001_tc_block_rcvd_bytes_ch1_rwr_mt_svp_simple_021_001.c line 246 function main_task_0 thread 0
----------------------------------------------------
  __cs_local_main_task___cs_tmp_if_cond_0=FALSE (00000000)

State 76 file /home/dell/zyworkspace/nichecker/Experiment/remarks2.1/svp_simple_021/_mt_svp_simple_021_001_result/_cs_svp_simple_021_001_tc_block_rcvd_bytes_ch1_rwr_mt_svp_simple_021_001.c line 248 function main_task_0 thread 0
----------------------------------------------------
  rwr_r1=15 (0000000000001111)

State 78 file /home/dell/zyworkspace/nichecker/Experiment/remarks2.1/svp_simple_021/_mt_svp_simple_021_001_result/_cs_svp_simple_021_001_tc_block_rcvd_bytes_ch1_rwr_mt_svp_simple_021_001.c line 252 function main_task_0 thread 0
----------------------------------------------------
  rwr_tmp1_num=1 (00000000000000000000000000000001)

State 79 file /home/dell/zyworkspace/nichecker/Experiment/remarks2.1/svp_simple_021/_mt_svp_simple_021_001_result/_cs_svp_simple_021_001_tc_block_rcvd_bytes_ch1_rwr_mt_svp_simple_021_001.c line 253 function main_task_0 thread 0
----------------------------------------------------
  rwr_tmp1=15 (0000000000001111)

State 85 file /home/dell/zyworkspace/nichecker/Experiment/remarks2.1/svp_simple_021/_mt_svp_simple_021_001_result/_cs_svp_simple_021_001_tc_block_rcvd_bytes_ch1_rwr_mt_svp_simple_021_001.c line 462 function main_task_0 thread 0
----------------------------------------------------
  __cs_value_ptr=NULL (0000000000000000000000000000000000000000000000000000000000000000)

State 90 file /home/dell/zyworkspace/nichecker/Experiment/remarks2.1/svp_simple_021/_mt_svp_simple_021_001_result/_cs_svp_simple_021_001_tc_block_rcvd_bytes_ch1_rwr_mt_svp_simple_021_001.c line 488 function main thread 0
----------------------------------------------------
  __cs_pc[1l]=2 (010)

State 91 file /home/dell/zyworkspace/nichecker/Experiment/remarks2.1/svp_simple_021/_mt_svp_simple_021_001_result/_cs_svp_simple_021_001_tc_block_rcvd_bytes_ch1_rwr_mt_svp_simple_021_001.c line 494 function main thread 0
----------------------------------------------------
  __cs_tmp_t2_r0=1 (1)

State 93 file /home/dell/zyworkspace/nichecker/Experiment/remarks2.1/svp_simple_021/_mt_svp_simple_021_001_result/_cs_svp_simple_021_001_tc_block_rcvd_bytes_ch1_rwr_mt_svp_simple_021_001.c line 499 function main thread 0
----------------------------------------------------
  __cs_thread_index=2 (10)

State 94 file /home/dell/zyworkspace/nichecker/Experiment/remarks2.1/svp_simple_021/_mt_svp_simple_021_001_result/_cs_svp_simple_021_001_tc_block_rcvd_bytes_ch1_rwr_mt_svp_simple_021_001.c line 501 function main thread 0
----------------------------------------------------
  __cs_pc_cs[2l]=1 (001)

State 99 file /home/dell/zyworkspace/nichecker/Experiment/remarks2.1/svp_simple_021/_mt_svp_simple_021_001_result/_cs_svp_simple_021_001_tc_block_rcvd_bytes_ch1_rwr_mt_svp_simple_021_001.c line 507 function main thread 0
----------------------------------------------------
  __cs_param_svp_simple_021_001_isr_1_arg=NULL (0000000000000000000000000000000000000000000000000000000000000000)

State 101 file /home/dell/zyworkspace/nichecker/Experiment/remarks2.1/svp_simple_021/_mt_svp_simple_021_001_result/_cs_svp_simple_021_001_tc_block_rcvd_bytes_ch1_rwr_mt_svp_simple_021_001.c line 196 function svp_simple_021_001_isr_1_0 thread 0
----------------------------------------------------
  svp_simple_021_001_tc_block_rcvd_bytes_ch1=14 (0000000000001110)

State 105 file /home/dell/zyworkspace/nichecker/Experiment/remarks2.1/svp_simple_021/_mt_svp_simple_021_001_result/_cs_svp_simple_021_001_tc_block_rcvd_bytes_ch1_rwr_mt_svp_simple_021_001.c line 207 function svp_simple_021_001_isr_1_0 thread 0
----------------------------------------------------
  __cs_value_ptr=NULL (0000000000000000000000000000000000000000000000000000000000000000)

State 110 file /home/dell/zyworkspace/nichecker/Experiment/remarks2.1/svp_simple_021/_mt_svp_simple_021_001_result/_cs_svp_simple_021_001_tc_block_rcvd_bytes_ch1_rwr_mt_svp_simple_021_001.c line 509 function main thread 0
----------------------------------------------------
  __cs_pc[2l]=1 (001)

State 111 file /home/dell/zyworkspace/nichecker/Experiment/remarks2.1/svp_simple_021/_mt_svp_simple_021_001_result/_cs_svp_simple_021_001_tc_block_rcvd_bytes_ch1_rwr_mt_svp_simple_021_001.c line 519 function main thread 0
----------------------------------------------------
  __cs_tmp_t1_r1=3 (011)

State 113 file /home/dell/zyworkspace/nichecker/Experiment/remarks2.1/svp_simple_021/_mt_svp_simple_021_001_result/_cs_svp_simple_021_001_tc_block_rcvd_bytes_ch1_rwr_mt_svp_simple_021_001.c line 524 function main thread 0
----------------------------------------------------
  __cs_thread_index=1 (01)

State 114 file /home/dell/zyworkspace/nichecker/Experiment/remarks2.1/svp_simple_021/_mt_svp_simple_021_001_result/_cs_svp_simple_021_001_tc_block_rcvd_bytes_ch1_rwr_mt_svp_simple_021_001.c line 526 function main thread 0
----------------------------------------------------
  __cs_pc_cs[1l]=3 (011)

State 119 file /home/dell/zyworkspace/nichecker/Experiment/remarks2.1/svp_simple_021/_mt_svp_simple_021_001_result/_cs_svp_simple_021_001_tc_block_rcvd_bytes_ch1_rwr_mt_svp_simple_021_001.c line 532 function main thread 0
----------------------------------------------------
  __cs_param_main_task_arg=NULL (0000000000000000000000000000000000000000000000000000000000000000)

State 124 file /home/dell/zyworkspace/nichecker/Experiment/remarks2.1/svp_simple_021/_mt_svp_simple_021_001_result/_cs_svp_simple_021_001_tc_block_rcvd_bytes_ch1_rwr_mt_svp_simple_021_001.c line 281 function main_task_0 thread 0
----------------------------------------------------
  __cs_local_main_task_ichan=0 (00000000000000000000000000000000)

State 125 file /home/dell/zyworkspace/nichecker/Experiment/remarks2.1/svp_simple_021/_mt_svp_simple_021_001_result/_cs_svp_simple_021_001_tc_block_rcvd_bytes_ch1_rwr_mt_svp_simple_021_001.c line 289 function main_task_0 thread 0
----------------------------------------------------
  __cs_local_main_task_t=0 (00000000000000000000000000000000)

State 127 file /home/dell/zyworkspace/nichecker/Experiment/remarks2.1/svp_simple_021/_mt_svp_simple_021_001_result/_cs_svp_simple_021_001_tc_block_rcvd_bytes_ch1_rwr_mt_svp_simple_021_001.c line 307 function main_task_0 thread 0
----------------------------------------------------
  __cs_local_main_task_loop_1_IOVar1=0 (00000000000000000000000000000000)

State 128 file /home/dell/zyworkspace/nichecker/Experiment/remarks2.1/svp_simple_021/_mt_svp_simple_021_001_result/_cs_svp_simple_021_001_tc_block_rcvd_bytes_ch1_rwr_mt_svp_simple_021_001.c line 310 function main_task_0 thread 0
----------------------------------------------------
  __cs_local_main_task_loop_1_block_2=0 (00000000000000000000000000000000)

State 129 file /home/dell/zyworkspace/nichecker/Experiment/remarks2.1/svp_simple_021/_mt_svp_simple_021_001_result/_cs_svp_simple_021_001_tc_block_rcvd_bytes_ch1_rwr_mt_svp_simple_021_001.c line 313 function main_task_0 thread 0
----------------------------------------------------
  __cs_local_main_task_ichan=0 (00000000000000000000000000000000)

State 132 file /home/dell/zyworkspace/nichecker/Experiment/remarks2.1/svp_simple_021/_mt_svp_simple_021_001_result/_cs_svp_simple_021_001_tc_block_rcvd_bytes_ch1_rwr_mt_svp_simple_021_001.c line 323 function main_task_0 thread 0
----------------------------------------------------
  __cs_local_main_task___cs_tmp_if_cond_1=TRUE (00000001)

State 134 file /home/dell/zyworkspace/nichecker/Experiment/remarks2.1/svp_simple_021/_mt_svp_simple_021_001_result/_cs_svp_simple_021_001_tc_block_rcvd_bytes_ch1_rwr_mt_svp_simple_021_001.c line 330 function main_task_0 thread 0
----------------------------------------------------
  svp_simple_021_001_tc_block_rcvd_bytes=14 (0000000000001110)

State 135 file /home/dell/zyworkspace/nichecker/Experiment/remarks2.1/svp_simple_021/_mt_svp_simple_021_001_result/_cs_svp_simple_021_001_tc_block_rcvd_bytes_ch1_rwr_mt_svp_simple_021_001.c line 332 function main_task_0 thread 0
----------------------------------------------------
  rwr_r2=14 (0000000000001110)

Violated property:
  file /home/dell/zyworkspace/nichecker/Experiment/remarks2.1/svp_simple_021/_mt_svp_simple_021_001_result/_cs_svp_simple_021_001_tc_block_rcvd_bytes_ch1_rwr_mt_svp_simple_021_001.c line 334 function main_task_0
  assertion rwr_r2 == rwr_tmp1
  rwr_r2 == rwr_tmp1


** 1 of 3 failed (2 iterations)
VERIFICATION FAILED
