CBMC version 5.6 64-bit x86_64 linux
Parsing /home/dell/zyworkspace/nichecker/Experiment/remarks2.1_basic/svp_simple_022/_mt_svp_simple_022_001_result/_cs_svp_simple_022_001_global_var1_rww_mt_svp_simple_022_001.c
<command-line>: warning: "__STDC_VERSION__" redefined
<built-in>: note: this is the location of the previous definition
Converting
Type-checking _cs_svp_simple_022_001_global_var1_rww_mt_svp_simple_022_001
file /home/dell/zyworkspace/nichecker/Experiment/remarks2.1_basic/svp_simple_022/_mt_svp_simple_022_001_result/_cs_svp_simple_022_001_global_var1_rww_mt_svp_simple_022_001.c line 193 function main_task_0: function `nondet_rand' is not declared
file /home/dell/zyworkspace/nichecker/Experiment/remarks2.1_basic/svp_simple_022/_mt_svp_simple_022_001_result/_cs_svp_simple_022_001_global_var1_rww_mt_svp_simple_022_001.c line 248 function main_task_0: function `assert' is not declared
Generating GOTO Program
Adding CPROVER library (x86_64)
Removal of function pointers and virtual functions
Partial Inlining
Generic Property Instrumentation
Starting Bounded Model Checking
**** WARNING: no body for function enable_isr
size of program expression: 602 steps
simple slicing removed 77 assignments
Generated 6 VCC(s), 6 remaining after simplification
Passing problem to propositional reduction
converting SSA
Running propositional reduction
Post-processing
Solving with MiniSAT 2.2.1 with simplifier
2722 variables, 7735 clauses
SAT checker: instance is SATISFIABLE
Solving with MiniSAT 2.2.1 with simplifier
2722 variables, 3462 clauses
SAT checker: instance is UNSATISFIABLE
Runtime decision procedure: 0.026s

** Results:
[main_task_0.assertion.1] assertion rww_w1 == rww_r_tmp1: SUCCESS
[main_task_0.assertion.2] assertion rww_w1 == rww_r_tmp1: FAILURE

Trace for main_task_0.assertion.2:

State 43 file /home/dell/zyworkspace/nichecker/Experiment/remarks2.1_basic/svp_simple_022/_mt_svp_simple_022_001_result/_cs_svp_simple_022_001_global_var1_rww_mt_svp_simple_022_001.c line 393 function main thread 0
----------------------------------------------------
  __cs_tmp_t1_r0=6 (0110)

State 45 file /home/dell/zyworkspace/nichecker/Experiment/remarks2.1_basic/svp_simple_022/_mt_svp_simple_022_001_result/_cs_svp_simple_022_001_global_var1_rww_mt_svp_simple_022_001.c line 397 function main thread 0
----------------------------------------------------
  __cs_thread_index=1 (01)

State 46 file /home/dell/zyworkspace/nichecker/Experiment/remarks2.1_basic/svp_simple_022/_mt_svp_simple_022_001_result/_cs_svp_simple_022_001_global_var1_rww_mt_svp_simple_022_001.c line 399 function main thread 0
----------------------------------------------------
  __cs_pc_cs[1l]=6 (0110)

State 51 file /home/dell/zyworkspace/nichecker/Experiment/remarks2.1_basic/svp_simple_022/_mt_svp_simple_022_001_result/_cs_svp_simple_022_001_global_var1_rww_mt_svp_simple_022_001.c line 405 function main thread 0
----------------------------------------------------
  __cs_param_main_task_arg=NULL (0000000000000000000000000000000000000000000000000000000000000000)

State 53 file /home/dell/zyworkspace/nichecker/Experiment/remarks2.1_basic/svp_simple_022/_mt_svp_simple_022_001_result/_cs_svp_simple_022_001_global_var1_rww_mt_svp_simple_022_001.c line 193 function main_task_0 thread 0
----------------------------------------------------
  svp_simple_022_001_global_var1=0 (00000000000000000000000000000000)

State 55 file /home/dell/zyworkspace/nichecker/Experiment/remarks2.1_basic/svp_simple_022/_mt_svp_simple_022_001_result/_cs_svp_simple_022_001_global_var1_rww_mt_svp_simple_022_001.c line 198 function main_task_0 thread 0
----------------------------------------------------
  svp_simple_022_001_global_var2=0 (00000000000000000000000000000000)

State 57 file /home/dell/zyworkspace/nichecker/Experiment/remarks2.1_basic/svp_simple_022/_mt_svp_simple_022_001_result/_cs_svp_simple_022_001_global_var1_rww_mt_svp_simple_022_001.c line 203 function main_task_0 thread 0
----------------------------------------------------
  svp_simple_022_001_global_var3=0 (00000000000000000000000000000000)

State 61 file /home/dell/zyworkspace/nichecker/Experiment/remarks2.1_basic/svp_simple_022/_mt_svp_simple_022_001_result/_cs_svp_simple_022_001_global_var1_rww_mt_svp_simple_022_001.c line 209 function main_task_0 thread 0
----------------------------------------------------
  __cs_disable_thread[2l]=0 (0)

State 62 file /home/dell/zyworkspace/nichecker/Experiment/remarks2.1_basic/svp_simple_022/_mt_svp_simple_022_001_result/_cs_svp_simple_022_001_global_var1_rww_mt_svp_simple_022_001.c line 212 function main_task_0 thread 0
----------------------------------------------------
  __cs_disable_thread[0l]=0 (0)

State 64 file /home/dell/zyworkspace/nichecker/Experiment/remarks2.1_basic/svp_simple_022/_mt_svp_simple_022_001_result/_cs_svp_simple_022_001_global_var1_rww_mt_svp_simple_022_001.c line 224 function main_task_0 thread 0
----------------------------------------------------
  svp_simple_022_001_global_var1=0 (00000000000000000000000000000000)

State 66 file /home/dell/zyworkspace/nichecker/Experiment/remarks2.1_basic/svp_simple_022/_mt_svp_simple_022_001_result/_cs_svp_simple_022_001_global_var1_rww_mt_svp_simple_022_001.c line 233 function main_task_0 thread 0
----------------------------------------------------
  __cs_local_main_task___cs_tmp_if_cond_0=FALSE (00000000)

State 67 file /home/dell/zyworkspace/nichecker/Experiment/remarks2.1_basic/svp_simple_022/_mt_svp_simple_022_001_result/_cs_svp_simple_022_001_global_var1_rww_mt_svp_simple_022_001.c line 235 function main_task_0 thread 0
----------------------------------------------------
  rww_r_tmp1_num=1 (00000000000000000000000000000001)

State 68 file /home/dell/zyworkspace/nichecker/Experiment/remarks2.1_basic/svp_simple_022/_mt_svp_simple_022_001_result/_cs_svp_simple_022_001_global_var1_rww_mt_svp_simple_022_001.c line 236 function main_task_0 thread 0
----------------------------------------------------
  rww_r_tmp1=0 (00000000000000000000000000000000)

State 79 file /home/dell/zyworkspace/nichecker/Experiment/remarks2.1_basic/svp_simple_022/_mt_svp_simple_022_001_result/_cs_svp_simple_022_001_global_var1_rww_mt_svp_simple_022_001.c line 361 function main_task_0 thread 0
----------------------------------------------------
  __cs_value_ptr=NULL (0000000000000000000000000000000000000000000000000000000000000000)

State 84 file /home/dell/zyworkspace/nichecker/Experiment/remarks2.1_basic/svp_simple_022/_mt_svp_simple_022_001_result/_cs_svp_simple_022_001_global_var1_rww_mt_svp_simple_022_001.c line 407 function main thread 0
----------------------------------------------------
  __cs_pc[1l]=6 (0110)

State 85 file /home/dell/zyworkspace/nichecker/Experiment/remarks2.1_basic/svp_simple_022/_mt_svp_simple_022_001_result/_cs_svp_simple_022_001_global_var1_rww_mt_svp_simple_022_001.c line 413 function main thread 0
----------------------------------------------------
  __cs_tmp_t2_r0=1 (1)

State 87 file /home/dell/zyworkspace/nichecker/Experiment/remarks2.1_basic/svp_simple_022/_mt_svp_simple_022_001_result/_cs_svp_simple_022_001_global_var1_rww_mt_svp_simple_022_001.c line 418 function main thread 0
----------------------------------------------------
  __cs_thread_index=2 (10)

State 88 file /home/dell/zyworkspace/nichecker/Experiment/remarks2.1_basic/svp_simple_022/_mt_svp_simple_022_001_result/_cs_svp_simple_022_001_global_var1_rww_mt_svp_simple_022_001.c line 420 function main thread 0
----------------------------------------------------
  __cs_pc_cs[2l]=1 (0001)

State 93 file /home/dell/zyworkspace/nichecker/Experiment/remarks2.1_basic/svp_simple_022/_mt_svp_simple_022_001_result/_cs_svp_simple_022_001_global_var1_rww_mt_svp_simple_022_001.c line 426 function main thread 0
----------------------------------------------------
  __cs_param_svp_simple_022_001_isr_1_arg=NULL (0000000000000000000000000000000000000000000000000000000000000000)

State 95 file /home/dell/zyworkspace/nichecker/Experiment/remarks2.1_basic/svp_simple_022/_mt_svp_simple_022_001_result/_cs_svp_simple_022_001_global_var1_rww_mt_svp_simple_022_001.c line 370 function svp_simple_022_001_isr_1_0 thread 0
----------------------------------------------------
  svp_simple_022_001_global_var1=536870912 (00100000000000000000000000000000)

State 99 file /home/dell/zyworkspace/nichecker/Experiment/remarks2.1_basic/svp_simple_022/_mt_svp_simple_022_001_result/_cs_svp_simple_022_001_global_var1_rww_mt_svp_simple_022_001.c line 381 function svp_simple_022_001_isr_1_0 thread 0
----------------------------------------------------
  __cs_value_ptr=NULL (0000000000000000000000000000000000000000000000000000000000000000)

State 104 file /home/dell/zyworkspace/nichecker/Experiment/remarks2.1_basic/svp_simple_022/_mt_svp_simple_022_001_result/_cs_svp_simple_022_001_global_var1_rww_mt_svp_simple_022_001.c line 428 function main thread 0
----------------------------------------------------
  __cs_pc[2l]=1 (0001)

State 105 file /home/dell/zyworkspace/nichecker/Experiment/remarks2.1_basic/svp_simple_022/_mt_svp_simple_022_001_result/_cs_svp_simple_022_001_global_var1_rww_mt_svp_simple_022_001.c line 438 function main thread 0
----------------------------------------------------
  __cs_tmp_t1_r1=11 (1011)

State 107 file /home/dell/zyworkspace/nichecker/Experiment/remarks2.1_basic/svp_simple_022/_mt_svp_simple_022_001_result/_cs_svp_simple_022_001_global_var1_rww_mt_svp_simple_022_001.c line 443 function main thread 0
----------------------------------------------------
  __cs_thread_index=1 (01)

State 108 file /home/dell/zyworkspace/nichecker/Experiment/remarks2.1_basic/svp_simple_022/_mt_svp_simple_022_001_result/_cs_svp_simple_022_001_global_var1_rww_mt_svp_simple_022_001.c line 445 function main thread 0
----------------------------------------------------
  __cs_pc_cs[1l]=11 (1011)

State 113 file /home/dell/zyworkspace/nichecker/Experiment/remarks2.1_basic/svp_simple_022/_mt_svp_simple_022_001_result/_cs_svp_simple_022_001_global_var1_rww_mt_svp_simple_022_001.c line 451 function main thread 0
----------------------------------------------------
  __cs_param_main_task_arg=NULL (0000000000000000000000000000000000000000000000000000000000000000)

State 121 file /home/dell/zyworkspace/nichecker/Experiment/remarks2.1_basic/svp_simple_022/_mt_svp_simple_022_001_result/_cs_svp_simple_022_001_global_var1_rww_mt_svp_simple_022_001.c line 262 function main_task_0 thread 0
----------------------------------------------------
  rww_w1=536870912 (00100000000000000000000000000000)

Violated property:
  file /home/dell/zyworkspace/nichecker/Experiment/remarks2.1_basic/svp_simple_022/_mt_svp_simple_022_001_result/_cs_svp_simple_022_001_global_var1_rww_mt_svp_simple_022_001.c line 264 function main_task_0
  assertion rww_w1 == rww_r_tmp1
  rww_w1 == rww_r_tmp1


** 1 of 2 failed (2 iterations)
VERIFICATION FAILED
