CBMC version 5.6 64-bit x86_64 linux
Parsing /home/dell/zyworkspace/nichecker/Experiment/remarks2.1_basic/svp_simple_022/_mt_svp_simple_022_001_result/_cs_svp_simple_022_001_global_var1_wwr_mt_svp_simple_022_001.c
<command-line>: warning: "__STDC_VERSION__" redefined
<built-in>: note: this is the location of the previous definition
Converting
Type-checking _cs_svp_simple_022_001_global_var1_wwr_mt_svp_simple_022_001
file /home/dell/zyworkspace/nichecker/Experiment/remarks2.1_basic/svp_simple_022/_mt_svp_simple_022_001_result/_cs_svp_simple_022_001_global_var1_wwr_mt_svp_simple_022_001.c line 194 function main_task_0: function `nondet_rand' is not declared
file /home/dell/zyworkspace/nichecker/Experiment/remarks2.1_basic/svp_simple_022/_mt_svp_simple_022_001_result/_cs_svp_simple_022_001_global_var1_wwr_mt_svp_simple_022_001.c line 242 function main_task_0: function `assert' is not declared
Generating GOTO Program
Adding CPROVER library (x86_64)
Removal of function pointers and virtual functions
Partial Inlining
Generic Property Instrumentation
Starting Bounded Model Checking
**** WARNING: no body for function enable_isr
size of program expression: 634 steps
simple slicing removed 19 assignments
Generated 9 VCC(s), 9 remaining after simplification
Passing problem to propositional reduction
converting SSA
Running propositional reduction
Post-processing
Solving with MiniSAT 2.2.1 with simplifier
2863 variables, 8338 clauses
SAT checker: instance is SATISFIABLE
Solving with MiniSAT 2.2.1 with simplifier
2863 variables, 2026 clauses
SAT checker: instance is UNSATISFIABLE
Runtime decision procedure: 0.024s

** Results:
[main_task_0.assertion.1] assertion wwr_r1 == wwr_w_tmp1: FAILURE
[main_task_0.assertion.2] assertion wwr_r2 == wwr_w_tmp1: SUCCESS
[main_task_0.assertion.3] assertion wwr_r2 == wwr_w_tmp1: SUCCESS

Trace for main_task_0.assertion.1:

State 44 file /home/dell/zyworkspace/nichecker/Experiment/remarks2.1_basic/svp_simple_022/_mt_svp_simple_022_001_result/_cs_svp_simple_022_001_global_var1_wwr_mt_svp_simple_022_001.c line 401 function main thread 0
----------------------------------------------------
  __cs_tmp_t1_r0=4 (0100)

State 46 file /home/dell/zyworkspace/nichecker/Experiment/remarks2.1_basic/svp_simple_022/_mt_svp_simple_022_001_result/_cs_svp_simple_022_001_global_var1_wwr_mt_svp_simple_022_001.c line 405 function main thread 0
----------------------------------------------------
  __cs_thread_index=1 (01)

State 47 file /home/dell/zyworkspace/nichecker/Experiment/remarks2.1_basic/svp_simple_022/_mt_svp_simple_022_001_result/_cs_svp_simple_022_001_global_var1_wwr_mt_svp_simple_022_001.c line 407 function main thread 0
----------------------------------------------------
  __cs_pc_cs[1l]=4 (0100)

State 52 file /home/dell/zyworkspace/nichecker/Experiment/remarks2.1_basic/svp_simple_022/_mt_svp_simple_022_001_result/_cs_svp_simple_022_001_global_var1_wwr_mt_svp_simple_022_001.c line 413 function main thread 0
----------------------------------------------------
  __cs_param_main_task_arg=NULL (0000000000000000000000000000000000000000000000000000000000000000)

State 54 file /home/dell/zyworkspace/nichecker/Experiment/remarks2.1_basic/svp_simple_022/_mt_svp_simple_022_001_result/_cs_svp_simple_022_001_global_var1_wwr_mt_svp_simple_022_001.c line 194 function main_task_0 thread 0
----------------------------------------------------
  svp_simple_022_001_global_var1=0 (00000000000000000000000000000000)

State 56 file /home/dell/zyworkspace/nichecker/Experiment/remarks2.1_basic/svp_simple_022/_mt_svp_simple_022_001_result/_cs_svp_simple_022_001_global_var1_wwr_mt_svp_simple_022_001.c line 199 function main_task_0 thread 0
----------------------------------------------------
  svp_simple_022_001_global_var2=0 (00000000000000000000000000000000)

State 58 file /home/dell/zyworkspace/nichecker/Experiment/remarks2.1_basic/svp_simple_022/_mt_svp_simple_022_001_result/_cs_svp_simple_022_001_global_var1_wwr_mt_svp_simple_022_001.c line 204 function main_task_0 thread 0
----------------------------------------------------
  svp_simple_022_001_global_var3=0 (00000000000000000000000000000000)

State 62 file /home/dell/zyworkspace/nichecker/Experiment/remarks2.1_basic/svp_simple_022/_mt_svp_simple_022_001_result/_cs_svp_simple_022_001_global_var1_wwr_mt_svp_simple_022_001.c line 210 function main_task_0 thread 0
----------------------------------------------------
  __cs_disable_thread[2l]=0 (0)

State 63 file /home/dell/zyworkspace/nichecker/Experiment/remarks2.1_basic/svp_simple_022/_mt_svp_simple_022_001_result/_cs_svp_simple_022_001_global_var1_wwr_mt_svp_simple_022_001.c line 213 function main_task_0 thread 0
----------------------------------------------------
  __cs_disable_thread[0l]=0 (0)

State 65 file /home/dell/zyworkspace/nichecker/Experiment/remarks2.1_basic/svp_simple_022/_mt_svp_simple_022_001_result/_cs_svp_simple_022_001_global_var1_wwr_mt_svp_simple_022_001.c line 225 function main_task_0 thread 0
----------------------------------------------------
  svp_simple_022_001_global_var1=0 (00000000000000000000000000000000)

State 66 file /home/dell/zyworkspace/nichecker/Experiment/remarks2.1_basic/svp_simple_022/_mt_svp_simple_022_001_result/_cs_svp_simple_022_001_global_var1_wwr_mt_svp_simple_022_001.c line 227 function main_task_0 thread 0
----------------------------------------------------
  wwr_w_tmp1_num=1 (00000000000000000000000000000001)

State 67 file /home/dell/zyworkspace/nichecker/Experiment/remarks2.1_basic/svp_simple_022/_mt_svp_simple_022_001_result/_cs_svp_simple_022_001_global_var1_wwr_mt_svp_simple_022_001.c line 228 function main_task_0 thread 0
----------------------------------------------------
  wwr_w_tmp1=0 (00000000000000000000000000000000)

State 78 file /home/dell/zyworkspace/nichecker/Experiment/remarks2.1_basic/svp_simple_022/_mt_svp_simple_022_001_result/_cs_svp_simple_022_001_global_var1_wwr_mt_svp_simple_022_001.c line 369 function main_task_0 thread 0
----------------------------------------------------
  __cs_value_ptr=NULL (0000000000000000000000000000000000000000000000000000000000000000)

State 83 file /home/dell/zyworkspace/nichecker/Experiment/remarks2.1_basic/svp_simple_022/_mt_svp_simple_022_001_result/_cs_svp_simple_022_001_global_var1_wwr_mt_svp_simple_022_001.c line 415 function main thread 0
----------------------------------------------------
  __cs_pc[1l]=4 (0100)

State 84 file /home/dell/zyworkspace/nichecker/Experiment/remarks2.1_basic/svp_simple_022/_mt_svp_simple_022_001_result/_cs_svp_simple_022_001_global_var1_wwr_mt_svp_simple_022_001.c line 421 function main thread 0
----------------------------------------------------
  __cs_tmp_t2_r0=1 (1)

State 86 file /home/dell/zyworkspace/nichecker/Experiment/remarks2.1_basic/svp_simple_022/_mt_svp_simple_022_001_result/_cs_svp_simple_022_001_global_var1_wwr_mt_svp_simple_022_001.c line 426 function main thread 0
----------------------------------------------------
  __cs_thread_index=2 (10)

State 87 file /home/dell/zyworkspace/nichecker/Experiment/remarks2.1_basic/svp_simple_022/_mt_svp_simple_022_001_result/_cs_svp_simple_022_001_global_var1_wwr_mt_svp_simple_022_001.c line 428 function main thread 0
----------------------------------------------------
  __cs_pc_cs[2l]=1 (0001)

State 92 file /home/dell/zyworkspace/nichecker/Experiment/remarks2.1_basic/svp_simple_022/_mt_svp_simple_022_001_result/_cs_svp_simple_022_001_global_var1_wwr_mt_svp_simple_022_001.c line 434 function main thread 0
----------------------------------------------------
  __cs_param_svp_simple_022_001_isr_1_arg=NULL (0000000000000000000000000000000000000000000000000000000000000000)

State 94 file /home/dell/zyworkspace/nichecker/Experiment/remarks2.1_basic/svp_simple_022/_mt_svp_simple_022_001_result/_cs_svp_simple_022_001_global_var1_wwr_mt_svp_simple_022_001.c line 378 function svp_simple_022_001_isr_1_0 thread 0
----------------------------------------------------
  svp_simple_022_001_global_var1=1073741824 (01000000000000000000000000000000)

State 98 file /home/dell/zyworkspace/nichecker/Experiment/remarks2.1_basic/svp_simple_022/_mt_svp_simple_022_001_result/_cs_svp_simple_022_001_global_var1_wwr_mt_svp_simple_022_001.c line 389 function svp_simple_022_001_isr_1_0 thread 0
----------------------------------------------------
  __cs_value_ptr=NULL (0000000000000000000000000000000000000000000000000000000000000000)

State 103 file /home/dell/zyworkspace/nichecker/Experiment/remarks2.1_basic/svp_simple_022/_mt_svp_simple_022_001_result/_cs_svp_simple_022_001_global_var1_wwr_mt_svp_simple_022_001.c line 436 function main thread 0
----------------------------------------------------
  __cs_pc[2l]=1 (0001)

State 104 file /home/dell/zyworkspace/nichecker/Experiment/remarks2.1_basic/svp_simple_022/_mt_svp_simple_022_001_result/_cs_svp_simple_022_001_global_var1_wwr_mt_svp_simple_022_001.c line 446 function main thread 0
----------------------------------------------------
  __cs_tmp_t1_r1=11 (1011)

State 106 file /home/dell/zyworkspace/nichecker/Experiment/remarks2.1_basic/svp_simple_022/_mt_svp_simple_022_001_result/_cs_svp_simple_022_001_global_var1_wwr_mt_svp_simple_022_001.c line 451 function main thread 0
----------------------------------------------------
  __cs_thread_index=1 (01)

State 107 file /home/dell/zyworkspace/nichecker/Experiment/remarks2.1_basic/svp_simple_022/_mt_svp_simple_022_001_result/_cs_svp_simple_022_001_global_var1_wwr_mt_svp_simple_022_001.c line 453 function main thread 0
----------------------------------------------------
  __cs_pc_cs[1l]=11 (1011)

State 112 file /home/dell/zyworkspace/nichecker/Experiment/remarks2.1_basic/svp_simple_022/_mt_svp_simple_022_001_result/_cs_svp_simple_022_001_global_var1_wwr_mt_svp_simple_022_001.c line 459 function main thread 0
----------------------------------------------------
  __cs_param_main_task_arg=NULL (0000000000000000000000000000000000000000000000000000000000000000)

State 118 file /home/dell/zyworkspace/nichecker/Experiment/remarks2.1_basic/svp_simple_022/_mt_svp_simple_022_001_result/_cs_svp_simple_022_001_global_var1_wwr_mt_svp_simple_022_001.c line 238 function main_task_0 thread 0
----------------------------------------------------
  __cs_local_main_task___cs_tmp_if_cond_0=TRUE (00000001)

State 119 file /home/dell/zyworkspace/nichecker/Experiment/remarks2.1_basic/svp_simple_022/_mt_svp_simple_022_001_result/_cs_svp_simple_022_001_global_var1_wwr_mt_svp_simple_022_001.c line 240 function main_task_0 thread 0
----------------------------------------------------
  wwr_r1=1073741824 (01000000000000000000000000000000)

Violated property:
  file /home/dell/zyworkspace/nichecker/Experiment/remarks2.1_basic/svp_simple_022/_mt_svp_simple_022_001_result/_cs_svp_simple_022_001_global_var1_wwr_mt_svp_simple_022_001.c line 242 function main_task_0
  assertion wwr_r1 == wwr_w_tmp1
  wwr_r1 == wwr_w_tmp1


** 1 of 3 failed (2 iterations)
VERIFICATION FAILED
