CBMC version 5.6 64-bit x86_64 linux
Parsing /home/dell/zyworkspace/nichecker/Experiment/remarks2.1_LA/svp_simple_023/_mt_svp_simple_023_001_result/_cs_svp_simple_023_001_global_var_rww_mt_svp_simple_023_001.c
<command-line>: warning: "__STDC_VERSION__" redefined
<built-in>: note: this is the location of the previous definition
Converting
Type-checking _cs_svp_simple_023_001_global_var_rww_mt_svp_simple_023_001
file /home/dell/zyworkspace/nichecker/Experiment/remarks2.1_LA/svp_simple_023/_mt_svp_simple_023_001_result/_cs_svp_simple_023_001_global_var_rww_mt_svp_simple_023_001.c line 180 function main_task_0: function `nondet_rand' is not declared
file /home/dell/zyworkspace/nichecker/Experiment/remarks2.1_LA/svp_simple_023/_mt_svp_simple_023_001_result/_cs_svp_simple_023_001_global_var_rww_mt_svp_simple_023_001.c line 237 function main_task_0: function `assert' is not declared
Generating GOTO Program
Adding CPROVER library (x86_64)
Removal of function pointers and virtual functions
Partial Inlining
Generic Property Instrumentation
Starting Bounded Model Checking
**** WARNING: no body for function enable_isr
size of program expression: 398 steps
simple slicing removed 33 assignments
Generated 3 VCC(s), 3 remaining after simplification
Passing problem to propositional reduction
converting SSA
Running propositional reduction
Post-processing
Solving with MiniSAT 2.2.1 with simplifier
2478 variables, 7557 clauses
SAT checker: instance is SATISFIABLE
Runtime decision procedure: 0.018s

** Results:
[main_task_0.assertion.1] assertion rww_w1 == rww_r_tmp1: FAILURE

Trace for main_task_0.assertion.1:

State 40 file /home/dell/zyworkspace/nichecker/Experiment/remarks2.1_LA/svp_simple_023/_mt_svp_simple_023_001_result/_cs_svp_simple_023_001_global_var_rww_mt_svp_simple_023_001.c line 293 function main thread 0
----------------------------------------------------
  __cs_tmp_t1_r0=3 (011)

State 42 file /home/dell/zyworkspace/nichecker/Experiment/remarks2.1_LA/svp_simple_023/_mt_svp_simple_023_001_result/_cs_svp_simple_023_001_global_var_rww_mt_svp_simple_023_001.c line 297 function main thread 0
----------------------------------------------------
  __cs_thread_index=1 (01)

State 43 file /home/dell/zyworkspace/nichecker/Experiment/remarks2.1_LA/svp_simple_023/_mt_svp_simple_023_001_result/_cs_svp_simple_023_001_global_var_rww_mt_svp_simple_023_001.c line 299 function main thread 0
----------------------------------------------------
  __cs_pc_cs[1l]=3 (011)

State 48 file /home/dell/zyworkspace/nichecker/Experiment/remarks2.1_LA/svp_simple_023/_mt_svp_simple_023_001_result/_cs_svp_simple_023_001_global_var_rww_mt_svp_simple_023_001.c line 305 function main thread 0
----------------------------------------------------
  __cs_param_main_task_arg=NULL (0000000000000000000000000000000000000000000000000000000000000000)

State 50 file /home/dell/zyworkspace/nichecker/Experiment/remarks2.1_LA/svp_simple_023/_mt_svp_simple_023_001_result/_cs_svp_simple_023_001_global_var_rww_mt_svp_simple_023_001.c line 180 function main_task_0 thread 0
----------------------------------------------------
  svp_simple_023_001_global_var=2 (00000000000000000000000000000010)

State 54 file /home/dell/zyworkspace/nichecker/Experiment/remarks2.1_LA/svp_simple_023/_mt_svp_simple_023_001_result/_cs_svp_simple_023_001_global_var_rww_mt_svp_simple_023_001.c line 186 function main_task_0 thread 0
----------------------------------------------------
  __cs_disable_thread[2l]=0 (0)

State 55 file /home/dell/zyworkspace/nichecker/Experiment/remarks2.1_LA/svp_simple_023/_mt_svp_simple_023_001_result/_cs_svp_simple_023_001_global_var_rww_mt_svp_simple_023_001.c line 189 function main_task_0 thread 0
----------------------------------------------------
  __cs_disable_thread[0l]=0 (0)

State 57 file /home/dell/zyworkspace/nichecker/Experiment/remarks2.1_LA/svp_simple_023/_mt_svp_simple_023_001_result/_cs_svp_simple_023_001_global_var_rww_mt_svp_simple_023_001.c line 204 function main_task_0 thread 0
----------------------------------------------------
  __cs_local_main_task_var=2 (00000000000000000000000000000010)

State 58 file /home/dell/zyworkspace/nichecker/Experiment/remarks2.1_LA/svp_simple_023/_mt_svp_simple_023_001_result/_cs_svp_simple_023_001_global_var_rww_mt_svp_simple_023_001.c line 206 function main_task_0 thread 0
----------------------------------------------------
  rww_r_tmp1_num=1 (00000000000000000000000000000001)

State 59 file /home/dell/zyworkspace/nichecker/Experiment/remarks2.1_LA/svp_simple_023/_mt_svp_simple_023_001_result/_cs_svp_simple_023_001_global_var_rww_mt_svp_simple_023_001.c line 207 function main_task_0 thread 0
----------------------------------------------------
  rww_r_tmp1=2 (00000000000000000000000000000010)

State 60 file /home/dell/zyworkspace/nichecker/Experiment/remarks2.1_LA/svp_simple_023/_mt_svp_simple_023_001_result/_cs_svp_simple_023_001_global_var_rww_mt_svp_simple_023_001.c line 213 function main_task_0 thread 0
----------------------------------------------------
  __cs_local_main_task___cs_tmp_if_cond_0=TRUE (00000001)

State 62 file /home/dell/zyworkspace/nichecker/Experiment/remarks2.1_LA/svp_simple_023/_mt_svp_simple_023_001_result/_cs_svp_simple_023_001_global_var_rww_mt_svp_simple_023_001.c line 221 function main_task_0 thread 0
----------------------------------------------------
  __cs_temporary_0=0 (00000000000000000000000000000000)

State 64 file /home/dell/zyworkspace/nichecker/Experiment/remarks2.1_LA/svp_simple_023/_mt_svp_simple_023_001_result/_cs_svp_simple_023_001_global_var_rww_mt_svp_simple_023_001.c line 226 function main_task_0 thread 0
----------------------------------------------------
  __cs_temporary_0=3 (00000000000000000000000000000011)

State 65 file /home/dell/zyworkspace/nichecker/Experiment/remarks2.1_LA/svp_simple_023/_mt_svp_simple_023_001_result/_cs_svp_simple_023_001_global_var_rww_mt_svp_simple_023_001.c line 228 function main_task_0 thread 0
----------------------------------------------------
  rww_r_tmp1_num=2 (00000000000000000000000000000010)

State 66 file /home/dell/zyworkspace/nichecker/Experiment/remarks2.1_LA/svp_simple_023/_mt_svp_simple_023_001_result/_cs_svp_simple_023_001_global_var_rww_mt_svp_simple_023_001.c line 229 function main_task_0 thread 0
----------------------------------------------------
  rww_r_tmp1=2 (00000000000000000000000000000010)

State 70 file /home/dell/zyworkspace/nichecker/Experiment/remarks2.1_LA/svp_simple_023/_mt_svp_simple_023_001_result/_cs_svp_simple_023_001_global_var_rww_mt_svp_simple_023_001.c line 261 function main_task_0 thread 0
----------------------------------------------------
  __cs_value_ptr=NULL (0000000000000000000000000000000000000000000000000000000000000000)

State 75 file /home/dell/zyworkspace/nichecker/Experiment/remarks2.1_LA/svp_simple_023/_mt_svp_simple_023_001_result/_cs_svp_simple_023_001_global_var_rww_mt_svp_simple_023_001.c line 307 function main thread 0
----------------------------------------------------
  __cs_pc[1l]=3 (011)

State 76 file /home/dell/zyworkspace/nichecker/Experiment/remarks2.1_LA/svp_simple_023/_mt_svp_simple_023_001_result/_cs_svp_simple_023_001_global_var_rww_mt_svp_simple_023_001.c line 313 function main thread 0
----------------------------------------------------
  __cs_tmp_t2_r0=1 (1)

State 78 file /home/dell/zyworkspace/nichecker/Experiment/remarks2.1_LA/svp_simple_023/_mt_svp_simple_023_001_result/_cs_svp_simple_023_001_global_var_rww_mt_svp_simple_023_001.c line 318 function main thread 0
----------------------------------------------------
  __cs_thread_index=2 (10)

State 79 file /home/dell/zyworkspace/nichecker/Experiment/remarks2.1_LA/svp_simple_023/_mt_svp_simple_023_001_result/_cs_svp_simple_023_001_global_var_rww_mt_svp_simple_023_001.c line 320 function main thread 0
----------------------------------------------------
  __cs_pc_cs[2l]=1 (001)

State 84 file /home/dell/zyworkspace/nichecker/Experiment/remarks2.1_LA/svp_simple_023/_mt_svp_simple_023_001_result/_cs_svp_simple_023_001_global_var_rww_mt_svp_simple_023_001.c line 326 function main thread 0
----------------------------------------------------
  __cs_param_svp_simple_023_001_isr_1_arg=NULL (0000000000000000000000000000000000000000000000000000000000000000)

State 86 file /home/dell/zyworkspace/nichecker/Experiment/remarks2.1_LA/svp_simple_023/_mt_svp_simple_023_001_result/_cs_svp_simple_023_001_global_var_rww_mt_svp_simple_023_001.c line 270 function svp_simple_023_001_isr_1_0 thread 0
----------------------------------------------------
  svp_simple_023_001_global_var=3 (00000000000000000000000000000011)

State 90 file /home/dell/zyworkspace/nichecker/Experiment/remarks2.1_LA/svp_simple_023/_mt_svp_simple_023_001_result/_cs_svp_simple_023_001_global_var_rww_mt_svp_simple_023_001.c line 281 function svp_simple_023_001_isr_1_0 thread 0
----------------------------------------------------
  __cs_value_ptr=NULL (0000000000000000000000000000000000000000000000000000000000000000)

State 95 file /home/dell/zyworkspace/nichecker/Experiment/remarks2.1_LA/svp_simple_023/_mt_svp_simple_023_001_result/_cs_svp_simple_023_001_global_var_rww_mt_svp_simple_023_001.c line 328 function main thread 0
----------------------------------------------------
  __cs_pc[2l]=1 (001)

State 96 file /home/dell/zyworkspace/nichecker/Experiment/remarks2.1_LA/svp_simple_023/_mt_svp_simple_023_001_result/_cs_svp_simple_023_001_global_var_rww_mt_svp_simple_023_001.c line 338 function main thread 0
----------------------------------------------------
  __cs_tmp_t1_r1=3 (011)

State 98 file /home/dell/zyworkspace/nichecker/Experiment/remarks2.1_LA/svp_simple_023/_mt_svp_simple_023_001_result/_cs_svp_simple_023_001_global_var_rww_mt_svp_simple_023_001.c line 343 function main thread 0
----------------------------------------------------
  __cs_thread_index=1 (01)

State 99 file /home/dell/zyworkspace/nichecker/Experiment/remarks2.1_LA/svp_simple_023/_mt_svp_simple_023_001_result/_cs_svp_simple_023_001_global_var_rww_mt_svp_simple_023_001.c line 345 function main thread 0
----------------------------------------------------
  __cs_pc_cs[1l]=3 (011)

State 104 file /home/dell/zyworkspace/nichecker/Experiment/remarks2.1_LA/svp_simple_023/_mt_svp_simple_023_001_result/_cs_svp_simple_023_001_global_var_rww_mt_svp_simple_023_001.c line 351 function main thread 0
----------------------------------------------------
  __cs_param_main_task_arg=NULL (0000000000000000000000000000000000000000000000000000000000000000)

State 111 file /home/dell/zyworkspace/nichecker/Experiment/remarks2.1_LA/svp_simple_023/_mt_svp_simple_023_001_result/_cs_svp_simple_023_001_global_var_rww_mt_svp_simple_023_001.c line 261 function main_task_0 thread 0
----------------------------------------------------
  __cs_value_ptr=NULL (0000000000000000000000000000000000000000000000000000000000000000)

State 116 file /home/dell/zyworkspace/nichecker/Experiment/remarks2.1_LA/svp_simple_023/_mt_svp_simple_023_001_result/_cs_svp_simple_023_001_global_var_rww_mt_svp_simple_023_001.c line 353 function main thread 0
----------------------------------------------------
  __cs_pc[1l]=3 (011)

State 117 file /home/dell/zyworkspace/nichecker/Experiment/remarks2.1_LA/svp_simple_023/_mt_svp_simple_023_001_result/_cs_svp_simple_023_001_global_var_rww_mt_svp_simple_023_001.c line 359 function main thread 0
----------------------------------------------------
  __cs_tmp_t2_r1=1 (1)

State 119 file /home/dell/zyworkspace/nichecker/Experiment/remarks2.1_LA/svp_simple_023/_mt_svp_simple_023_001_result/_cs_svp_simple_023_001_global_var_rww_mt_svp_simple_023_001.c line 364 function main thread 0
----------------------------------------------------
  __cs_thread_index=2 (10)

State 120 file /home/dell/zyworkspace/nichecker/Experiment/remarks2.1_LA/svp_simple_023/_mt_svp_simple_023_001_result/_cs_svp_simple_023_001_global_var_rww_mt_svp_simple_023_001.c line 366 function main thread 0
----------------------------------------------------
  __cs_pc_cs[2l]=1 (001)

State 125 file /home/dell/zyworkspace/nichecker/Experiment/remarks2.1_LA/svp_simple_023/_mt_svp_simple_023_001_result/_cs_svp_simple_023_001_global_var_rww_mt_svp_simple_023_001.c line 372 function main thread 0
----------------------------------------------------
  __cs_param_svp_simple_023_001_isr_1_arg=NULL (0000000000000000000000000000000000000000000000000000000000000000)

State 129 file /home/dell/zyworkspace/nichecker/Experiment/remarks2.1_LA/svp_simple_023/_mt_svp_simple_023_001_result/_cs_svp_simple_023_001_global_var_rww_mt_svp_simple_023_001.c line 281 function svp_simple_023_001_isr_1_0 thread 0
----------------------------------------------------
  __cs_value_ptr=NULL (0000000000000000000000000000000000000000000000000000000000000000)

State 134 file /home/dell/zyworkspace/nichecker/Experiment/remarks2.1_LA/svp_simple_023/_mt_svp_simple_023_001_result/_cs_svp_simple_023_001_global_var_rww_mt_svp_simple_023_001.c line 374 function main thread 0
----------------------------------------------------
  __cs_pc[2l]=1 (001)

State 135 file /home/dell/zyworkspace/nichecker/Experiment/remarks2.1_LA/svp_simple_023/_mt_svp_simple_023_001_result/_cs_svp_simple_023_001_global_var_rww_mt_svp_simple_023_001.c line 378 function main thread 0
----------------------------------------------------
  __cs_tmp_t1_r2=4u (00000000000000000000000000000100)

State 137 file /home/dell/zyworkspace/nichecker/Experiment/remarks2.1_LA/svp_simple_023/_mt_svp_simple_023_001_result/_cs_svp_simple_023_001_global_var_rww_mt_svp_simple_023_001.c line 383 function main thread 0
----------------------------------------------------
  __cs_thread_index=1 (01)

State 138 file /home/dell/zyworkspace/nichecker/Experiment/remarks2.1_LA/svp_simple_023/_mt_svp_simple_023_001_result/_cs_svp_simple_023_001_global_var_rww_mt_svp_simple_023_001.c line 385 function main thread 0
----------------------------------------------------
  __cs_pc_cs[1l]=4 (100)

State 143 file /home/dell/zyworkspace/nichecker/Experiment/remarks2.1_LA/svp_simple_023/_mt_svp_simple_023_001_result/_cs_svp_simple_023_001_global_var_rww_mt_svp_simple_023_001.c line 391 function main thread 0
----------------------------------------------------
  __cs_param_main_task_arg=NULL (0000000000000000000000000000000000000000000000000000000000000000)

State 148 file /home/dell/zyworkspace/nichecker/Experiment/remarks2.1_LA/svp_simple_023/_mt_svp_simple_023_001_result/_cs_svp_simple_023_001_global_var_rww_mt_svp_simple_023_001.c line 235 function main_task_0 thread 0
----------------------------------------------------
  rww_w1=3 (00000000000000000000000000000011)

Violated property:
  file /home/dell/zyworkspace/nichecker/Experiment/remarks2.1_LA/svp_simple_023/_mt_svp_simple_023_001_result/_cs_svp_simple_023_001_global_var_rww_mt_svp_simple_023_001.c line 237 function main_task_0
  assertion rww_w1 == rww_r_tmp1
  rww_w1 == rww_r_tmp1


** 1 of 1 failed (1 iteration)
VERIFICATION FAILED
