CBMC version 5.6 64-bit x86_64 linux
Parsing /home/dell/zyworkspace/nichecker/Experiment/remarks2.1_LA/svp_simple_023/_mt_svp_simple_023_001_result/_cs_svp_simple_023_001_global_var_rwr_mt_svp_simple_023_001.c
<command-line>: warning: "__STDC_VERSION__" redefined
<built-in>: note: this is the location of the previous definition
Converting
Type-checking _cs_svp_simple_023_001_global_var_rwr_mt_svp_simple_023_001
file /home/dell/zyworkspace/nichecker/Experiment/remarks2.1_LA/svp_simple_023/_mt_svp_simple_023_001_result/_cs_svp_simple_023_001_global_var_rwr_mt_svp_simple_023_001.c line 181 function main_task_0: function `nondet_rand' is not declared
file /home/dell/zyworkspace/nichecker/Experiment/remarks2.1_LA/svp_simple_023/_mt_svp_simple_023_001_result/_cs_svp_simple_023_001_global_var_rwr_mt_svp_simple_023_001.c line 209 function main_task_0: function `assert' is not declared
Generating GOTO Program
Adding CPROVER library (x86_64)
Removal of function pointers and virtual functions
Partial Inlining
Generic Property Instrumentation
Starting Bounded Model Checking
**** WARNING: no body for function enable_isr
size of program expression: 422 steps
simple slicing removed 44 assignments
Generated 5 VCC(s), 5 remaining after simplification
Passing problem to propositional reduction
converting SSA
Running propositional reduction
Post-processing
Solving with MiniSAT 2.2.1 with simplifier
2746 variables, 8660 clauses
SAT checker: instance is SATISFIABLE
Solving with MiniSAT 2.2.1 with simplifier
2746 variables, 3316 clauses
SAT checker: instance is UNSATISFIABLE
Runtime decision procedure: 0.017s

** Results:
[main_task_0.assertion.1] assertion rwr_r1 == rwr_tmp1: SUCCESS
[main_task_0.assertion.2] assertion rwr_r2 == rwr_tmp1: FAILURE

Trace for main_task_0.assertion.2:

State 41 file /home/dell/zyworkspace/nichecker/Experiment/remarks2.1_LA/svp_simple_023/_mt_svp_simple_023_001_result/_cs_svp_simple_023_001_global_var_rwr_mt_svp_simple_023_001.c line 298 function main thread 0
----------------------------------------------------
  __cs_tmp_t1_r0=2 (010)

State 43 file /home/dell/zyworkspace/nichecker/Experiment/remarks2.1_LA/svp_simple_023/_mt_svp_simple_023_001_result/_cs_svp_simple_023_001_global_var_rwr_mt_svp_simple_023_001.c line 302 function main thread 0
----------------------------------------------------
  __cs_thread_index=1 (01)

State 44 file /home/dell/zyworkspace/nichecker/Experiment/remarks2.1_LA/svp_simple_023/_mt_svp_simple_023_001_result/_cs_svp_simple_023_001_global_var_rwr_mt_svp_simple_023_001.c line 304 function main thread 0
----------------------------------------------------
  __cs_pc_cs[1l]=2 (010)

State 49 file /home/dell/zyworkspace/nichecker/Experiment/remarks2.1_LA/svp_simple_023/_mt_svp_simple_023_001_result/_cs_svp_simple_023_001_global_var_rwr_mt_svp_simple_023_001.c line 310 function main thread 0
----------------------------------------------------
  __cs_param_main_task_arg=NULL (0000000000000000000000000000000000000000000000000000000000000000)

State 51 file /home/dell/zyworkspace/nichecker/Experiment/remarks2.1_LA/svp_simple_023/_mt_svp_simple_023_001_result/_cs_svp_simple_023_001_global_var_rwr_mt_svp_simple_023_001.c line 181 function main_task_0 thread 0
----------------------------------------------------
  svp_simple_023_001_global_var=4 (00000000000000000000000000000100)

State 55 file /home/dell/zyworkspace/nichecker/Experiment/remarks2.1_LA/svp_simple_023/_mt_svp_simple_023_001_result/_cs_svp_simple_023_001_global_var_rwr_mt_svp_simple_023_001.c line 187 function main_task_0 thread 0
----------------------------------------------------
  __cs_disable_thread[2l]=0 (0)

State 56 file /home/dell/zyworkspace/nichecker/Experiment/remarks2.1_LA/svp_simple_023/_mt_svp_simple_023_001_result/_cs_svp_simple_023_001_global_var_rwr_mt_svp_simple_023_001.c line 190 function main_task_0 thread 0
----------------------------------------------------
  __cs_disable_thread[0l]=0 (0)

State 58 file /home/dell/zyworkspace/nichecker/Experiment/remarks2.1_LA/svp_simple_023/_mt_svp_simple_023_001_result/_cs_svp_simple_023_001_global_var_rwr_mt_svp_simple_023_001.c line 205 function main_task_0 thread 0
----------------------------------------------------
  __cs_local_main_task_var=4 (00000000000000000000000000000100)

State 59 file /home/dell/zyworkspace/nichecker/Experiment/remarks2.1_LA/svp_simple_023/_mt_svp_simple_023_001_result/_cs_svp_simple_023_001_global_var_rwr_mt_svp_simple_023_001.c line 207 function main_task_0 thread 0
----------------------------------------------------
  rwr_r1=4 (00000000000000000000000000000100)

State 61 file /home/dell/zyworkspace/nichecker/Experiment/remarks2.1_LA/svp_simple_023/_mt_svp_simple_023_001_result/_cs_svp_simple_023_001_global_var_rwr_mt_svp_simple_023_001.c line 211 function main_task_0 thread 0
----------------------------------------------------
  rwr_tmp1_num=1 (00000000000000000000000000000001)

State 62 file /home/dell/zyworkspace/nichecker/Experiment/remarks2.1_LA/svp_simple_023/_mt_svp_simple_023_001_result/_cs_svp_simple_023_001_global_var_rwr_mt_svp_simple_023_001.c line 212 function main_task_0 thread 0
----------------------------------------------------
  rwr_tmp1=4 (00000000000000000000000000000100)

State 63 file /home/dell/zyworkspace/nichecker/Experiment/remarks2.1_LA/svp_simple_023/_mt_svp_simple_023_001_result/_cs_svp_simple_023_001_global_var_rwr_mt_svp_simple_023_001.c line 218 function main_task_0 thread 0
----------------------------------------------------
  __cs_local_main_task___cs_tmp_if_cond_0=TRUE (00000001)

State 65 file /home/dell/zyworkspace/nichecker/Experiment/remarks2.1_LA/svp_simple_023/_mt_svp_simple_023_001_result/_cs_svp_simple_023_001_global_var_rwr_mt_svp_simple_023_001.c line 226 function main_task_0 thread 0
----------------------------------------------------
  __cs_temporary_0=0 (00000000000000000000000000000000)

State 70 file /home/dell/zyworkspace/nichecker/Experiment/remarks2.1_LA/svp_simple_023/_mt_svp_simple_023_001_result/_cs_svp_simple_023_001_global_var_rwr_mt_svp_simple_023_001.c line 266 function main_task_0 thread 0
----------------------------------------------------
  __cs_value_ptr=NULL (0000000000000000000000000000000000000000000000000000000000000000)

State 75 file /home/dell/zyworkspace/nichecker/Experiment/remarks2.1_LA/svp_simple_023/_mt_svp_simple_023_001_result/_cs_svp_simple_023_001_global_var_rwr_mt_svp_simple_023_001.c line 312 function main thread 0
----------------------------------------------------
  __cs_pc[1l]=2 (010)

State 76 file /home/dell/zyworkspace/nichecker/Experiment/remarks2.1_LA/svp_simple_023/_mt_svp_simple_023_001_result/_cs_svp_simple_023_001_global_var_rwr_mt_svp_simple_023_001.c line 318 function main thread 0
----------------------------------------------------
  __cs_tmp_t2_r0=1 (1)

State 78 file /home/dell/zyworkspace/nichecker/Experiment/remarks2.1_LA/svp_simple_023/_mt_svp_simple_023_001_result/_cs_svp_simple_023_001_global_var_rwr_mt_svp_simple_023_001.c line 323 function main thread 0
----------------------------------------------------
  __cs_thread_index=2 (10)

State 79 file /home/dell/zyworkspace/nichecker/Experiment/remarks2.1_LA/svp_simple_023/_mt_svp_simple_023_001_result/_cs_svp_simple_023_001_global_var_rwr_mt_svp_simple_023_001.c line 325 function main thread 0
----------------------------------------------------
  __cs_pc_cs[2l]=1 (001)

State 84 file /home/dell/zyworkspace/nichecker/Experiment/remarks2.1_LA/svp_simple_023/_mt_svp_simple_023_001_result/_cs_svp_simple_023_001_global_var_rwr_mt_svp_simple_023_001.c line 331 function main thread 0
----------------------------------------------------
  __cs_param_svp_simple_023_001_isr_1_arg=NULL (0000000000000000000000000000000000000000000000000000000000000000)

State 86 file /home/dell/zyworkspace/nichecker/Experiment/remarks2.1_LA/svp_simple_023/_mt_svp_simple_023_001_result/_cs_svp_simple_023_001_global_var_rwr_mt_svp_simple_023_001.c line 275 function svp_simple_023_001_isr_1_0 thread 0
----------------------------------------------------
  svp_simple_023_001_global_var=32772 (00000000000000001000000000000100)

State 90 file /home/dell/zyworkspace/nichecker/Experiment/remarks2.1_LA/svp_simple_023/_mt_svp_simple_023_001_result/_cs_svp_simple_023_001_global_var_rwr_mt_svp_simple_023_001.c line 286 function svp_simple_023_001_isr_1_0 thread 0
----------------------------------------------------
  __cs_value_ptr=NULL (0000000000000000000000000000000000000000000000000000000000000000)

State 95 file /home/dell/zyworkspace/nichecker/Experiment/remarks2.1_LA/svp_simple_023/_mt_svp_simple_023_001_result/_cs_svp_simple_023_001_global_var_rwr_mt_svp_simple_023_001.c line 333 function main thread 0
----------------------------------------------------
  __cs_pc[2l]=1 (001)

State 96 file /home/dell/zyworkspace/nichecker/Experiment/remarks2.1_LA/svp_simple_023/_mt_svp_simple_023_001_result/_cs_svp_simple_023_001_global_var_rwr_mt_svp_simple_023_001.c line 343 function main thread 0
----------------------------------------------------
  __cs_tmp_t1_r1=3 (011)

State 98 file /home/dell/zyworkspace/nichecker/Experiment/remarks2.1_LA/svp_simple_023/_mt_svp_simple_023_001_result/_cs_svp_simple_023_001_global_var_rwr_mt_svp_simple_023_001.c line 348 function main thread 0
----------------------------------------------------
  __cs_thread_index=1 (01)

State 99 file /home/dell/zyworkspace/nichecker/Experiment/remarks2.1_LA/svp_simple_023/_mt_svp_simple_023_001_result/_cs_svp_simple_023_001_global_var_rwr_mt_svp_simple_023_001.c line 350 function main thread 0
----------------------------------------------------
  __cs_pc_cs[1l]=3 (011)

State 104 file /home/dell/zyworkspace/nichecker/Experiment/remarks2.1_LA/svp_simple_023/_mt_svp_simple_023_001_result/_cs_svp_simple_023_001_global_var_rwr_mt_svp_simple_023_001.c line 356 function main thread 0
----------------------------------------------------
  __cs_param_main_task_arg=NULL (0000000000000000000000000000000000000000000000000000000000000000)

State 108 file /home/dell/zyworkspace/nichecker/Experiment/remarks2.1_LA/svp_simple_023/_mt_svp_simple_023_001_result/_cs_svp_simple_023_001_global_var_rwr_mt_svp_simple_023_001.c line 231 function main_task_0 thread 0
----------------------------------------------------
  __cs_temporary_0=32773 (00000000000000001000000000000101)

State 109 file /home/dell/zyworkspace/nichecker/Experiment/remarks2.1_LA/svp_simple_023/_mt_svp_simple_023_001_result/_cs_svp_simple_023_001_global_var_rwr_mt_svp_simple_023_001.c line 233 function main_task_0 thread 0
----------------------------------------------------
  rwr_r2=32772 (00000000000000001000000000000100)

Violated property:
  file /home/dell/zyworkspace/nichecker/Experiment/remarks2.1_LA/svp_simple_023/_mt_svp_simple_023_001_result/_cs_svp_simple_023_001_global_var_rwr_mt_svp_simple_023_001.c line 235 function main_task_0
  assertion rwr_r2 == rwr_tmp1
  rwr_r2 == rwr_tmp1


** 1 of 2 failed (2 iterations)
VERIFICATION FAILED
