CBMC version 5.6 64-bit x86_64 linux
Parsing /home/dell/zyworkspace/nichecker/Experiment/remarks2.1_basic/svp_simple_023/_mt_svp_simple_023_001_result/_cs_svp_simple_023_001_global_var_rww_mt_svp_simple_023_001.c
<command-line>: warning: "__STDC_VERSION__" redefined
<built-in>: note: this is the location of the previous definition
Converting
Type-checking _cs_svp_simple_023_001_global_var_rww_mt_svp_simple_023_001
file /home/dell/zyworkspace/nichecker/Experiment/remarks2.1_basic/svp_simple_023/_mt_svp_simple_023_001_result/_cs_svp_simple_023_001_global_var_rww_mt_svp_simple_023_001.c line 181 function main_task_0: function `nondet_rand' is not declared
file /home/dell/zyworkspace/nichecker/Experiment/remarks2.1_basic/svp_simple_023/_mt_svp_simple_023_001_result/_cs_svp_simple_023_001_global_var_rww_mt_svp_simple_023_001.c line 238 function main_task_0: function `assert' is not declared
Generating GOTO Program
Adding CPROVER library (x86_64)
Removal of function pointers and virtual functions
Partial Inlining
Generic Property Instrumentation
Starting Bounded Model Checking
**** WARNING: no body for function enable_isr
size of program expression: 398 steps
simple slicing removed 33 assignments
Generated 3 VCC(s), 3 remaining after simplification
Passing problem to propositional reduction
converting SSA
Running propositional reduction
Post-processing
Solving with MiniSAT 2.2.1 with simplifier
2478 variables, 7557 clauses
SAT checker: instance is SATISFIABLE
Runtime decision procedure: 0.016s

** Results:
[main_task_0.assertion.1] assertion rww_w1 == rww_r_tmp1: FAILURE

Trace for main_task_0.assertion.1:

State 40 file /home/dell/zyworkspace/nichecker/Experiment/remarks2.1_basic/svp_simple_023/_mt_svp_simple_023_001_result/_cs_svp_simple_023_001_global_var_rww_mt_svp_simple_023_001.c line 294 function main thread 0
----------------------------------------------------
  __cs_tmp_t1_r0=3 (011)

State 42 file /home/dell/zyworkspace/nichecker/Experiment/remarks2.1_basic/svp_simple_023/_mt_svp_simple_023_001_result/_cs_svp_simple_023_001_global_var_rww_mt_svp_simple_023_001.c line 298 function main thread 0
----------------------------------------------------
  __cs_thread_index=1 (01)

State 43 file /home/dell/zyworkspace/nichecker/Experiment/remarks2.1_basic/svp_simple_023/_mt_svp_simple_023_001_result/_cs_svp_simple_023_001_global_var_rww_mt_svp_simple_023_001.c line 300 function main thread 0
----------------------------------------------------
  __cs_pc_cs[1l]=3 (011)

State 48 file /home/dell/zyworkspace/nichecker/Experiment/remarks2.1_basic/svp_simple_023/_mt_svp_simple_023_001_result/_cs_svp_simple_023_001_global_var_rww_mt_svp_simple_023_001.c line 306 function main thread 0
----------------------------------------------------
  __cs_param_main_task_arg=NULL (0000000000000000000000000000000000000000000000000000000000000000)

State 50 file /home/dell/zyworkspace/nichecker/Experiment/remarks2.1_basic/svp_simple_023/_mt_svp_simple_023_001_result/_cs_svp_simple_023_001_global_var_rww_mt_svp_simple_023_001.c line 181 function main_task_0 thread 0
----------------------------------------------------
  svp_simple_023_001_global_var=1 (00000000000000000000000000000001)

State 54 file /home/dell/zyworkspace/nichecker/Experiment/remarks2.1_basic/svp_simple_023/_mt_svp_simple_023_001_result/_cs_svp_simple_023_001_global_var_rww_mt_svp_simple_023_001.c line 187 function main_task_0 thread 0
----------------------------------------------------
  __cs_disable_thread[2l]=0 (0)

State 55 file /home/dell/zyworkspace/nichecker/Experiment/remarks2.1_basic/svp_simple_023/_mt_svp_simple_023_001_result/_cs_svp_simple_023_001_global_var_rww_mt_svp_simple_023_001.c line 190 function main_task_0 thread 0
----------------------------------------------------
  __cs_disable_thread[0l]=0 (0)

State 57 file /home/dell/zyworkspace/nichecker/Experiment/remarks2.1_basic/svp_simple_023/_mt_svp_simple_023_001_result/_cs_svp_simple_023_001_global_var_rww_mt_svp_simple_023_001.c line 205 function main_task_0 thread 0
----------------------------------------------------
  __cs_local_main_task_var=1 (00000000000000000000000000000001)

State 58 file /home/dell/zyworkspace/nichecker/Experiment/remarks2.1_basic/svp_simple_023/_mt_svp_simple_023_001_result/_cs_svp_simple_023_001_global_var_rww_mt_svp_simple_023_001.c line 207 function main_task_0 thread 0
----------------------------------------------------
  rww_r_tmp1_num=1 (00000000000000000000000000000001)

State 59 file /home/dell/zyworkspace/nichecker/Experiment/remarks2.1_basic/svp_simple_023/_mt_svp_simple_023_001_result/_cs_svp_simple_023_001_global_var_rww_mt_svp_simple_023_001.c line 208 function main_task_0 thread 0
----------------------------------------------------
  rww_r_tmp1=1 (00000000000000000000000000000001)

State 60 file /home/dell/zyworkspace/nichecker/Experiment/remarks2.1_basic/svp_simple_023/_mt_svp_simple_023_001_result/_cs_svp_simple_023_001_global_var_rww_mt_svp_simple_023_001.c line 214 function main_task_0 thread 0
----------------------------------------------------
  __cs_local_main_task___cs_tmp_if_cond_0=TRUE (00000001)

State 62 file /home/dell/zyworkspace/nichecker/Experiment/remarks2.1_basic/svp_simple_023/_mt_svp_simple_023_001_result/_cs_svp_simple_023_001_global_var_rww_mt_svp_simple_023_001.c line 222 function main_task_0 thread 0
----------------------------------------------------
  __cs_temporary_0=0 (00000000000000000000000000000000)

State 64 file /home/dell/zyworkspace/nichecker/Experiment/remarks2.1_basic/svp_simple_023/_mt_svp_simple_023_001_result/_cs_svp_simple_023_001_global_var_rww_mt_svp_simple_023_001.c line 227 function main_task_0 thread 0
----------------------------------------------------
  __cs_temporary_0=2 (00000000000000000000000000000010)

State 65 file /home/dell/zyworkspace/nichecker/Experiment/remarks2.1_basic/svp_simple_023/_mt_svp_simple_023_001_result/_cs_svp_simple_023_001_global_var_rww_mt_svp_simple_023_001.c line 229 function main_task_0 thread 0
----------------------------------------------------
  rww_r_tmp1_num=2 (00000000000000000000000000000010)

State 66 file /home/dell/zyworkspace/nichecker/Experiment/remarks2.1_basic/svp_simple_023/_mt_svp_simple_023_001_result/_cs_svp_simple_023_001_global_var_rww_mt_svp_simple_023_001.c line 230 function main_task_0 thread 0
----------------------------------------------------
  rww_r_tmp1=1 (00000000000000000000000000000001)

State 70 file /home/dell/zyworkspace/nichecker/Experiment/remarks2.1_basic/svp_simple_023/_mt_svp_simple_023_001_result/_cs_svp_simple_023_001_global_var_rww_mt_svp_simple_023_001.c line 262 function main_task_0 thread 0
----------------------------------------------------
  __cs_value_ptr=NULL (0000000000000000000000000000000000000000000000000000000000000000)

State 75 file /home/dell/zyworkspace/nichecker/Experiment/remarks2.1_basic/svp_simple_023/_mt_svp_simple_023_001_result/_cs_svp_simple_023_001_global_var_rww_mt_svp_simple_023_001.c line 308 function main thread 0
----------------------------------------------------
  __cs_pc[1l]=3 (011)

State 76 file /home/dell/zyworkspace/nichecker/Experiment/remarks2.1_basic/svp_simple_023/_mt_svp_simple_023_001_result/_cs_svp_simple_023_001_global_var_rww_mt_svp_simple_023_001.c line 314 function main thread 0
----------------------------------------------------
  __cs_tmp_t2_r0=1 (1)

State 78 file /home/dell/zyworkspace/nichecker/Experiment/remarks2.1_basic/svp_simple_023/_mt_svp_simple_023_001_result/_cs_svp_simple_023_001_global_var_rww_mt_svp_simple_023_001.c line 319 function main thread 0
----------------------------------------------------
  __cs_thread_index=2 (10)

State 79 file /home/dell/zyworkspace/nichecker/Experiment/remarks2.1_basic/svp_simple_023/_mt_svp_simple_023_001_result/_cs_svp_simple_023_001_global_var_rww_mt_svp_simple_023_001.c line 321 function main thread 0
----------------------------------------------------
  __cs_pc_cs[2l]=1 (001)

State 84 file /home/dell/zyworkspace/nichecker/Experiment/remarks2.1_basic/svp_simple_023/_mt_svp_simple_023_001_result/_cs_svp_simple_023_001_global_var_rww_mt_svp_simple_023_001.c line 327 function main thread 0
----------------------------------------------------
  __cs_param_svp_simple_023_001_isr_1_arg=NULL (0000000000000000000000000000000000000000000000000000000000000000)

State 86 file /home/dell/zyworkspace/nichecker/Experiment/remarks2.1_basic/svp_simple_023/_mt_svp_simple_023_001_result/_cs_svp_simple_023_001_global_var_rww_mt_svp_simple_023_001.c line 271 function svp_simple_023_001_isr_1_0 thread 0
----------------------------------------------------
  svp_simple_023_001_global_var=0 (00000000000000000000000000000000)

State 90 file /home/dell/zyworkspace/nichecker/Experiment/remarks2.1_basic/svp_simple_023/_mt_svp_simple_023_001_result/_cs_svp_simple_023_001_global_var_rww_mt_svp_simple_023_001.c line 282 function svp_simple_023_001_isr_1_0 thread 0
----------------------------------------------------
  __cs_value_ptr=NULL (0000000000000000000000000000000000000000000000000000000000000000)

State 95 file /home/dell/zyworkspace/nichecker/Experiment/remarks2.1_basic/svp_simple_023/_mt_svp_simple_023_001_result/_cs_svp_simple_023_001_global_var_rww_mt_svp_simple_023_001.c line 329 function main thread 0
----------------------------------------------------
  __cs_pc[2l]=1 (001)

State 96 file /home/dell/zyworkspace/nichecker/Experiment/remarks2.1_basic/svp_simple_023/_mt_svp_simple_023_001_result/_cs_svp_simple_023_001_global_var_rww_mt_svp_simple_023_001.c line 339 function main thread 0
----------------------------------------------------
  __cs_tmp_t1_r1=3 (011)

State 98 file /home/dell/zyworkspace/nichecker/Experiment/remarks2.1_basic/svp_simple_023/_mt_svp_simple_023_001_result/_cs_svp_simple_023_001_global_var_rww_mt_svp_simple_023_001.c line 344 function main thread 0
----------------------------------------------------
  __cs_thread_index=1 (01)

State 99 file /home/dell/zyworkspace/nichecker/Experiment/remarks2.1_basic/svp_simple_023/_mt_svp_simple_023_001_result/_cs_svp_simple_023_001_global_var_rww_mt_svp_simple_023_001.c line 346 function main thread 0
----------------------------------------------------
  __cs_pc_cs[1l]=3 (011)

State 104 file /home/dell/zyworkspace/nichecker/Experiment/remarks2.1_basic/svp_simple_023/_mt_svp_simple_023_001_result/_cs_svp_simple_023_001_global_var_rww_mt_svp_simple_023_001.c line 352 function main thread 0
----------------------------------------------------
  __cs_param_main_task_arg=NULL (0000000000000000000000000000000000000000000000000000000000000000)

State 111 file /home/dell/zyworkspace/nichecker/Experiment/remarks2.1_basic/svp_simple_023/_mt_svp_simple_023_001_result/_cs_svp_simple_023_001_global_var_rww_mt_svp_simple_023_001.c line 262 function main_task_0 thread 0
----------------------------------------------------
  __cs_value_ptr=NULL (0000000000000000000000000000000000000000000000000000000000000000)

State 116 file /home/dell/zyworkspace/nichecker/Experiment/remarks2.1_basic/svp_simple_023/_mt_svp_simple_023_001_result/_cs_svp_simple_023_001_global_var_rww_mt_svp_simple_023_001.c line 354 function main thread 0
----------------------------------------------------
  __cs_pc[1l]=3 (011)

State 117 file /home/dell/zyworkspace/nichecker/Experiment/remarks2.1_basic/svp_simple_023/_mt_svp_simple_023_001_result/_cs_svp_simple_023_001_global_var_rww_mt_svp_simple_023_001.c line 360 function main thread 0
----------------------------------------------------
  __cs_tmp_t2_r1=1 (1)

State 119 file /home/dell/zyworkspace/nichecker/Experiment/remarks2.1_basic/svp_simple_023/_mt_svp_simple_023_001_result/_cs_svp_simple_023_001_global_var_rww_mt_svp_simple_023_001.c line 365 function main thread 0
----------------------------------------------------
  __cs_thread_index=2 (10)

State 120 file /home/dell/zyworkspace/nichecker/Experiment/remarks2.1_basic/svp_simple_023/_mt_svp_simple_023_001_result/_cs_svp_simple_023_001_global_var_rww_mt_svp_simple_023_001.c line 367 function main thread 0
----------------------------------------------------
  __cs_pc_cs[2l]=1 (001)

State 125 file /home/dell/zyworkspace/nichecker/Experiment/remarks2.1_basic/svp_simple_023/_mt_svp_simple_023_001_result/_cs_svp_simple_023_001_global_var_rww_mt_svp_simple_023_001.c line 373 function main thread 0
----------------------------------------------------
  __cs_param_svp_simple_023_001_isr_1_arg=NULL (0000000000000000000000000000000000000000000000000000000000000000)

State 129 file /home/dell/zyworkspace/nichecker/Experiment/remarks2.1_basic/svp_simple_023/_mt_svp_simple_023_001_result/_cs_svp_simple_023_001_global_var_rww_mt_svp_simple_023_001.c line 282 function svp_simple_023_001_isr_1_0 thread 0
----------------------------------------------------
  __cs_value_ptr=NULL (0000000000000000000000000000000000000000000000000000000000000000)

State 134 file /home/dell/zyworkspace/nichecker/Experiment/remarks2.1_basic/svp_simple_023/_mt_svp_simple_023_001_result/_cs_svp_simple_023_001_global_var_rww_mt_svp_simple_023_001.c line 375 function main thread 0
----------------------------------------------------
  __cs_pc[2l]=1 (001)

State 135 file /home/dell/zyworkspace/nichecker/Experiment/remarks2.1_basic/svp_simple_023/_mt_svp_simple_023_001_result/_cs_svp_simple_023_001_global_var_rww_mt_svp_simple_023_001.c line 379 function main thread 0
----------------------------------------------------
  __cs_tmp_t1_r2=4u (00000000000000000000000000000100)

State 137 file /home/dell/zyworkspace/nichecker/Experiment/remarks2.1_basic/svp_simple_023/_mt_svp_simple_023_001_result/_cs_svp_simple_023_001_global_var_rww_mt_svp_simple_023_001.c line 384 function main thread 0
----------------------------------------------------
  __cs_thread_index=1 (01)

State 138 file /home/dell/zyworkspace/nichecker/Experiment/remarks2.1_basic/svp_simple_023/_mt_svp_simple_023_001_result/_cs_svp_simple_023_001_global_var_rww_mt_svp_simple_023_001.c line 386 function main thread 0
----------------------------------------------------
  __cs_pc_cs[1l]=4 (100)

State 143 file /home/dell/zyworkspace/nichecker/Experiment/remarks2.1_basic/svp_simple_023/_mt_svp_simple_023_001_result/_cs_svp_simple_023_001_global_var_rww_mt_svp_simple_023_001.c line 392 function main thread 0
----------------------------------------------------
  __cs_param_main_task_arg=NULL (0000000000000000000000000000000000000000000000000000000000000000)

State 148 file /home/dell/zyworkspace/nichecker/Experiment/remarks2.1_basic/svp_simple_023/_mt_svp_simple_023_001_result/_cs_svp_simple_023_001_global_var_rww_mt_svp_simple_023_001.c line 236 function main_task_0 thread 0
----------------------------------------------------
  rww_w1=0 (00000000000000000000000000000000)

Violated property:
  file /home/dell/zyworkspace/nichecker/Experiment/remarks2.1_basic/svp_simple_023/_mt_svp_simple_023_001_result/_cs_svp_simple_023_001_global_var_rww_mt_svp_simple_023_001.c line 238 function main_task_0
  assertion rww_w1 == rww_r_tmp1
  rww_w1 == rww_r_tmp1


** 1 of 1 failed (1 iteration)
VERIFICATION FAILED
