CBMC version 5.6 64-bit x86_64 linux
Parsing /home/dell/zyworkspace/nichecker/Experiment/Testrealpro/brake3/_mt_main_result/_cs_test_global_var1_rwr_mt_main.c
<command-line>: warning: "__STDC_VERSION__" redefined
<built-in>: note: this is the location of the previous definition
Converting
Type-checking _cs_test_global_var1_rwr_mt_main
file /home/dell/zyworkspace/nichecker/Experiment/Testrealpro/brake3/_mt_main_result/_cs_test_global_var1_rwr_mt_main.c line 549 function main_task_0: function `disable_isr' is not declared
file /home/dell/zyworkspace/nichecker/Experiment/Testrealpro/brake3/_mt_main_result/_cs_test_global_var1_rwr_mt_main.c line 583 function main_task_0: function `enable_isr' is not declared
file /home/dell/zyworkspace/nichecker/Experiment/Testrealpro/brake3/_mt_main_result/_cs_test_global_var1_rwr_mt_main.c line 797 function task_RR_Wheel_isr_0: function `assert' is not declared
Generating GOTO Program
Adding CPROVER library (x86_64)
Removal of function pointers and virtual functions
Partial Inlining
Generic Property Instrumentation
Starting Bounded Model Checking
**** WARNING: no body for function disable_isr
**** WARNING: no body for function enable_isr
size of program expression: 1925 steps
simple slicing removed 604 assignments
Generated 3 VCC(s), 3 remaining after simplification
Passing problem to propositional reduction
converting SSA
Running propositional reduction
Post-processing
Solving with MiniSAT 2.2.1 with simplifier
7646 variables, 19823 clauses
SAT checker: instance is SATISFIABLE
Solving with MiniSAT 2.2.1 with simplifier
7646 variables, 889 clauses
SAT checker inconsistent: instance is UNSATISFIABLE
Runtime decision procedure: 0.085s

** Results:
[task_RR_Wheel_isr_0.assertion.1] assertion rwr_r1 == rwr_tmp3: SUCCESS
[task_RR_Wheel_isr_0.assertion.2] assertion rwr_r2 == rwr_tmp3: FAILURE

Trace for task_RR_Wheel_isr_0.assertion.2:

State 154 file /home/dell/zyworkspace/nichecker/Experiment/Testrealpro/brake3/_mt_main_result/_cs_test_global_var1_rwr_mt_main.c line 916 function main thread 0
----------------------------------------------------
  __cs_tmp_t1_r0=4 (100)

State 156 file /home/dell/zyworkspace/nichecker/Experiment/Testrealpro/brake3/_mt_main_result/_cs_test_global_var1_rwr_mt_main.c line 920 function main thread 0
----------------------------------------------------
  __cs_thread_index=1 (001)

State 157 file /home/dell/zyworkspace/nichecker/Experiment/Testrealpro/brake3/_mt_main_result/_cs_test_global_var1_rwr_mt_main.c line 922 function main thread 0
----------------------------------------------------
  __cs_pc_cs[1l]=4 (100)

State 162 file /home/dell/zyworkspace/nichecker/Experiment/Testrealpro/brake3/_mt_main_result/_cs_test_global_var1_rwr_mt_main.c line 928 function main thread 0
----------------------------------------------------
  __cs_param_main_task_arg=NULL (0000000000000000000000000000000000000000000000000000000000000000)

State 167 file /home/dell/zyworkspace/nichecker/Experiment/Testrealpro/brake3/_mt_main_result/_cs_test_global_var1_rwr_mt_main.c line 551 function main_task_0 thread 0
----------------------------------------------------
  __cs_disable_thread[3l]=1 (1)

State 168 file /home/dell/zyworkspace/nichecker/Experiment/Testrealpro/brake3/_mt_main_result/_cs_test_global_var1_rwr_mt_main.c line 554 function main_task_0 thread 0
----------------------------------------------------
  __cs_disable_thread[5l]=1 (1)

State 169 file /home/dell/zyworkspace/nichecker/Experiment/Testrealpro/brake3/_mt_main_result/_cs_test_global_var1_rwr_mt_main.c line 557 function main_task_0 thread 0
----------------------------------------------------
  __cs_disable_thread[2l]=1 (1)

State 170 file /home/dell/zyworkspace/nichecker/Experiment/Testrealpro/brake3/_mt_main_result/_cs_test_global_var1_rwr_mt_main.c line 560 function main_task_0 thread 0
----------------------------------------------------
  __cs_disable_thread[4l]=1 (1)

State 171 file /home/dell/zyworkspace/nichecker/Experiment/Testrealpro/brake3/_mt_main_result/_cs_test_global_var1_rwr_mt_main.c line 563 function main_task_0 thread 0
----------------------------------------------------
  __cs_disable_thread[0l]=1 (1)

State 172 file /home/dell/zyworkspace/nichecker/Experiment/Testrealpro/brake3/_mt_main_result/_cs_test_global_var1_rwr_mt_main.c line 568 function main_task_0 thread 0
----------------------------------------------------
  test_global_condition1=1 (00000000000000000000000000000001)

State 174 file /home/dell/zyworkspace/nichecker/Experiment/Testrealpro/brake3/_mt_main_result/_cs_test_global_var1_rwr_mt_main.c line 573 function main_task_0 thread 0
----------------------------------------------------
  test_global_condition2=1 (00000000000000000000000000000001)

State 176 file /home/dell/zyworkspace/nichecker/Experiment/Testrealpro/brake3/_mt_main_result/_cs_test_global_var1_rwr_mt_main.c line 578 function main_task_0 thread 0
----------------------------------------------------
  test_global_condition3=1 (00000000000000000000000000000001)

State 181 file /home/dell/zyworkspace/nichecker/Experiment/Testrealpro/brake3/_mt_main_result/_cs_test_global_var1_rwr_mt_main.c line 585 function main_task_0 thread 0
----------------------------------------------------
  __cs_disable_thread[3l]=0 (0)

State 182 file /home/dell/zyworkspace/nichecker/Experiment/Testrealpro/brake3/_mt_main_result/_cs_test_global_var1_rwr_mt_main.c line 588 function main_task_0 thread 0
----------------------------------------------------
  __cs_disable_thread[5l]=0 (0)

State 183 file /home/dell/zyworkspace/nichecker/Experiment/Testrealpro/brake3/_mt_main_result/_cs_test_global_var1_rwr_mt_main.c line 591 function main_task_0 thread 0
----------------------------------------------------
  __cs_disable_thread[2l]=0 (0)

State 184 file /home/dell/zyworkspace/nichecker/Experiment/Testrealpro/brake3/_mt_main_result/_cs_test_global_var1_rwr_mt_main.c line 594 function main_task_0 thread 0
----------------------------------------------------
  __cs_disable_thread[4l]=0 (0)

State 185 file /home/dell/zyworkspace/nichecker/Experiment/Testrealpro/brake3/_mt_main_result/_cs_test_global_var1_rwr_mt_main.c line 597 function main_task_0 thread 0
----------------------------------------------------
  __cs_disable_thread[0l]=0 (0)

State 189 file /home/dell/zyworkspace/nichecker/Experiment/Testrealpro/brake3/_mt_main_result/_cs_test_global_var1_rwr_mt_main.c line 619 function main_task_0 thread 0
----------------------------------------------------
  __cs_value_ptr=NULL (0000000000000000000000000000000000000000000000000000000000000000)

State 194 file /home/dell/zyworkspace/nichecker/Experiment/Testrealpro/brake3/_mt_main_result/_cs_test_global_var1_rwr_mt_main.c line 930 function main thread 0
----------------------------------------------------
  __cs_pc[1l]=4 (100)

State 195 file /home/dell/zyworkspace/nichecker/Experiment/Testrealpro/brake3/_mt_main_result/_cs_test_global_var1_rwr_mt_main.c line 936 function main thread 0
----------------------------------------------------
  __cs_tmp_t2_r0=0 (0)

State 197 file /home/dell/zyworkspace/nichecker/Experiment/Testrealpro/brake3/_mt_main_result/_cs_test_global_var1_rwr_mt_main.c line 941 function main thread 0
----------------------------------------------------
  __cs_thread_index=2 (010)

State 198 file /home/dell/zyworkspace/nichecker/Experiment/Testrealpro/brake3/_mt_main_result/_cs_test_global_var1_rwr_mt_main.c line 943 function main thread 0
----------------------------------------------------
  __cs_pc_cs[2l]=0 (000)

State 203 file /home/dell/zyworkspace/nichecker/Experiment/Testrealpro/brake3/_mt_main_result/_cs_test_global_var1_rwr_mt_main.c line 949 function main thread 0
----------------------------------------------------
  __cs_param_task_compute_isr_arg=NULL (0000000000000000000000000000000000000000000000000000000000000000)

State 207 file /home/dell/zyworkspace/nichecker/Experiment/Testrealpro/brake3/_mt_main_result/_cs_test_global_var1_rwr_mt_main.c line 540 function task_compute_isr_0 thread 0
----------------------------------------------------
  __cs_value_ptr=NULL (0000000000000000000000000000000000000000000000000000000000000000)

State 212 file /home/dell/zyworkspace/nichecker/Experiment/Testrealpro/brake3/_mt_main_result/_cs_test_global_var1_rwr_mt_main.c line 951 function main thread 0
----------------------------------------------------
  __cs_pc[2l]=0 (000)

State 213 file /home/dell/zyworkspace/nichecker/Experiment/Testrealpro/brake3/_mt_main_result/_cs_test_global_var1_rwr_mt_main.c line 957 function main thread 0
----------------------------------------------------
  __cs_tmp_t3_r0=1 (01)

State 225 file /home/dell/zyworkspace/nichecker/Experiment/Testrealpro/brake3/_mt_main_result/_cs_test_global_var1_rwr_mt_main.c line 962 function main thread 0
----------------------------------------------------
  __cs_thread_index=3 (011)

State 226 file /home/dell/zyworkspace/nichecker/Experiment/Testrealpro/brake3/_mt_main_result/_cs_test_global_var1_rwr_mt_main.c line 964 function main thread 0
----------------------------------------------------
  __cs_pc_cs[3l]=1 (001)

State 231 file /home/dell/zyworkspace/nichecker/Experiment/Testrealpro/brake3/_mt_main_result/_cs_test_global_var1_rwr_mt_main.c line 970 function main thread 0
----------------------------------------------------
  __cs_param_task_RR_Wheel_isr_arg=NULL (0000000000000000000000000000000000000000000000000000000000000000)

State 233 file /home/dell/zyworkspace/nichecker/Experiment/Testrealpro/brake3/_mt_main_result/_cs_test_global_var1_rwr_mt_main.c line 740 function task_RR_Wheel_isr_0 thread 0
----------------------------------------------------
  __cs_local_task_RR_Wheel_isr_rtb_to_int=0 (00000000000000000000000000000000)

State 234 file /home/dell/zyworkspace/nichecker/Experiment/Testrealpro/brake3/_mt_main_result/_cs_test_global_var1_rwr_mt_main.c line 743 function task_RR_Wheel_isr_0 thread 0
----------------------------------------------------
  __cs_local_task_RR_Wheel_isr_rtb_RelationalOperator=0 (00000000000000000000000000000000)

State 235 file /home/dell/zyworkspace/nichecker/Experiment/Testrealpro/brake3/_mt_main_result/_cs_test_global_var1_rwr_mt_main.c line 746 function task_RR_Wheel_isr_0 thread 0
----------------------------------------------------
  __cs_local_task_RR_Wheel_isr_rtb_vms=0 (00000000000000000000000000000000)

State 236 file /home/dell/zyworkspace/nichecker/Experiment/Testrealpro/brake3/_mt_main_result/_cs_test_global_var1_rwr_mt_main.c line 749 function task_RR_Wheel_isr_0 thread 0
----------------------------------------------------
  __cs_local_task_RR_Wheel_isr_u=297 (00000000000000000000000100101001)

State 237 file /home/dell/zyworkspace/nichecker/Experiment/Testrealpro/brake3/_mt_main_result/_cs_test_global_var1_rwr_mt_main.c line 752 function task_RR_Wheel_isr_0 thread 0
----------------------------------------------------
  __cs_local_task_RR_Wheel_isr_positive_UpperSat_local=100 (00000000000000000000000001100100)

State 238 file /home/dell/zyworkspace/nichecker/Experiment/Testrealpro/brake3/_mt_main_result/_cs_test_global_var1_rwr_mt_main.c line 756 function task_RR_Wheel_isr_0 thread 0
----------------------------------------------------
  __cs_local_task_RR_Wheel_isr___cs_tmp_if_cond_11=TRUE (00000001)

State 240 file /home/dell/zyworkspace/nichecker/Experiment/Testrealpro/brake3/_mt_main_result/_cs_test_global_var1_rwr_mt_main.c line 780 function task_RR_Wheel_isr_0 thread 0
----------------------------------------------------
  __cs_local_task_RR_Wheel_isr_reader3=0 (00000000000000000000000000000000)

State 241 file /home/dell/zyworkspace/nichecker/Experiment/Testrealpro/brake3/_mt_main_result/_cs_test_global_var1_rwr_mt_main.c line 783 function task_RR_Wheel_isr_0 thread 0
----------------------------------------------------
  __cs_local_task_RR_Wheel_isr_reader4=0 (00000000000000000000000000000000)

State 242 file /home/dell/zyworkspace/nichecker/Experiment/Testrealpro/brake3/_mt_main_result/_cs_test_global_var1_rwr_mt_main.c line 787 function task_RR_Wheel_isr_0 thread 0
----------------------------------------------------
  __cs_local_task_RR_Wheel_isr___cs_tmp_if_cond_12=TRUE (00000001)

State 244 file /home/dell/zyworkspace/nichecker/Experiment/Testrealpro/brake3/_mt_main_result/_cs_test_global_var1_rwr_mt_main.c line 793 function task_RR_Wheel_isr_0 thread 0
----------------------------------------------------
  __cs_local_task_RR_Wheel_isr_reader1=0 (00000000000000000000000000000000)

State 245 file /home/dell/zyworkspace/nichecker/Experiment/Testrealpro/brake3/_mt_main_result/_cs_test_global_var1_rwr_mt_main.c line 795 function task_RR_Wheel_isr_0 thread 0
----------------------------------------------------
  rwr_r1=0 (00000000000000000000000000000000)

State 247 file /home/dell/zyworkspace/nichecker/Experiment/Testrealpro/brake3/_mt_main_result/_cs_test_global_var1_rwr_mt_main.c line 799 function task_RR_Wheel_isr_0 thread 0
----------------------------------------------------
  rwr_tmp3_num=1 (00000000000000000000000000000001)

State 248 file /home/dell/zyworkspace/nichecker/Experiment/Testrealpro/brake3/_mt_main_result/_cs_test_global_var1_rwr_mt_main.c line 800 function task_RR_Wheel_isr_0 thread 0
----------------------------------------------------
  rwr_tmp3=0 (00000000000000000000000000000000)

State 253 file /home/dell/zyworkspace/nichecker/Experiment/Testrealpro/brake3/_mt_main_result/_cs_test_global_var1_rwr_mt_main.c line 904 function task_RR_Wheel_isr_0 thread 0
----------------------------------------------------
  __cs_value_ptr=NULL (0000000000000000000000000000000000000000000000000000000000000000)

State 258 file /home/dell/zyworkspace/nichecker/Experiment/Testrealpro/brake3/_mt_main_result/_cs_test_global_var1_rwr_mt_main.c line 972 function main thread 0
----------------------------------------------------
  __cs_pc[3l]=1 (001)

State 259 file /home/dell/zyworkspace/nichecker/Experiment/Testrealpro/brake3/_mt_main_result/_cs_test_global_var1_rwr_mt_main.c line 978 function main thread 0
----------------------------------------------------
  __cs_tmp_t4_r0=0 (0)

State 265 file /home/dell/zyworkspace/nichecker/Experiment/Testrealpro/brake3/_mt_main_result/_cs_test_global_var1_rwr_mt_main.c line 999 function main thread 0
----------------------------------------------------
  __cs_tmp_t5_r0=0 (0)

State 271 file /home/dell/zyworkspace/nichecker/Experiment/Testrealpro/brake3/_mt_main_result/_cs_test_global_var1_rwr_mt_main.c line 1024 function main thread 0
----------------------------------------------------
  __cs_tmp_t1_r1=5 (101)

State 277 file /home/dell/zyworkspace/nichecker/Experiment/Testrealpro/brake3/_mt_main_result/_cs_test_global_var1_rwr_mt_main.c line 1045 function main thread 0
----------------------------------------------------
  __cs_tmp_t2_r1=1 (1)

State 279 file /home/dell/zyworkspace/nichecker/Experiment/Testrealpro/brake3/_mt_main_result/_cs_test_global_var1_rwr_mt_main.c line 1050 function main thread 0
----------------------------------------------------
  __cs_thread_index=2 (010)

State 280 file /home/dell/zyworkspace/nichecker/Experiment/Testrealpro/brake3/_mt_main_result/_cs_test_global_var1_rwr_mt_main.c line 1052 function main thread 0
----------------------------------------------------
  __cs_pc_cs[2l]=1 (001)

State 285 file /home/dell/zyworkspace/nichecker/Experiment/Testrealpro/brake3/_mt_main_result/_cs_test_global_var1_rwr_mt_main.c line 1058 function main thread 0
----------------------------------------------------
  __cs_param_task_compute_isr_arg=NULL (0000000000000000000000000000000000000000000000000000000000000000)

State 287 file /home/dell/zyworkspace/nichecker/Experiment/Testrealpro/brake3/_mt_main_result/_cs_test_global_var1_rwr_mt_main.c line 520 function task_compute_isr_0 thread 0
----------------------------------------------------
  __cs_local_task_compute_isr___cs_tmp_if_cond_0=TRUE (00000001)

State 289 file /home/dell/zyworkspace/nichecker/Experiment/Testrealpro/brake3/_mt_main_result/_cs_test_global_var1_rwr_mt_main.c line 525 function task_compute_isr_0 thread 0
----------------------------------------------------
  test_global_var1=153 (00000000000000000000000010011001)

State 293 file /home/dell/zyworkspace/nichecker/Experiment/Testrealpro/brake3/_mt_main_result/_cs_test_global_var1_rwr_mt_main.c line 540 function task_compute_isr_0 thread 0
----------------------------------------------------
  __cs_value_ptr=NULL (0000000000000000000000000000000000000000000000000000000000000000)

State 298 file /home/dell/zyworkspace/nichecker/Experiment/Testrealpro/brake3/_mt_main_result/_cs_test_global_var1_rwr_mt_main.c line 1060 function main thread 0
----------------------------------------------------
  __cs_pc[2l]=1 (001)

State 299 file /home/dell/zyworkspace/nichecker/Experiment/Testrealpro/brake3/_mt_main_result/_cs_test_global_var1_rwr_mt_main.c line 1066 function main thread 0
----------------------------------------------------
  __cs_tmp_t3_r1=2 (10)

State 311 file /home/dell/zyworkspace/nichecker/Experiment/Testrealpro/brake3/_mt_main_result/_cs_test_global_var1_rwr_mt_main.c line 1071 function main thread 0
----------------------------------------------------
  __cs_thread_index=3 (011)

State 312 file /home/dell/zyworkspace/nichecker/Experiment/Testrealpro/brake3/_mt_main_result/_cs_test_global_var1_rwr_mt_main.c line 1073 function main thread 0
----------------------------------------------------
  __cs_pc_cs[3l]=2 (010)

State 317 file /home/dell/zyworkspace/nichecker/Experiment/Testrealpro/brake3/_mt_main_result/_cs_test_global_var1_rwr_mt_main.c line 1079 function main thread 0
----------------------------------------------------
  __cs_param_task_RR_Wheel_isr_arg=NULL (0000000000000000000000000000000000000000000000000000000000000000)

State 321 file /home/dell/zyworkspace/nichecker/Experiment/Testrealpro/brake3/_mt_main_result/_cs_test_global_var1_rwr_mt_main.c line 812 function task_RR_Wheel_isr_0 thread 0
----------------------------------------------------
  __cs_local_task_RR_Wheel_isr___cs_tmp_if_cond_13=TRUE (00000001)

State 323 file /home/dell/zyworkspace/nichecker/Experiment/Testrealpro/brake3/_mt_main_result/_cs_test_global_var1_rwr_mt_main.c line 818 function task_RR_Wheel_isr_0 thread 0
----------------------------------------------------
  __cs_local_task_RR_Wheel_isr_reader2=153 (00000000000000000000000010011001)

State 324 file /home/dell/zyworkspace/nichecker/Experiment/Testrealpro/brake3/_mt_main_result/_cs_test_global_var1_rwr_mt_main.c line 820 function task_RR_Wheel_isr_0 thread 0
----------------------------------------------------
  rwr_r2=153 (00000000000000000000000010011001)

Violated property:
  file /home/dell/zyworkspace/nichecker/Experiment/Testrealpro/brake3/_mt_main_result/_cs_test_global_var1_rwr_mt_main.c line 822 function task_RR_Wheel_isr_0
  assertion rwr_r2 == rwr_tmp3
  rwr_r2 == rwr_tmp3


** 1 of 2 failed (2 iterations)
VERIFICATION FAILED
