CBMC version 5.6 64-bit x86_64 linux
Parsing /home/dell/zyworkspace/nichecker/Experiment/Testrealpro/wdt_pci_3/_mt_main_result/_cs_test_global_var3_rww_mt_main.c
<command-line>: warning: "__STDC_VERSION__" redefined
<built-in>: note: this is the location of the previous definition
Converting
Type-checking _cs_test_global_var3_rww_mt_main
file /home/dell/zyworkspace/nichecker/Experiment/Testrealpro/wdt_pci_3/_mt_main_result/_cs_test_global_var3_rww_mt_main.c line 469 function writer2_isr_0: function `assert' is not declared
file /home/dell/zyworkspace/nichecker/Experiment/Testrealpro/wdt_pci_3/_mt_main_result/_cs_test_global_var3_rww_mt_main.c line 555 function main_task_0: function `disable_isr' is not declared
file /home/dell/zyworkspace/nichecker/Experiment/Testrealpro/wdt_pci_3/_mt_main_result/_cs_test_global_var3_rww_mt_main.c line 586 function main_task_0: function `enable_isr' is not declared
Generating GOTO Program
Adding CPROVER library (x86_64)
Removal of function pointers and virtual functions
Partial Inlining
Generic Property Instrumentation
Starting Bounded Model Checking
**** WARNING: no body for function disable_isr
**** WARNING: no body for function enable_isr
size of program expression: 1959 steps
simple slicing removed 236 assignments
Generated 2 VCC(s), 1 remaining after simplification
Passing problem to propositional reduction
converting SSA
Running propositional reduction
Post-processing
Solving with MiniSAT 2.2.1 with simplifier
6912 variables, 17095 clauses
SAT checker: instance is SATISFIABLE
Solving with MiniSAT 2.2.1 with simplifier
6912 variables, 0 clauses
SAT checker inconsistent: instance is UNSATISFIABLE
Runtime decision procedure: 0.081s

** Results:
[writer2_isr_0.assertion.1] assertion rww_w1 == rww_r_tmp7: FAILURE
[writer4_isr_0.assertion.1] assertion rww_w1 == rww_r_tmp9: SUCCESS

Trace for writer2_isr_0.assertion.1:

State 104 file /home/dell/zyworkspace/nichecker/Experiment/Testrealpro/wdt_pci_3/_mt_main_result/_cs_test_global_var3_rww_mt_main.c line 828 function main thread 0
----------------------------------------------------
  __cs_tmp_t1_r0=2 (10)

State 106 file /home/dell/zyworkspace/nichecker/Experiment/Testrealpro/wdt_pci_3/_mt_main_result/_cs_test_global_var3_rww_mt_main.c line 832 function main thread 0
----------------------------------------------------
  __cs_thread_index=1 (0001)

State 107 file /home/dell/zyworkspace/nichecker/Experiment/Testrealpro/wdt_pci_3/_mt_main_result/_cs_test_global_var3_rww_mt_main.c line 834 function main thread 0
----------------------------------------------------
  __cs_pc_cs[1l]=2 (10)

State 112 file /home/dell/zyworkspace/nichecker/Experiment/Testrealpro/wdt_pci_3/_mt_main_result/_cs_test_global_var3_rww_mt_main.c line 840 function main thread 0
----------------------------------------------------
  __cs_param_main_task_arg=NULL (0000000000000000000000000000000000000000000000000000000000000000)

State 117 file /home/dell/zyworkspace/nichecker/Experiment/Testrealpro/wdt_pci_3/_mt_main_result/_cs_test_global_var3_rww_mt_main.c line 557 function main_task_0 thread 0
----------------------------------------------------
  __cs_disable_thread[5l]=1 (1)

State 118 file /home/dell/zyworkspace/nichecker/Experiment/Testrealpro/wdt_pci_3/_mt_main_result/_cs_test_global_var3_rww_mt_main.c line 560 function main_task_0 thread 0
----------------------------------------------------
  __cs_disable_thread[2l]=1 (1)

State 119 file /home/dell/zyworkspace/nichecker/Experiment/Testrealpro/wdt_pci_3/_mt_main_result/_cs_test_global_var3_rww_mt_main.c line 563 function main_task_0 thread 0
----------------------------------------------------
  __cs_disable_thread[8l]=1 (1)

State 120 file /home/dell/zyworkspace/nichecker/Experiment/Testrealpro/wdt_pci_3/_mt_main_result/_cs_test_global_var3_rww_mt_main.c line 566 function main_task_0 thread 0
----------------------------------------------------
  __cs_disable_thread[6l]=1 (1)

State 121 file /home/dell/zyworkspace/nichecker/Experiment/Testrealpro/wdt_pci_3/_mt_main_result/_cs_test_global_var3_rww_mt_main.c line 569 function main_task_0 thread 0
----------------------------------------------------
  __cs_disable_thread[4l]=1 (1)

State 122 file /home/dell/zyworkspace/nichecker/Experiment/Testrealpro/wdt_pci_3/_mt_main_result/_cs_test_global_var3_rww_mt_main.c line 572 function main_task_0 thread 0
----------------------------------------------------
  __cs_disable_thread[9l]=1 (1)

State 123 file /home/dell/zyworkspace/nichecker/Experiment/Testrealpro/wdt_pci_3/_mt_main_result/_cs_test_global_var3_rww_mt_main.c line 575 function main_task_0 thread 0
----------------------------------------------------
  __cs_disable_thread[3l]=1 (1)

State 124 file /home/dell/zyworkspace/nichecker/Experiment/Testrealpro/wdt_pci_3/_mt_main_result/_cs_test_global_var3_rww_mt_main.c line 578 function main_task_0 thread 0
----------------------------------------------------
  __cs_disable_thread[7l]=1 (1)

State 125 file /home/dell/zyworkspace/nichecker/Experiment/Testrealpro/wdt_pci_3/_mt_main_result/_cs_test_global_var3_rww_mt_main.c line 581 function main_task_0 thread 0
----------------------------------------------------
  __cs_disable_thread[0l]=1 (1)

State 129 file /home/dell/zyworkspace/nichecker/Experiment/Testrealpro/wdt_pci_3/_mt_main_result/_cs_test_global_var3_rww_mt_main.c line 588 function main_task_0 thread 0
----------------------------------------------------
  __cs_disable_thread[5l]=0 (0)

State 130 file /home/dell/zyworkspace/nichecker/Experiment/Testrealpro/wdt_pci_3/_mt_main_result/_cs_test_global_var3_rww_mt_main.c line 591 function main_task_0 thread 0
----------------------------------------------------
  __cs_disable_thread[2l]=0 (0)

State 131 file /home/dell/zyworkspace/nichecker/Experiment/Testrealpro/wdt_pci_3/_mt_main_result/_cs_test_global_var3_rww_mt_main.c line 594 function main_task_0 thread 0
----------------------------------------------------
  __cs_disable_thread[8l]=0 (0)

State 132 file /home/dell/zyworkspace/nichecker/Experiment/Testrealpro/wdt_pci_3/_mt_main_result/_cs_test_global_var3_rww_mt_main.c line 597 function main_task_0 thread 0
----------------------------------------------------
  __cs_disable_thread[6l]=0 (0)

State 133 file /home/dell/zyworkspace/nichecker/Experiment/Testrealpro/wdt_pci_3/_mt_main_result/_cs_test_global_var3_rww_mt_main.c line 600 function main_task_0 thread 0
----------------------------------------------------
  __cs_disable_thread[4l]=0 (0)

State 134 file /home/dell/zyworkspace/nichecker/Experiment/Testrealpro/wdt_pci_3/_mt_main_result/_cs_test_global_var3_rww_mt_main.c line 603 function main_task_0 thread 0
----------------------------------------------------
  __cs_disable_thread[9l]=0 (0)

State 135 file /home/dell/zyworkspace/nichecker/Experiment/Testrealpro/wdt_pci_3/_mt_main_result/_cs_test_global_var3_rww_mt_main.c line 606 function main_task_0 thread 0
----------------------------------------------------
  __cs_disable_thread[3l]=0 (0)

State 136 file /home/dell/zyworkspace/nichecker/Experiment/Testrealpro/wdt_pci_3/_mt_main_result/_cs_test_global_var3_rww_mt_main.c line 609 function main_task_0 thread 0
----------------------------------------------------
  __cs_disable_thread[7l]=0 (0)

State 137 file /home/dell/zyworkspace/nichecker/Experiment/Testrealpro/wdt_pci_3/_mt_main_result/_cs_test_global_var3_rww_mt_main.c line 612 function main_task_0 thread 0
----------------------------------------------------
  __cs_disable_thread[0l]=0 (0)

State 142 file /home/dell/zyworkspace/nichecker/Experiment/Testrealpro/wdt_pci_3/_mt_main_result/_cs_test_global_var3_rww_mt_main.c line 634 function main_task_0 thread 0
----------------------------------------------------
  __cs_value_ptr=NULL (0000000000000000000000000000000000000000000000000000000000000000)

State 147 file /home/dell/zyworkspace/nichecker/Experiment/Testrealpro/wdt_pci_3/_mt_main_result/_cs_test_global_var3_rww_mt_main.c line 842 function main thread 0
----------------------------------------------------
  __cs_pc[1l]=2 (10)

State 148 file /home/dell/zyworkspace/nichecker/Experiment/Testrealpro/wdt_pci_3/_mt_main_result/_cs_test_global_var3_rww_mt_main.c line 848 function main thread 0
----------------------------------------------------
  __cs_tmp_t2_r0=1 (1)

State 150 file /home/dell/zyworkspace/nichecker/Experiment/Testrealpro/wdt_pci_3/_mt_main_result/_cs_test_global_var3_rww_mt_main.c line 853 function main thread 0
----------------------------------------------------
  __cs_thread_index=2 (0010)

State 151 file /home/dell/zyworkspace/nichecker/Experiment/Testrealpro/wdt_pci_3/_mt_main_result/_cs_test_global_var3_rww_mt_main.c line 855 function main thread 0
----------------------------------------------------
  __cs_pc_cs[2l]=1 (01)

State 156 file /home/dell/zyworkspace/nichecker/Experiment/Testrealpro/wdt_pci_3/_mt_main_result/_cs_test_global_var3_rww_mt_main.c line 861 function main thread 0
----------------------------------------------------
  __cs_param_closer1_isr_arg=NULL (0000000000000000000000000000000000000000000000000000000000000000)

State 158 file /home/dell/zyworkspace/nichecker/Experiment/Testrealpro/wdt_pci_3/_mt_main_result/_cs_test_global_var3_rww_mt_main.c line 369 function closer1_isr_0 thread 0
----------------------------------------------------
  __cs_local_closer1_isr___cs_tmp_if_cond_11=FALSE (00000000)

State 160 file /home/dell/zyworkspace/nichecker/Experiment/Testrealpro/wdt_pci_3/_mt_main_result/_cs_test_global_var3_rww_mt_main.c line 393 function closer1_isr_0 thread 0
----------------------------------------------------
  __cs_local_closer1_isr___cs_tmp_if_cond_13=TRUE (00000001)

State 165 file /home/dell/zyworkspace/nichecker/Experiment/Testrealpro/wdt_pci_3/_mt_main_result/_cs_test_global_var3_rww_mt_main.c line 422 function closer1_isr_0 thread 0
----------------------------------------------------
  __cs_value_ptr=NULL (0000000000000000000000000000000000000000000000000000000000000000)

State 170 file /home/dell/zyworkspace/nichecker/Experiment/Testrealpro/wdt_pci_3/_mt_main_result/_cs_test_global_var3_rww_mt_main.c line 863 function main thread 0
----------------------------------------------------
  __cs_pc[2l]=1 (01)

State 171 file /home/dell/zyworkspace/nichecker/Experiment/Testrealpro/wdt_pci_3/_mt_main_result/_cs_test_global_var3_rww_mt_main.c line 869 function main thread 0
----------------------------------------------------
  __cs_tmp_t3_r0=1 (1)

State 183 file /home/dell/zyworkspace/nichecker/Experiment/Testrealpro/wdt_pci_3/_mt_main_result/_cs_test_global_var3_rww_mt_main.c line 874 function main thread 0
----------------------------------------------------
  __cs_thread_index=3 (0011)

State 184 file /home/dell/zyworkspace/nichecker/Experiment/Testrealpro/wdt_pci_3/_mt_main_result/_cs_test_global_var3_rww_mt_main.c line 876 function main thread 0
----------------------------------------------------
  __cs_pc_cs[3l]=1 (01)

State 189 file /home/dell/zyworkspace/nichecker/Experiment/Testrealpro/wdt_pci_3/_mt_main_result/_cs_test_global_var3_rww_mt_main.c line 882 function main thread 0
----------------------------------------------------
  __cs_param_closer2_isr_arg=NULL (0000000000000000000000000000000000000000000000000000000000000000)

State 191 file /home/dell/zyworkspace/nichecker/Experiment/Testrealpro/wdt_pci_3/_mt_main_result/_cs_test_global_var3_rww_mt_main.c line 646 function closer2_isr_0 thread 0
----------------------------------------------------
  __cs_local_closer2_isr___cs_tmp_if_cond_5=FALSE (00000000)

State 193 file /home/dell/zyworkspace/nichecker/Experiment/Testrealpro/wdt_pci_3/_mt_main_result/_cs_test_global_var3_rww_mt_main.c line 670 function closer2_isr_0 thread 0
----------------------------------------------------
  __cs_local_closer2_isr___cs_tmp_if_cond_7=TRUE (00000001)

State 195 file /home/dell/zyworkspace/nichecker/Experiment/Testrealpro/wdt_pci_3/_mt_main_result/_cs_test_global_var3_rww_mt_main.c line 685 function closer2_isr_0 thread 0
----------------------------------------------------
  __cs_local_closer2_isr_reader=0 (00000000000000000000000000000000)

State 199 file /home/dell/zyworkspace/nichecker/Experiment/Testrealpro/wdt_pci_3/_mt_main_result/_cs_test_global_var3_rww_mt_main.c line 702 function closer2_isr_0 thread 0
----------------------------------------------------
  __cs_value_ptr=NULL (0000000000000000000000000000000000000000000000000000000000000000)

State 204 file /home/dell/zyworkspace/nichecker/Experiment/Testrealpro/wdt_pci_3/_mt_main_result/_cs_test_global_var3_rww_mt_main.c line 884 function main thread 0
----------------------------------------------------
  __cs_pc[3l]=1 (01)

State 205 file /home/dell/zyworkspace/nichecker/Experiment/Testrealpro/wdt_pci_3/_mt_main_result/_cs_test_global_var3_rww_mt_main.c line 890 function main thread 0
----------------------------------------------------
  __cs_tmp_t4_r0=0 (0)

State 231 file /home/dell/zyworkspace/nichecker/Experiment/Testrealpro/wdt_pci_3/_mt_main_result/_cs_test_global_var3_rww_mt_main.c line 895 function main thread 0
----------------------------------------------------
  __cs_thread_index=4 (0100)

State 232 file /home/dell/zyworkspace/nichecker/Experiment/Testrealpro/wdt_pci_3/_mt_main_result/_cs_test_global_var3_rww_mt_main.c line 897 function main thread 0
----------------------------------------------------
  __cs_pc_cs[4l]=0 (00)

State 237 file /home/dell/zyworkspace/nichecker/Experiment/Testrealpro/wdt_pci_3/_mt_main_result/_cs_test_global_var3_rww_mt_main.c line 903 function main thread 0
----------------------------------------------------
  __cs_param_closer3_isr_arg=NULL (0000000000000000000000000000000000000000000000000000000000000000)

State 241 file /home/dell/zyworkspace/nichecker/Experiment/Testrealpro/wdt_pci_3/_mt_main_result/_cs_test_global_var3_rww_mt_main.c line 302 function closer3_isr_0 thread 0
----------------------------------------------------
  __cs_value_ptr=NULL (0000000000000000000000000000000000000000000000000000000000000000)

State 246 file /home/dell/zyworkspace/nichecker/Experiment/Testrealpro/wdt_pci_3/_mt_main_result/_cs_test_global_var3_rww_mt_main.c line 905 function main thread 0
----------------------------------------------------
  __cs_pc[4l]=0 (00)

State 247 file /home/dell/zyworkspace/nichecker/Experiment/Testrealpro/wdt_pci_3/_mt_main_result/_cs_test_global_var3_rww_mt_main.c line 911 function main thread 0
----------------------------------------------------
  __cs_tmp_t5_r0=0 (0)

State 278 file /home/dell/zyworkspace/nichecker/Experiment/Testrealpro/wdt_pci_3/_mt_main_result/_cs_test_global_var3_rww_mt_main.c line 916 function main thread 0
----------------------------------------------------
  __cs_thread_index=5 (0101)

State 279 file /home/dell/zyworkspace/nichecker/Experiment/Testrealpro/wdt_pci_3/_mt_main_result/_cs_test_global_var3_rww_mt_main.c line 918 function main thread 0
----------------------------------------------------
  __cs_pc_cs[5l]=0 (00)

State 284 file /home/dell/zyworkspace/nichecker/Experiment/Testrealpro/wdt_pci_3/_mt_main_result/_cs_test_global_var3_rww_mt_main.c line 924 function main thread 0
----------------------------------------------------
  __cs_param_closer4_isr_arg=NULL (0000000000000000000000000000000000000000000000000000000000000000)

State 288 file /home/dell/zyworkspace/nichecker/Experiment/Testrealpro/wdt_pci_3/_mt_main_result/_cs_test_global_var3_rww_mt_main.c line 767 function closer4_isr_0 thread 0
----------------------------------------------------
  __cs_value_ptr=NULL (0000000000000000000000000000000000000000000000000000000000000000)

State 293 file /home/dell/zyworkspace/nichecker/Experiment/Testrealpro/wdt_pci_3/_mt_main_result/_cs_test_global_var3_rww_mt_main.c line 926 function main thread 0
----------------------------------------------------
  __cs_pc[5l]=0 (00)

State 294 file /home/dell/zyworkspace/nichecker/Experiment/Testrealpro/wdt_pci_3/_mt_main_result/_cs_test_global_var3_rww_mt_main.c line 932 function main thread 0
----------------------------------------------------
  __cs_tmp_t6_r0=0 (0)

State 320 file /home/dell/zyworkspace/nichecker/Experiment/Testrealpro/wdt_pci_3/_mt_main_result/_cs_test_global_var3_rww_mt_main.c line 937 function main thread 0
----------------------------------------------------
  __cs_thread_index=6 (0110)

State 321 file /home/dell/zyworkspace/nichecker/Experiment/Testrealpro/wdt_pci_3/_mt_main_result/_cs_test_global_var3_rww_mt_main.c line 939 function main thread 0
----------------------------------------------------
  __cs_pc_cs[6l]=0 (00)

State 326 file /home/dell/zyworkspace/nichecker/Experiment/Testrealpro/wdt_pci_3/_mt_main_result/_cs_test_global_var3_rww_mt_main.c line 945 function main thread 0
----------------------------------------------------
  __cs_param_writer1_isr_arg=NULL (0000000000000000000000000000000000000000000000000000000000000000)

State 330 file /home/dell/zyworkspace/nichecker/Experiment/Testrealpro/wdt_pci_3/_mt_main_result/_cs_test_global_var3_rww_mt_main.c line 357 function writer1_isr_0 thread 0
----------------------------------------------------
  __cs_value_ptr=NULL (0000000000000000000000000000000000000000000000000000000000000000)

State 335 file /home/dell/zyworkspace/nichecker/Experiment/Testrealpro/wdt_pci_3/_mt_main_result/_cs_test_global_var3_rww_mt_main.c line 947 function main thread 0
----------------------------------------------------
  __cs_pc[6l]=0 (00)

State 336 file /home/dell/zyworkspace/nichecker/Experiment/Testrealpro/wdt_pci_3/_mt_main_result/_cs_test_global_var3_rww_mt_main.c line 953 function main thread 0
----------------------------------------------------
  __cs_tmp_t7_r0=1 (01)

State 362 file /home/dell/zyworkspace/nichecker/Experiment/Testrealpro/wdt_pci_3/_mt_main_result/_cs_test_global_var3_rww_mt_main.c line 958 function main thread 0
----------------------------------------------------
  __cs_thread_index=7 (0111)

State 363 file /home/dell/zyworkspace/nichecker/Experiment/Testrealpro/wdt_pci_3/_mt_main_result/_cs_test_global_var3_rww_mt_main.c line 960 function main thread 0
----------------------------------------------------
  __cs_pc_cs[7l]=1 (01)

State 368 file /home/dell/zyworkspace/nichecker/Experiment/Testrealpro/wdt_pci_3/_mt_main_result/_cs_test_global_var3_rww_mt_main.c line 966 function main thread 0
----------------------------------------------------
  __cs_param_writer2_isr_arg=NULL (0000000000000000000000000000000000000000000000000000000000000000)

State 370 file /home/dell/zyworkspace/nichecker/Experiment/Testrealpro/wdt_pci_3/_mt_main_result/_cs_test_global_var3_rww_mt_main.c line 434 function writer2_isr_0 thread 0
----------------------------------------------------
  __cs_local_writer2_isr___cs_tmp_if_cond_0=FALSE (00000000)

State 372 file /home/dell/zyworkspace/nichecker/Experiment/Testrealpro/wdt_pci_3/_mt_main_result/_cs_test_global_var3_rww_mt_main.c line 457 function writer2_isr_0 thread 0
----------------------------------------------------
  __cs_temporary_0=0 (00000000000000000000000000000000)

State 373 file /home/dell/zyworkspace/nichecker/Experiment/Testrealpro/wdt_pci_3/_mt_main_result/_cs_test_global_var3_rww_mt_main.c line 459 function writer2_isr_0 thread 0
----------------------------------------------------
  __cs_temporary_0=1 (00000000000000000000000000000001)

State 374 file /home/dell/zyworkspace/nichecker/Experiment/Testrealpro/wdt_pci_3/_mt_main_result/_cs_test_global_var3_rww_mt_main.c line 461 function writer2_isr_0 thread 0
----------------------------------------------------
  rww_r_tmp7_num=1 (00000000000000000000000000000001)

State 375 file /home/dell/zyworkspace/nichecker/Experiment/Testrealpro/wdt_pci_3/_mt_main_result/_cs_test_global_var3_rww_mt_main.c line 462 function writer2_isr_0 thread 0
----------------------------------------------------
  rww_r_tmp7=0 (00000000000000000000000000000000)

State 379 file /home/dell/zyworkspace/nichecker/Experiment/Testrealpro/wdt_pci_3/_mt_main_result/_cs_test_global_var3_rww_mt_main.c line 490 function writer2_isr_0 thread 0
----------------------------------------------------
  __cs_value_ptr=NULL (0000000000000000000000000000000000000000000000000000000000000000)

State 384 file /home/dell/zyworkspace/nichecker/Experiment/Testrealpro/wdt_pci_3/_mt_main_result/_cs_test_global_var3_rww_mt_main.c line 968 function main thread 0
----------------------------------------------------
  __cs_pc[7l]=1 (01)

State 385 file /home/dell/zyworkspace/nichecker/Experiment/Testrealpro/wdt_pci_3/_mt_main_result/_cs_test_global_var3_rww_mt_main.c line 974 function main thread 0
----------------------------------------------------
  __cs_tmp_t8_r0=1 (1)

State 396 file /home/dell/zyworkspace/nichecker/Experiment/Testrealpro/wdt_pci_3/_mt_main_result/_cs_test_global_var3_rww_mt_main.c line 979 function main thread 0
----------------------------------------------------
  __cs_thread_index=8 (1000)

State 397 file /home/dell/zyworkspace/nichecker/Experiment/Testrealpro/wdt_pci_3/_mt_main_result/_cs_test_global_var3_rww_mt_main.c line 981 function main thread 0
----------------------------------------------------
  __cs_pc_cs[8l]=1 (01)

State 402 file /home/dell/zyworkspace/nichecker/Experiment/Testrealpro/wdt_pci_3/_mt_main_result/_cs_test_global_var3_rww_mt_main.c line 987 function main thread 0
----------------------------------------------------
  __cs_param_writer3_isr_arg=NULL (0000000000000000000000000000000000000000000000000000000000000000)

State 404 file /home/dell/zyworkspace/nichecker/Experiment/Testrealpro/wdt_pci_3/_mt_main_result/_cs_test_global_var3_rww_mt_main.c line 779 function writer3_isr_0 thread 0
----------------------------------------------------
  __cs_local_writer3_isr___cs_tmp_if_cond_18=FALSE (00000000)

State 409 file /home/dell/zyworkspace/nichecker/Experiment/Testrealpro/wdt_pci_3/_mt_main_result/_cs_test_global_var3_rww_mt_main.c line 816 function writer3_isr_0 thread 0
----------------------------------------------------
  __cs_value_ptr=NULL (0000000000000000000000000000000000000000000000000000000000000000)

State 414 file /home/dell/zyworkspace/nichecker/Experiment/Testrealpro/wdt_pci_3/_mt_main_result/_cs_test_global_var3_rww_mt_main.c line 989 function main thread 0
----------------------------------------------------
  __cs_pc[8l]=1 (01)

State 415 file /home/dell/zyworkspace/nichecker/Experiment/Testrealpro/wdt_pci_3/_mt_main_result/_cs_test_global_var3_rww_mt_main.c line 995 function main thread 0
----------------------------------------------------
  __cs_tmp_t9_r0=1 (1)

State 417 file /home/dell/zyworkspace/nichecker/Experiment/Testrealpro/wdt_pci_3/_mt_main_result/_cs_test_global_var3_rww_mt_main.c line 1000 function main thread 0
----------------------------------------------------
  __cs_thread_index=9 (1001)

State 418 file /home/dell/zyworkspace/nichecker/Experiment/Testrealpro/wdt_pci_3/_mt_main_result/_cs_test_global_var3_rww_mt_main.c line 1002 function main thread 0
----------------------------------------------------
  __cs_pc_cs[9l]=1 (01)

State 423 file /home/dell/zyworkspace/nichecker/Experiment/Testrealpro/wdt_pci_3/_mt_main_result/_cs_test_global_var3_rww_mt_main.c line 1008 function main thread 0
----------------------------------------------------
  __cs_param_writer4_isr_arg=NULL (0000000000000000000000000000000000000000000000000000000000000000)

State 426 file /home/dell/zyworkspace/nichecker/Experiment/Testrealpro/wdt_pci_3/_mt_main_result/_cs_test_global_var3_rww_mt_main.c line 505 function writer4_isr_0 thread 0
----------------------------------------------------
  test_global_var3=10 (00000000000000000000000000001010)

State 427 file /home/dell/zyworkspace/nichecker/Experiment/Testrealpro/wdt_pci_3/_mt_main_result/_cs_test_global_var3_rww_mt_main.c line 509 function writer4_isr_0 thread 0
----------------------------------------------------
  __cs_local_writer4_isr___cs_tmp_if_cond_16=FALSE (00000000)

State 432 file /home/dell/zyworkspace/nichecker/Experiment/Testrealpro/wdt_pci_3/_mt_main_result/_cs_test_global_var3_rww_mt_main.c line 546 function writer4_isr_0 thread 0
----------------------------------------------------
  __cs_value_ptr=NULL (0000000000000000000000000000000000000000000000000000000000000000)

State 437 file /home/dell/zyworkspace/nichecker/Experiment/Testrealpro/wdt_pci_3/_mt_main_result/_cs_test_global_var3_rww_mt_main.c line 1010 function main thread 0
----------------------------------------------------
  __cs_pc[9l]=1 (01)

State 438 file /home/dell/zyworkspace/nichecker/Experiment/Testrealpro/wdt_pci_3/_mt_main_result/_cs_test_global_var3_rww_mt_main.c line 1020 function main thread 0
----------------------------------------------------
  __cs_tmp_t1_r1=0 (00)

State 463 file /home/dell/zyworkspace/nichecker/Experiment/Testrealpro/wdt_pci_3/_mt_main_result/_cs_test_global_var3_rww_mt_main.c line 1041 function main thread 0
----------------------------------------------------
  __cs_tmp_t2_r1=1 (1)

State 465 file /home/dell/zyworkspace/nichecker/Experiment/Testrealpro/wdt_pci_3/_mt_main_result/_cs_test_global_var3_rww_mt_main.c line 1046 function main thread 0
----------------------------------------------------
  __cs_thread_index=2 (0010)

State 466 file /home/dell/zyworkspace/nichecker/Experiment/Testrealpro/wdt_pci_3/_mt_main_result/_cs_test_global_var3_rww_mt_main.c line 1048 function main thread 0
----------------------------------------------------
  __cs_pc_cs[2l]=1 (01)

State 471 file /home/dell/zyworkspace/nichecker/Experiment/Testrealpro/wdt_pci_3/_mt_main_result/_cs_test_global_var3_rww_mt_main.c line 1054 function main thread 0
----------------------------------------------------
  __cs_param_closer1_isr_arg=NULL (0000000000000000000000000000000000000000000000000000000000000000)

State 475 file /home/dell/zyworkspace/nichecker/Experiment/Testrealpro/wdt_pci_3/_mt_main_result/_cs_test_global_var3_rww_mt_main.c line 422 function closer1_isr_0 thread 0
----------------------------------------------------
  __cs_value_ptr=NULL (0000000000000000000000000000000000000000000000000000000000000000)

State 480 file /home/dell/zyworkspace/nichecker/Experiment/Testrealpro/wdt_pci_3/_mt_main_result/_cs_test_global_var3_rww_mt_main.c line 1056 function main thread 0
----------------------------------------------------
  __cs_pc[2l]=1 (01)

State 481 file /home/dell/zyworkspace/nichecker/Experiment/Testrealpro/wdt_pci_3/_mt_main_result/_cs_test_global_var3_rww_mt_main.c line 1062 function main thread 0
----------------------------------------------------
  __cs_tmp_t3_r1=1 (1)

State 491 file /home/dell/zyworkspace/nichecker/Experiment/Testrealpro/wdt_pci_3/_mt_main_result/_cs_test_global_var3_rww_mt_main.c line 1067 function main thread 0
----------------------------------------------------
  __cs_thread_index=3 (0011)

State 492 file /home/dell/zyworkspace/nichecker/Experiment/Testrealpro/wdt_pci_3/_mt_main_result/_cs_test_global_var3_rww_mt_main.c line 1069 function main thread 0
----------------------------------------------------
  __cs_pc_cs[3l]=1 (01)

State 497 file /home/dell/zyworkspace/nichecker/Experiment/Testrealpro/wdt_pci_3/_mt_main_result/_cs_test_global_var3_rww_mt_main.c line 1075 function main thread 0
----------------------------------------------------
  __cs_param_closer2_isr_arg=NULL (0000000000000000000000000000000000000000000000000000000000000000)

State 501 file /home/dell/zyworkspace/nichecker/Experiment/Testrealpro/wdt_pci_3/_mt_main_result/_cs_test_global_var3_rww_mt_main.c line 702 function closer2_isr_0 thread 0
----------------------------------------------------
  __cs_value_ptr=NULL (0000000000000000000000000000000000000000000000000000000000000000)

State 506 file /home/dell/zyworkspace/nichecker/Experiment/Testrealpro/wdt_pci_3/_mt_main_result/_cs_test_global_var3_rww_mt_main.c line 1077 function main thread 0
----------------------------------------------------
  __cs_pc[3l]=1 (01)

State 507 file /home/dell/zyworkspace/nichecker/Experiment/Testrealpro/wdt_pci_3/_mt_main_result/_cs_test_global_var3_rww_mt_main.c line 1083 function main thread 0
----------------------------------------------------
  __cs_tmp_t4_r1=0 (0)

State 522 file /home/dell/zyworkspace/nichecker/Experiment/Testrealpro/wdt_pci_3/_mt_main_result/_cs_test_global_var3_rww_mt_main.c line 1104 function main thread 0
----------------------------------------------------
  __cs_tmp_t5_r1=0 (0)

State 542 file /home/dell/zyworkspace/nichecker/Experiment/Testrealpro/wdt_pci_3/_mt_main_result/_cs_test_global_var3_rww_mt_main.c line 1125 function main thread 0
----------------------------------------------------
  __cs_tmp_t6_r1=0 (0)

State 557 file /home/dell/zyworkspace/nichecker/Experiment/Testrealpro/wdt_pci_3/_mt_main_result/_cs_test_global_var3_rww_mt_main.c line 1146 function main thread 0
----------------------------------------------------
  __cs_tmp_t7_r1=2 (10)

State 581 file /home/dell/zyworkspace/nichecker/Experiment/Testrealpro/wdt_pci_3/_mt_main_result/_cs_test_global_var3_rww_mt_main.c line 1151 function main thread 0
----------------------------------------------------
  __cs_thread_index=7 (0111)

State 582 file /home/dell/zyworkspace/nichecker/Experiment/Testrealpro/wdt_pci_3/_mt_main_result/_cs_test_global_var3_rww_mt_main.c line 1153 function main thread 0
----------------------------------------------------
  __cs_pc_cs[7l]=2 (10)

State 587 file /home/dell/zyworkspace/nichecker/Experiment/Testrealpro/wdt_pci_3/_mt_main_result/_cs_test_global_var3_rww_mt_main.c line 1159 function main thread 0
----------------------------------------------------
  __cs_param_writer2_isr_arg=NULL (0000000000000000000000000000000000000000000000000000000000000000)

State 590 file /home/dell/zyworkspace/nichecker/Experiment/Testrealpro/wdt_pci_3/_mt_main_result/_cs_test_global_var3_rww_mt_main.c line 467 function writer2_isr_0 thread 0
----------------------------------------------------
  rww_w1=10 (00000000000000000000000000001010)

Violated property:
  file /home/dell/zyworkspace/nichecker/Experiment/Testrealpro/wdt_pci_3/_mt_main_result/_cs_test_global_var3_rww_mt_main.c line 469 function writer2_isr_0
  assertion rww_w1 == rww_r_tmp7
  rww_w1 == rww_r_tmp7


** 1 of 2 failed (2 iterations)
VERIFICATION FAILED
