CBMC version 5.6 64-bit x86_64 linux
Parsing /home/dell/zyworkspace/nichecker/Experiment/Testrealpro/brake1/_mt_main_result/_cs_test_global_var1_rwr_mt_main.c
<command-line>: warning: "__STDC_VERSION__" redefined
<built-in>: note: this is the location of the previous definition
Converting
Type-checking _cs_test_global_var1_rwr_mt_main
file /home/dell/zyworkspace/nichecker/Experiment/Testrealpro/brake1/_mt_main_result/_cs_test_global_var1_rwr_mt_main.c line 285 function main_task_0: function `disable_isr' is not declared
file /home/dell/zyworkspace/nichecker/Experiment/Testrealpro/brake1/_mt_main_result/_cs_test_global_var1_rwr_mt_main.c line 309 function main_task_0: function `enable_isr' is not declared
file /home/dell/zyworkspace/nichecker/Experiment/Testrealpro/brake1/_mt_main_result/_cs_test_global_var1_rwr_mt_main.c line 350 function main_task_0: function `assert' is not declared
Generating GOTO Program
Adding CPROVER library (x86_64)
Removal of function pointers and virtual functions
Partial Inlining
Generic Property Instrumentation
Starting Bounded Model Checking
**** WARNING: no body for function disable_isr
**** WARNING: no body for function enable_isr
size of program expression: 1027 steps
simple slicing removed 67 assignments
Generated 5 VCC(s), 4 remaining after simplification
Passing problem to propositional reduction
converting SSA
Running propositional reduction
Post-processing
Solving with MiniSAT 2.2.1 with simplifier
4958 variables, 13466 clauses
SAT checker: instance is SATISFIABLE
Solving with MiniSAT 2.2.1 with simplifier
4958 variables, 1573 clauses
SAT checker: instance is UNSATISFIABLE
Runtime decision procedure: 0.079s

** Results:
[main_task_0.assertion.1] assertion rwr_r1 == rwr_tmp1: SUCCESS
[main_task_0.assertion.2] assertion rwr_r2 == rwr_tmp1: FAILURE

Trace for main_task_0.assertion.2:

State 116 file /home/dell/zyworkspace/nichecker/Experiment/Testrealpro/brake1/_mt_main_result/_cs_test_global_var1_rwr_mt_main.c line 633 function main thread 0
----------------------------------------------------
  __cs_tmp_t1_r0=1 (001)

State 118 file /home/dell/zyworkspace/nichecker/Experiment/Testrealpro/brake1/_mt_main_result/_cs_test_global_var1_rwr_mt_main.c line 637 function main thread 0
----------------------------------------------------
  __cs_thread_index=1 (001)

State 119 file /home/dell/zyworkspace/nichecker/Experiment/Testrealpro/brake1/_mt_main_result/_cs_test_global_var1_rwr_mt_main.c line 639 function main thread 0
----------------------------------------------------
  __cs_pc_cs[1l]=1 (001)

State 124 file /home/dell/zyworkspace/nichecker/Experiment/Testrealpro/brake1/_mt_main_result/_cs_test_global_var1_rwr_mt_main.c line 645 function main thread 0
----------------------------------------------------
  __cs_param_main_task_arg=NULL (0000000000000000000000000000000000000000000000000000000000000000)

State 129 file /home/dell/zyworkspace/nichecker/Experiment/Testrealpro/brake1/_mt_main_result/_cs_test_global_var1_rwr_mt_main.c line 287 function main_task_0 thread 0
----------------------------------------------------
  __cs_disable_thread[3l]=1 (1)

State 130 file /home/dell/zyworkspace/nichecker/Experiment/Testrealpro/brake1/_mt_main_result/_cs_test_global_var1_rwr_mt_main.c line 290 function main_task_0 thread 0
----------------------------------------------------
  __cs_disable_thread[2l]=1 (1)

State 131 file /home/dell/zyworkspace/nichecker/Experiment/Testrealpro/brake1/_mt_main_result/_cs_test_global_var1_rwr_mt_main.c line 293 function main_task_0 thread 0
----------------------------------------------------
  __cs_disable_thread[0l]=1 (1)

State 132 file /home/dell/zyworkspace/nichecker/Experiment/Testrealpro/brake1/_mt_main_result/_cs_test_global_var1_rwr_mt_main.c line 298 function main_task_0 thread 0
----------------------------------------------------
  test_global_condition1=1 (00000000000000000000000000000001)

State 133 file /home/dell/zyworkspace/nichecker/Experiment/Testrealpro/brake1/_mt_main_result/_cs_test_global_var1_rwr_mt_main.c line 301 function main_task_0 thread 0
----------------------------------------------------
  test_global_condition2=1 (00000000000000000000000000000001)

State 134 file /home/dell/zyworkspace/nichecker/Experiment/Testrealpro/brake1/_mt_main_result/_cs_test_global_var1_rwr_mt_main.c line 304 function main_task_0 thread 0
----------------------------------------------------
  test_global_condition3=1 (00000000000000000000000000000001)

State 141 file /home/dell/zyworkspace/nichecker/Experiment/Testrealpro/brake1/_mt_main_result/_cs_test_global_var1_rwr_mt_main.c line 409 function main_task_0 thread 0
----------------------------------------------------
  __cs_value_ptr=NULL (0000000000000000000000000000000000000000000000000000000000000000)

State 146 file /home/dell/zyworkspace/nichecker/Experiment/Testrealpro/brake1/_mt_main_result/_cs_test_global_var1_rwr_mt_main.c line 647 function main thread 0
----------------------------------------------------
  __cs_pc[1l]=1 (001)

State 147 file /home/dell/zyworkspace/nichecker/Experiment/Testrealpro/brake1/_mt_main_result/_cs_test_global_var1_rwr_mt_main.c line 653 function main thread 0
----------------------------------------------------
  __cs_tmp_t2_r0=1 (1)

State 149 file /home/dell/zyworkspace/nichecker/Experiment/Testrealpro/brake1/_mt_main_result/_cs_test_global_var1_rwr_mt_main.c line 674 function main thread 0
----------------------------------------------------
  __cs_tmp_t3_r0=0 (0)

State 151 file /home/dell/zyworkspace/nichecker/Experiment/Testrealpro/brake1/_mt_main_result/_cs_test_global_var1_rwr_mt_main.c line 699 function main thread 0
----------------------------------------------------
  __cs_tmp_t1_r1=3 (011)

State 158 file /home/dell/zyworkspace/nichecker/Experiment/Testrealpro/brake1/_mt_main_result/_cs_test_global_var1_rwr_mt_main.c line 704 function main thread 0
----------------------------------------------------
  __cs_thread_index=1 (001)

State 159 file /home/dell/zyworkspace/nichecker/Experiment/Testrealpro/brake1/_mt_main_result/_cs_test_global_var1_rwr_mt_main.c line 706 function main thread 0
----------------------------------------------------
  __cs_pc_cs[1l]=3 (011)

State 164 file /home/dell/zyworkspace/nichecker/Experiment/Testrealpro/brake1/_mt_main_result/_cs_test_global_var1_rwr_mt_main.c line 712 function main thread 0
----------------------------------------------------
  __cs_param_main_task_arg=NULL (0000000000000000000000000000000000000000000000000000000000000000)

State 170 file /home/dell/zyworkspace/nichecker/Experiment/Testrealpro/brake1/_mt_main_result/_cs_test_global_var1_rwr_mt_main.c line 311 function main_task_0 thread 0
----------------------------------------------------
  __cs_disable_thread[3l]=0 (0)

State 171 file /home/dell/zyworkspace/nichecker/Experiment/Testrealpro/brake1/_mt_main_result/_cs_test_global_var1_rwr_mt_main.c line 314 function main_task_0 thread 0
----------------------------------------------------
  __cs_disable_thread[2l]=0 (0)

State 172 file /home/dell/zyworkspace/nichecker/Experiment/Testrealpro/brake1/_mt_main_result/_cs_test_global_var1_rwr_mt_main.c line 317 function main_task_0 thread 0
----------------------------------------------------
  __cs_disable_thread[0l]=0 (0)

State 174 file /home/dell/zyworkspace/nichecker/Experiment/Testrealpro/brake1/_mt_main_result/_cs_test_global_var1_rwr_mt_main.c line 330 function main_task_0 thread 0
----------------------------------------------------
  __cs_local_main_task_reader3=0 (00000000000000000000000000000000)

State 175 file /home/dell/zyworkspace/nichecker/Experiment/Testrealpro/brake1/_mt_main_result/_cs_test_global_var1_rwr_mt_main.c line 334 function main_task_0 thread 0
----------------------------------------------------
  __cs_local_main_task_reader4=0 (00000000000000000000000000000000)

State 176 file /home/dell/zyworkspace/nichecker/Experiment/Testrealpro/brake1/_mt_main_result/_cs_test_global_var1_rwr_mt_main.c line 339 function main_task_0 thread 0
----------------------------------------------------
  __cs_local_main_task___cs_tmp_if_cond_1=TRUE (00000001)

State 178 file /home/dell/zyworkspace/nichecker/Experiment/Testrealpro/brake1/_mt_main_result/_cs_test_global_var1_rwr_mt_main.c line 346 function main_task_0 thread 0
----------------------------------------------------
  __cs_local_main_task_reader1=0 (00000000000000000000000000000000)

State 179 file /home/dell/zyworkspace/nichecker/Experiment/Testrealpro/brake1/_mt_main_result/_cs_test_global_var1_rwr_mt_main.c line 348 function main_task_0 thread 0
----------------------------------------------------
  rwr_r1=0 (00000000000000000000000000000000)

State 181 file /home/dell/zyworkspace/nichecker/Experiment/Testrealpro/brake1/_mt_main_result/_cs_test_global_var1_rwr_mt_main.c line 352 function main_task_0 thread 0
----------------------------------------------------
  rwr_tmp1_num=1 (00000000000000000000000000000001)

State 182 file /home/dell/zyworkspace/nichecker/Experiment/Testrealpro/brake1/_mt_main_result/_cs_test_global_var1_rwr_mt_main.c line 353 function main_task_0 thread 0
----------------------------------------------------
  rwr_tmp1=0 (00000000000000000000000000000000)

State 187 file /home/dell/zyworkspace/nichecker/Experiment/Testrealpro/brake1/_mt_main_result/_cs_test_global_var1_rwr_mt_main.c line 409 function main_task_0 thread 0
----------------------------------------------------
  __cs_value_ptr=NULL (0000000000000000000000000000000000000000000000000000000000000000)

State 192 file /home/dell/zyworkspace/nichecker/Experiment/Testrealpro/brake1/_mt_main_result/_cs_test_global_var1_rwr_mt_main.c line 714 function main thread 0
----------------------------------------------------
  __cs_pc[1l]=3 (011)

State 193 file /home/dell/zyworkspace/nichecker/Experiment/Testrealpro/brake1/_mt_main_result/_cs_test_global_var1_rwr_mt_main.c line 720 function main thread 0
----------------------------------------------------
  __cs_tmp_t2_r1=1 (1)

State 195 file /home/dell/zyworkspace/nichecker/Experiment/Testrealpro/brake1/_mt_main_result/_cs_test_global_var1_rwr_mt_main.c line 725 function main thread 0
----------------------------------------------------
  __cs_thread_index=2 (010)

State 196 file /home/dell/zyworkspace/nichecker/Experiment/Testrealpro/brake1/_mt_main_result/_cs_test_global_var1_rwr_mt_main.c line 727 function main thread 0
----------------------------------------------------
  __cs_pc_cs[2l]=1 (001)

State 201 file /home/dell/zyworkspace/nichecker/Experiment/Testrealpro/brake1/_mt_main_result/_cs_test_global_var1_rwr_mt_main.c line 733 function main thread 0
----------------------------------------------------
  __cs_param_task_compute_isr_arg=NULL (0000000000000000000000000000000000000000000000000000000000000000)

State 203 file /home/dell/zyworkspace/nichecker/Experiment/Testrealpro/brake1/_mt_main_result/_cs_test_global_var1_rwr_mt_main.c line 256 function task_compute_isr_0 thread 0
----------------------------------------------------
  __cs_local_task_compute_isr___cs_tmp_if_cond_0=TRUE (00000001)

State 205 file /home/dell/zyworkspace/nichecker/Experiment/Testrealpro/brake1/_mt_main_result/_cs_test_global_var1_rwr_mt_main.c line 261 function task_compute_isr_0 thread 0
----------------------------------------------------
  test_global_var1=153 (00000000000000000000000010011001)

State 209 file /home/dell/zyworkspace/nichecker/Experiment/Testrealpro/brake1/_mt_main_result/_cs_test_global_var1_rwr_mt_main.c line 276 function task_compute_isr_0 thread 0
----------------------------------------------------
  __cs_value_ptr=NULL (0000000000000000000000000000000000000000000000000000000000000000)

State 214 file /home/dell/zyworkspace/nichecker/Experiment/Testrealpro/brake1/_mt_main_result/_cs_test_global_var1_rwr_mt_main.c line 735 function main thread 0
----------------------------------------------------
  __cs_pc[2l]=1 (001)

State 215 file /home/dell/zyworkspace/nichecker/Experiment/Testrealpro/brake1/_mt_main_result/_cs_test_global_var1_rwr_mt_main.c line 741 function main thread 0
----------------------------------------------------
  __cs_tmp_t3_r1=0 (0)

State 217 file /home/dell/zyworkspace/nichecker/Experiment/Testrealpro/brake1/_mt_main_result/_cs_test_global_var1_rwr_mt_main.c line 746 function main thread 0
----------------------------------------------------
  __cs_thread_index=3 (011)

State 218 file /home/dell/zyworkspace/nichecker/Experiment/Testrealpro/brake1/_mt_main_result/_cs_test_global_var1_rwr_mt_main.c line 748 function main thread 0
----------------------------------------------------
  __cs_pc_cs[3l]=0 (000)

State 223 file /home/dell/zyworkspace/nichecker/Experiment/Testrealpro/brake1/_mt_main_result/_cs_test_global_var1_rwr_mt_main.c line 754 function main thread 0
----------------------------------------------------
  __cs_param_task_RR_Wheel_isr_arg=NULL (0000000000000000000000000000000000000000000000000000000000000000)

State 227 file /home/dell/zyworkspace/nichecker/Experiment/Testrealpro/brake1/_mt_main_result/_cs_test_global_var1_rwr_mt_main.c line 621 function task_RR_Wheel_isr_0 thread 0
----------------------------------------------------
  __cs_value_ptr=NULL (0000000000000000000000000000000000000000000000000000000000000000)

State 232 file /home/dell/zyworkspace/nichecker/Experiment/Testrealpro/brake1/_mt_main_result/_cs_test_global_var1_rwr_mt_main.c line 756 function main thread 0
----------------------------------------------------
  __cs_pc[3l]=0 (000)

State 233 file /home/dell/zyworkspace/nichecker/Experiment/Testrealpro/brake1/_mt_main_result/_cs_test_global_var1_rwr_mt_main.c line 760 function main thread 0
----------------------------------------------------
  __cs_tmp_t1_r2=5u (00000000000000000000000000000101)

State 235 file /home/dell/zyworkspace/nichecker/Experiment/Testrealpro/brake1/_mt_main_result/_cs_test_global_var1_rwr_mt_main.c line 765 function main thread 0
----------------------------------------------------
  __cs_thread_index=1 (001)

State 236 file /home/dell/zyworkspace/nichecker/Experiment/Testrealpro/brake1/_mt_main_result/_cs_test_global_var1_rwr_mt_main.c line 767 function main thread 0
----------------------------------------------------
  __cs_pc_cs[1l]=5 (101)

State 241 file /home/dell/zyworkspace/nichecker/Experiment/Testrealpro/brake1/_mt_main_result/_cs_test_global_var1_rwr_mt_main.c line 773 function main thread 0
----------------------------------------------------
  __cs_param_main_task_arg=NULL (0000000000000000000000000000000000000000000000000000000000000000)

State 247 file /home/dell/zyworkspace/nichecker/Experiment/Testrealpro/brake1/_mt_main_result/_cs_test_global_var1_rwr_mt_main.c line 366 function main_task_0 thread 0
----------------------------------------------------
  __cs_local_main_task___cs_tmp_if_cond_2=TRUE (00000001)

State 249 file /home/dell/zyworkspace/nichecker/Experiment/Testrealpro/brake1/_mt_main_result/_cs_test_global_var1_rwr_mt_main.c line 373 function main_task_0 thread 0
----------------------------------------------------
  __cs_local_main_task_reader2=153 (00000000000000000000000010011001)

State 250 file /home/dell/zyworkspace/nichecker/Experiment/Testrealpro/brake1/_mt_main_result/_cs_test_global_var1_rwr_mt_main.c line 375 function main_task_0 thread 0
----------------------------------------------------
  rwr_r2=153 (00000000000000000000000010011001)

Violated property:
  file /home/dell/zyworkspace/nichecker/Experiment/Testrealpro/brake1/_mt_main_result/_cs_test_global_var1_rwr_mt_main.c line 377 function main_task_0
  assertion rwr_r2 == rwr_tmp1
  rwr_r2 == rwr_tmp1


** 1 of 2 failed (2 iterations)
VERIFICATION FAILED
