CBMC version 5.6 64-bit x86_64 linux
Parsing /home/dell/zyworkspace/nichecker/Experiment/remarks2.1_basic/svp_simple_011/_mt_svp_simple_011_001_result/_cs_svp_simple_011_001_global_var1_wrw_mt_svp_simple_011_001.c
<command-line>: warning: "__STDC_VERSION__" redefined
<built-in>: note: this is the location of the previous definition
Converting
Type-checking _cs_svp_simple_011_001_global_var1_wrw_mt_svp_simple_011_001
file /home/dell/zyworkspace/nichecker/Experiment/remarks2.1_basic/svp_simple_011/_mt_svp_simple_011_001_result/_cs_svp_simple_011_001_global_var1_wrw_mt_svp_simple_011_001.c line 213 function main_task_0: function `assert' is not declared
Generating GOTO Program
Adding CPROVER library (x86_64)
Removal of function pointers and virtual functions
Partial Inlining
Generic Property Instrumentation
Starting Bounded Model Checking
**** WARNING: no body for function enable_isr
size of program expression: 490 steps
simple slicing removed 55 assignments
Generated 5 VCC(s), 4 remaining after simplification
Passing problem to propositional reduction
converting SSA
Running propositional reduction
Post-processing
Solving with MiniSAT 2.2.1 with simplifier
2738 variables, 5505 clauses
SAT checker: instance is SATISFIABLE
Solving with MiniSAT 2.2.1 with simplifier
2738 variables, 311 clauses
SAT checker: instance is UNSATISFIABLE
Runtime decision procedure: 0.01s

** Results:
[main_task_0.assertion.1] assertion wrw_a_1 == 0: SUCCESS
[main_task_0.assertion.2] assertion wrw_a_1 == 0: FAILURE

Trace for main_task_0.assertion.2:

State 43 file /home/dell/zyworkspace/nichecker/Experiment/remarks2.1_basic/svp_simple_011/_mt_svp_simple_011_001_result/_cs_svp_simple_011_001_global_var1_wrw_mt_svp_simple_011_001.c line 314 function main thread 0
----------------------------------------------------
  __cs_tmp_t1_r0=4 (0100)

State 45 file /home/dell/zyworkspace/nichecker/Experiment/remarks2.1_basic/svp_simple_011/_mt_svp_simple_011_001_result/_cs_svp_simple_011_001_global_var1_wrw_mt_svp_simple_011_001.c line 318 function main thread 0
----------------------------------------------------
  __cs_thread_index=1 (01)

State 46 file /home/dell/zyworkspace/nichecker/Experiment/remarks2.1_basic/svp_simple_011/_mt_svp_simple_011_001_result/_cs_svp_simple_011_001_global_var1_wrw_mt_svp_simple_011_001.c line 320 function main thread 0
----------------------------------------------------
  __cs_pc_cs[1l]=4 (0100)

State 51 file /home/dell/zyworkspace/nichecker/Experiment/remarks2.1_basic/svp_simple_011/_mt_svp_simple_011_001_result/_cs_svp_simple_011_001_global_var1_wrw_mt_svp_simple_011_001.c line 326 function main thread 0
----------------------------------------------------
  __cs_param_main_task_arg=NULL (0000000000000000000000000000000000000000000000000000000000000000)

State 56 file /home/dell/zyworkspace/nichecker/Experiment/remarks2.1_basic/svp_simple_011/_mt_svp_simple_011_001_result/_cs_svp_simple_011_001_global_var1_wrw_mt_svp_simple_011_001.c line 184 function main_task_0 thread 0
----------------------------------------------------
  __cs_disable_thread[2l]=0 (0)

State 57 file /home/dell/zyworkspace/nichecker/Experiment/remarks2.1_basic/svp_simple_011/_mt_svp_simple_011_001_result/_cs_svp_simple_011_001_global_var1_wrw_mt_svp_simple_011_001.c line 187 function main_task_0 thread 0
----------------------------------------------------
  __cs_disable_thread[0l]=0 (0)

State 59 file /home/dell/zyworkspace/nichecker/Experiment/remarks2.1_basic/svp_simple_011/_mt_svp_simple_011_001_result/_cs_svp_simple_011_001_global_var1_wrw_mt_svp_simple_011_001.c line 198 function main_task_0 thread 0
----------------------------------------------------
  __cs_local_main_task_p=&svp_simple_011_001_global_var1 (0000001000000000000000000000000000000000000000000000000000000000)

State 61 file /home/dell/zyworkspace/nichecker/Experiment/remarks2.1_basic/svp_simple_011/_mt_svp_simple_011_001_result/_cs_svp_simple_011_001_global_var1_wrw_mt_svp_simple_011_001.c line 204 function main_task_0 thread 0
----------------------------------------------------
  __cs_local_main_task_q=&svp_simple_011_001_global_var1 (0000001000000000000000000000000000000000000000000000000000000000)

State 63 file /home/dell/zyworkspace/nichecker/Experiment/remarks2.1_basic/svp_simple_011/_mt_svp_simple_011_001_result/_cs_svp_simple_011_001_global_var1_wrw_mt_svp_simple_011_001.c line 209 function main_task_0 thread 0
----------------------------------------------------
  svp_simple_011_001_global_var1=1 (00000000000000000000000000000001)

State 66 file /home/dell/zyworkspace/nichecker/Experiment/remarks2.1_basic/svp_simple_011/_mt_svp_simple_011_001_result/_cs_svp_simple_011_001_global_var1_wrw_mt_svp_simple_011_001.c line 215 function main_task_0 thread 0
----------------------------------------------------
  wrw_a_1_num=1 (00000000000000000000000000000001)

State 67 file /home/dell/zyworkspace/nichecker/Experiment/remarks2.1_basic/svp_simple_011/_mt_svp_simple_011_001_result/_cs_svp_simple_011_001_global_var1_wrw_mt_svp_simple_011_001.c line 216 function main_task_0 thread 0
----------------------------------------------------
  wrw_a_1=0 (00000000000000000000000000000000)

State 75 file /home/dell/zyworkspace/nichecker/Experiment/remarks2.1_basic/svp_simple_011/_mt_svp_simple_011_001_result/_cs_svp_simple_011_001_global_var1_wrw_mt_svp_simple_011_001.c line 266 function main_task_0 thread 0
----------------------------------------------------
  __cs_value_ptr=NULL (0000000000000000000000000000000000000000000000000000000000000000)

State 80 file /home/dell/zyworkspace/nichecker/Experiment/remarks2.1_basic/svp_simple_011/_mt_svp_simple_011_001_result/_cs_svp_simple_011_001_global_var1_wrw_mt_svp_simple_011_001.c line 328 function main thread 0
----------------------------------------------------
  __cs_pc[1l]=4 (0100)

State 81 file /home/dell/zyworkspace/nichecker/Experiment/remarks2.1_basic/svp_simple_011/_mt_svp_simple_011_001_result/_cs_svp_simple_011_001_global_var1_wrw_mt_svp_simple_011_001.c line 334 function main thread 0
----------------------------------------------------
  __cs_tmp_t2_r0=1 (1)

State 83 file /home/dell/zyworkspace/nichecker/Experiment/remarks2.1_basic/svp_simple_011/_mt_svp_simple_011_001_result/_cs_svp_simple_011_001_global_var1_wrw_mt_svp_simple_011_001.c line 339 function main thread 0
----------------------------------------------------
  __cs_thread_index=2 (10)

State 84 file /home/dell/zyworkspace/nichecker/Experiment/remarks2.1_basic/svp_simple_011/_mt_svp_simple_011_001_result/_cs_svp_simple_011_001_global_var1_wrw_mt_svp_simple_011_001.c line 341 function main thread 0
----------------------------------------------------
  __cs_pc_cs[2l]=1 (0001)

State 89 file /home/dell/zyworkspace/nichecker/Experiment/remarks2.1_basic/svp_simple_011/_mt_svp_simple_011_001_result/_cs_svp_simple_011_001_global_var1_wrw_mt_svp_simple_011_001.c line 347 function main thread 0
----------------------------------------------------
  __cs_param_svp_simple_011_001_isr_1_arg=NULL (0000000000000000000000000000000000000000000000000000000000000000)

State 91 file /home/dell/zyworkspace/nichecker/Experiment/remarks2.1_basic/svp_simple_011/_mt_svp_simple_011_001_result/_cs_svp_simple_011_001_global_var1_wrw_mt_svp_simple_011_001.c line 281 function svp_simple_011_001_isr_1_0 thread 0
----------------------------------------------------
  __cs_local_svp_simple_011_001_isr_1_m=&svp_simple_011_001_global_var1 (0000001000000000000000000000000000000000000000000000000000000000)

State 92 file /home/dell/zyworkspace/nichecker/Experiment/remarks2.1_basic/svp_simple_011/_mt_svp_simple_011_001_result/_cs_svp_simple_011_001_global_var1_wrw_mt_svp_simple_011_001.c line 283 function svp_simple_011_001_isr_1_0 thread 0
----------------------------------------------------
  __cs_local_svp_simple_011_001_isr_1_reader1=1 (00000000000000000000000000000001)

State 94 file /home/dell/zyworkspace/nichecker/Experiment/remarks2.1_basic/svp_simple_011/_mt_svp_simple_011_001_result/_cs_svp_simple_011_001_global_var1_wrw_mt_svp_simple_011_001.c line 286 function svp_simple_011_001_isr_1_0 thread 0
----------------------------------------------------
  wrw_a_1=1 (00000000000000000000000000000001)

State 95 file /home/dell/zyworkspace/nichecker/Experiment/remarks2.1_basic/svp_simple_011/_mt_svp_simple_011_001_result/_cs_svp_simple_011_001_global_var1_wrw_mt_svp_simple_011_001.c line 291 function svp_simple_011_001_isr_1_0 thread 0
----------------------------------------------------
  __cs_local_svp_simple_011_001_isr_1_reader2=0 (00000000000000000000000000000000)

State 99 file /home/dell/zyworkspace/nichecker/Experiment/remarks2.1_basic/svp_simple_011/_mt_svp_simple_011_001_result/_cs_svp_simple_011_001_global_var1_wrw_mt_svp_simple_011_001.c line 302 function svp_simple_011_001_isr_1_0 thread 0
----------------------------------------------------
  __cs_value_ptr=NULL (0000000000000000000000000000000000000000000000000000000000000000)

State 104 file /home/dell/zyworkspace/nichecker/Experiment/remarks2.1_basic/svp_simple_011/_mt_svp_simple_011_001_result/_cs_svp_simple_011_001_global_var1_wrw_mt_svp_simple_011_001.c line 349 function main thread 0
----------------------------------------------------
  __cs_pc[2l]=1 (0001)

State 105 file /home/dell/zyworkspace/nichecker/Experiment/remarks2.1_basic/svp_simple_011/_mt_svp_simple_011_001_result/_cs_svp_simple_011_001_global_var1_wrw_mt_svp_simple_011_001.c line 359 function main thread 0
----------------------------------------------------
  __cs_tmp_t1_r1=9 (1001)

State 107 file /home/dell/zyworkspace/nichecker/Experiment/remarks2.1_basic/svp_simple_011/_mt_svp_simple_011_001_result/_cs_svp_simple_011_001_global_var1_wrw_mt_svp_simple_011_001.c line 364 function main thread 0
----------------------------------------------------
  __cs_thread_index=1 (01)

State 108 file /home/dell/zyworkspace/nichecker/Experiment/remarks2.1_basic/svp_simple_011/_mt_svp_simple_011_001_result/_cs_svp_simple_011_001_global_var1_wrw_mt_svp_simple_011_001.c line 366 function main thread 0
----------------------------------------------------
  __cs_pc_cs[1l]=9 (1001)

State 113 file /home/dell/zyworkspace/nichecker/Experiment/remarks2.1_basic/svp_simple_011/_mt_svp_simple_011_001_result/_cs_svp_simple_011_001_global_var1_wrw_mt_svp_simple_011_001.c line 372 function main thread 0
----------------------------------------------------
  __cs_param_main_task_arg=NULL (0000000000000000000000000000000000000000000000000000000000000000)

State 119 file /home/dell/zyworkspace/nichecker/Experiment/remarks2.1_basic/svp_simple_011/_mt_svp_simple_011_001_result/_cs_svp_simple_011_001_global_var1_wrw_mt_svp_simple_011_001.c line 224 function main_task_0 thread 0
----------------------------------------------------
  svp_simple_011_001_global_var1=2 (00000000000000000000000000000010)

Violated property:
  file /home/dell/zyworkspace/nichecker/Experiment/remarks2.1_basic/svp_simple_011/_mt_svp_simple_011_001_result/_cs_svp_simple_011_001_global_var1_wrw_mt_svp_simple_011_001.c line 228 function main_task_0
  assertion wrw_a_1 == 0
  wrw_a_1 == 0


** 1 of 2 failed (2 iterations)
VERIFICATION FAILED
