CBMC version 5.6 64-bit x86_64 linux
Parsing /home/dell/zyworkspace/nichecker/Experiment/remarks2.1/svp_simple_022/_mt_svp_simple_022_001_result/_cs_svp_simple_022_001_global_var1_rww_mt_svp_simple_022_001.c
<command-line>: warning: "__STDC_VERSION__" redefined
<built-in>: note: this is the location of the previous definition
Converting
Type-checking _cs_svp_simple_022_001_global_var1_rww_mt_svp_simple_022_001
file /home/dell/zyworkspace/nichecker/Experiment/remarks2.1/svp_simple_022/_mt_svp_simple_022_001_result/_cs_svp_simple_022_001_global_var1_rww_mt_svp_simple_022_001.c line 192 function svp_simple_022_001_isr_1_0: function `nondet_rand' is not declared
file /home/dell/zyworkspace/nichecker/Experiment/remarks2.1/svp_simple_022/_mt_svp_simple_022_001_result/_cs_svp_simple_022_001_global_var1_rww_mt_svp_simple_022_001.c line 255 function main_task_0: function `assert' is not declared
Generating GOTO Program
Adding CPROVER library (x86_64)
Removal of function pointers and virtual functions
Partial Inlining
Generic Property Instrumentation
Starting Bounded Model Checking
**** WARNING: no body for function enable_isr
size of program expression: 393 steps
simple slicing removed 45 assignments
Generated 3 VCC(s), 3 remaining after simplification
Passing problem to propositional reduction
converting SSA
Running propositional reduction
Post-processing
Solving with MiniSAT 2.2.1 with simplifier
1525 variables, 3472 clauses
SAT checker: instance is SATISFIABLE
Solving with MiniSAT 2.2.1 with simplifier
1525 variables, 892 clauses
SAT checker inconsistent: instance is UNSATISFIABLE
Runtime decision procedure: 0.011s

** Results:
[main_task_0.assertion.1] assertion rww_w1 == rww_r_tmp1: SUCCESS
[main_task_0.assertion.2] assertion rww_w1 == rww_r_tmp1: FAILURE

Trace for main_task_0.assertion.2:

State 42 file /home/dell/zyworkspace/nichecker/Experiment/remarks2.1/svp_simple_022/_mt_svp_simple_022_001_result/_cs_svp_simple_022_001_global_var1_rww_mt_svp_simple_022_001.c line 336 function main thread 0
----------------------------------------------------
  __cs_tmp_t1_r0=1 (001)

State 44 file /home/dell/zyworkspace/nichecker/Experiment/remarks2.1/svp_simple_022/_mt_svp_simple_022_001_result/_cs_svp_simple_022_001_global_var1_rww_mt_svp_simple_022_001.c line 340 function main thread 0
----------------------------------------------------
  __cs_thread_index=1 (01)

State 45 file /home/dell/zyworkspace/nichecker/Experiment/remarks2.1/svp_simple_022/_mt_svp_simple_022_001_result/_cs_svp_simple_022_001_global_var1_rww_mt_svp_simple_022_001.c line 342 function main thread 0
----------------------------------------------------
  __cs_pc_cs[1l]=1 (001)

State 50 file /home/dell/zyworkspace/nichecker/Experiment/remarks2.1/svp_simple_022/_mt_svp_simple_022_001_result/_cs_svp_simple_022_001_global_var1_rww_mt_svp_simple_022_001.c line 348 function main thread 0
----------------------------------------------------
  __cs_param_main_task_arg=NULL (0000000000000000000000000000000000000000000000000000000000000000)

State 52 file /home/dell/zyworkspace/nichecker/Experiment/remarks2.1/svp_simple_022/_mt_svp_simple_022_001_result/_cs_svp_simple_022_001_global_var1_rww_mt_svp_simple_022_001.c line 212 function main_task_0 thread 0
----------------------------------------------------
  svp_simple_022_001_global_var1=0 (00000000000000000000000000000000)

State 56 file /home/dell/zyworkspace/nichecker/Experiment/remarks2.1/svp_simple_022/_mt_svp_simple_022_001_result/_cs_svp_simple_022_001_global_var1_rww_mt_svp_simple_022_001.c line 218 function main_task_0 thread 0
----------------------------------------------------
  __cs_disable_thread[2l]=0 (0)

State 57 file /home/dell/zyworkspace/nichecker/Experiment/remarks2.1/svp_simple_022/_mt_svp_simple_022_001_result/_cs_svp_simple_022_001_global_var1_rww_mt_svp_simple_022_001.c line 221 function main_task_0 thread 0
----------------------------------------------------
  __cs_disable_thread[0l]=0 (0)

State 64 file /home/dell/zyworkspace/nichecker/Experiment/remarks2.1/svp_simple_022/_mt_svp_simple_022_001_result/_cs_svp_simple_022_001_global_var1_rww_mt_svp_simple_022_001.c line 324 function main_task_0 thread 0
----------------------------------------------------
  __cs_value_ptr=NULL (0000000000000000000000000000000000000000000000000000000000000000)

State 69 file /home/dell/zyworkspace/nichecker/Experiment/remarks2.1/svp_simple_022/_mt_svp_simple_022_001_result/_cs_svp_simple_022_001_global_var1_rww_mt_svp_simple_022_001.c line 350 function main thread 0
----------------------------------------------------
  __cs_pc[1l]=1 (001)

State 70 file /home/dell/zyworkspace/nichecker/Experiment/remarks2.1/svp_simple_022/_mt_svp_simple_022_001_result/_cs_svp_simple_022_001_global_var1_rww_mt_svp_simple_022_001.c line 356 function main thread 0
----------------------------------------------------
  __cs_tmp_t2_r0=0 (0)

State 72 file /home/dell/zyworkspace/nichecker/Experiment/remarks2.1/svp_simple_022/_mt_svp_simple_022_001_result/_cs_svp_simple_022_001_global_var1_rww_mt_svp_simple_022_001.c line 361 function main thread 0
----------------------------------------------------
  __cs_thread_index=2 (10)

State 73 file /home/dell/zyworkspace/nichecker/Experiment/remarks2.1/svp_simple_022/_mt_svp_simple_022_001_result/_cs_svp_simple_022_001_global_var1_rww_mt_svp_simple_022_001.c line 363 function main thread 0
----------------------------------------------------
  __cs_pc_cs[2l]=0 (000)

State 78 file /home/dell/zyworkspace/nichecker/Experiment/remarks2.1/svp_simple_022/_mt_svp_simple_022_001_result/_cs_svp_simple_022_001_global_var1_rww_mt_svp_simple_022_001.c line 369 function main thread 0
----------------------------------------------------
  __cs_param_svp_simple_022_001_isr_1_arg=NULL (0000000000000000000000000000000000000000000000000000000000000000)

State 82 file /home/dell/zyworkspace/nichecker/Experiment/remarks2.1/svp_simple_022/_mt_svp_simple_022_001_result/_cs_svp_simple_022_001_global_var1_rww_mt_svp_simple_022_001.c line 203 function svp_simple_022_001_isr_1_0 thread 0
----------------------------------------------------
  __cs_value_ptr=NULL (0000000000000000000000000000000000000000000000000000000000000000)

State 87 file /home/dell/zyworkspace/nichecker/Experiment/remarks2.1/svp_simple_022/_mt_svp_simple_022_001_result/_cs_svp_simple_022_001_global_var1_rww_mt_svp_simple_022_001.c line 371 function main thread 0
----------------------------------------------------
  __cs_pc[2l]=0 (000)

State 88 file /home/dell/zyworkspace/nichecker/Experiment/remarks2.1/svp_simple_022/_mt_svp_simple_022_001_result/_cs_svp_simple_022_001_global_var1_rww_mt_svp_simple_022_001.c line 381 function main thread 0
----------------------------------------------------
  __cs_tmp_t1_r1=2 (010)

State 90 file /home/dell/zyworkspace/nichecker/Experiment/remarks2.1/svp_simple_022/_mt_svp_simple_022_001_result/_cs_svp_simple_022_001_global_var1_rww_mt_svp_simple_022_001.c line 386 function main thread 0
----------------------------------------------------
  __cs_thread_index=1 (01)

State 91 file /home/dell/zyworkspace/nichecker/Experiment/remarks2.1/svp_simple_022/_mt_svp_simple_022_001_result/_cs_svp_simple_022_001_global_var1_rww_mt_svp_simple_022_001.c line 388 function main thread 0
----------------------------------------------------
  __cs_pc_cs[1l]=2 (010)

State 96 file /home/dell/zyworkspace/nichecker/Experiment/remarks2.1/svp_simple_022/_mt_svp_simple_022_001_result/_cs_svp_simple_022_001_global_var1_rww_mt_svp_simple_022_001.c line 394 function main thread 0
----------------------------------------------------
  __cs_param_main_task_arg=NULL (0000000000000000000000000000000000000000000000000000000000000000)

State 99 file /home/dell/zyworkspace/nichecker/Experiment/remarks2.1/svp_simple_022/_mt_svp_simple_022_001_result/_cs_svp_simple_022_001_global_var1_rww_mt_svp_simple_022_001.c line 233 function main_task_0 thread 0
----------------------------------------------------
  svp_simple_022_001_global_var1=0 (00000000000000000000000000000000)

State 100 file /home/dell/zyworkspace/nichecker/Experiment/remarks2.1/svp_simple_022/_mt_svp_simple_022_001_result/_cs_svp_simple_022_001_global_var1_rww_mt_svp_simple_022_001.c line 240 function main_task_0 thread 0
----------------------------------------------------
  __cs_local_main_task___cs_tmp_if_cond_0=FALSE (00000000)

State 101 file /home/dell/zyworkspace/nichecker/Experiment/remarks2.1/svp_simple_022/_mt_svp_simple_022_001_result/_cs_svp_simple_022_001_global_var1_rww_mt_svp_simple_022_001.c line 242 function main_task_0 thread 0
----------------------------------------------------
  rww_r_tmp1_num=1 (00000000000000000000000000000001)

State 102 file /home/dell/zyworkspace/nichecker/Experiment/remarks2.1/svp_simple_022/_mt_svp_simple_022_001_result/_cs_svp_simple_022_001_global_var1_rww_mt_svp_simple_022_001.c line 243 function main_task_0 thread 0
----------------------------------------------------
  rww_r_tmp1=0 (00000000000000000000000000000000)

State 108 file /home/dell/zyworkspace/nichecker/Experiment/remarks2.1/svp_simple_022/_mt_svp_simple_022_001_result/_cs_svp_simple_022_001_global_var1_rww_mt_svp_simple_022_001.c line 324 function main_task_0 thread 0
----------------------------------------------------
  __cs_value_ptr=NULL (0000000000000000000000000000000000000000000000000000000000000000)

State 113 file /home/dell/zyworkspace/nichecker/Experiment/remarks2.1/svp_simple_022/_mt_svp_simple_022_001_result/_cs_svp_simple_022_001_global_var1_rww_mt_svp_simple_022_001.c line 396 function main thread 0
----------------------------------------------------
  __cs_pc[1l]=2 (010)

State 114 file /home/dell/zyworkspace/nichecker/Experiment/remarks2.1/svp_simple_022/_mt_svp_simple_022_001_result/_cs_svp_simple_022_001_global_var1_rww_mt_svp_simple_022_001.c line 402 function main thread 0
----------------------------------------------------
  __cs_tmp_t2_r1=1 (1)

State 116 file /home/dell/zyworkspace/nichecker/Experiment/remarks2.1/svp_simple_022/_mt_svp_simple_022_001_result/_cs_svp_simple_022_001_global_var1_rww_mt_svp_simple_022_001.c line 407 function main thread 0
----------------------------------------------------
  __cs_thread_index=2 (10)

State 117 file /home/dell/zyworkspace/nichecker/Experiment/remarks2.1/svp_simple_022/_mt_svp_simple_022_001_result/_cs_svp_simple_022_001_global_var1_rww_mt_svp_simple_022_001.c line 409 function main thread 0
----------------------------------------------------
  __cs_pc_cs[2l]=1 (001)

State 122 file /home/dell/zyworkspace/nichecker/Experiment/remarks2.1/svp_simple_022/_mt_svp_simple_022_001_result/_cs_svp_simple_022_001_global_var1_rww_mt_svp_simple_022_001.c line 415 function main thread 0
----------------------------------------------------
  __cs_param_svp_simple_022_001_isr_1_arg=NULL (0000000000000000000000000000000000000000000000000000000000000000)

State 124 file /home/dell/zyworkspace/nichecker/Experiment/remarks2.1/svp_simple_022/_mt_svp_simple_022_001_result/_cs_svp_simple_022_001_global_var1_rww_mt_svp_simple_022_001.c line 192 function svp_simple_022_001_isr_1_0 thread 0
----------------------------------------------------
  svp_simple_022_001_global_var1=1 (00000000000000000000000000000001)

State 128 file /home/dell/zyworkspace/nichecker/Experiment/remarks2.1/svp_simple_022/_mt_svp_simple_022_001_result/_cs_svp_simple_022_001_global_var1_rww_mt_svp_simple_022_001.c line 203 function svp_simple_022_001_isr_1_0 thread 0
----------------------------------------------------
  __cs_value_ptr=NULL (0000000000000000000000000000000000000000000000000000000000000000)

State 133 file /home/dell/zyworkspace/nichecker/Experiment/remarks2.1/svp_simple_022/_mt_svp_simple_022_001_result/_cs_svp_simple_022_001_global_var1_rww_mt_svp_simple_022_001.c line 417 function main thread 0
----------------------------------------------------
  __cs_pc[2l]=1 (001)

State 134 file /home/dell/zyworkspace/nichecker/Experiment/remarks2.1/svp_simple_022/_mt_svp_simple_022_001_result/_cs_svp_simple_022_001_global_var1_rww_mt_svp_simple_022_001.c line 421 function main thread 0
----------------------------------------------------
  __cs_tmp_t1_r2=5u (00000000000000000000000000000101)

State 136 file /home/dell/zyworkspace/nichecker/Experiment/remarks2.1/svp_simple_022/_mt_svp_simple_022_001_result/_cs_svp_simple_022_001_global_var1_rww_mt_svp_simple_022_001.c line 426 function main thread 0
----------------------------------------------------
  __cs_thread_index=1 (01)

State 137 file /home/dell/zyworkspace/nichecker/Experiment/remarks2.1/svp_simple_022/_mt_svp_simple_022_001_result/_cs_svp_simple_022_001_global_var1_rww_mt_svp_simple_022_001.c line 428 function main thread 0
----------------------------------------------------
  __cs_pc_cs[1l]=5 (101)

State 142 file /home/dell/zyworkspace/nichecker/Experiment/remarks2.1/svp_simple_022/_mt_svp_simple_022_001_result/_cs_svp_simple_022_001_global_var1_rww_mt_svp_simple_022_001.c line 434 function main thread 0
----------------------------------------------------
  __cs_param_main_task_arg=NULL (0000000000000000000000000000000000000000000000000000000000000000)

State 147 file /home/dell/zyworkspace/nichecker/Experiment/remarks2.1/svp_simple_022/_mt_svp_simple_022_001_result/_cs_svp_simple_022_001_global_var1_rww_mt_svp_simple_022_001.c line 266 function main_task_0 thread 0
----------------------------------------------------
  rww_w1=1 (00000000000000000000000000000001)

Violated property:
  file /home/dell/zyworkspace/nichecker/Experiment/remarks2.1/svp_simple_022/_mt_svp_simple_022_001_result/_cs_svp_simple_022_001_global_var1_rww_mt_svp_simple_022_001.c line 268 function main_task_0
  assertion rww_w1 == rww_r_tmp1
  rww_w1 == rww_r_tmp1


** 1 of 2 failed (2 iterations)
VERIFICATION FAILED
